HERest  ML Updating: Transitions Means Variances MixWeights 

 System is PLAIN
45 Logical/45 Physical Models Loaded, VecSize=39
2 MMF input files
Pruning-On[250.0 150.0 1000.0]
 Processing Data: sp015spk.mfcc; Label sp015spk.lab
 Utterance prob per frame = -7.843924e+01
 Processing Data: sp015spl.mfcc; Label sp015spl.lab
 Utterance prob per frame = -7.729795e+01
 Processing Data: sp049spk.mfcc; Label sp049spk.lab
 Utterance prob per frame = -7.725030e+01
 Processing Data: sp049spl.mfcc; Label sp049spl.lab
 Utterance prob per frame = -7.832036e+01
 Processing Data: sp087spk.mfcc; Label sp087spk.lab
 Utterance prob per frame = -8.269867e+01
 Processing Data: sp087spl.mfcc; Label sp087spl.lab
 Utterance prob per frame = -7.924851e+01
 Processing Data: sp128spk.mfcc; Label sp128spk.lab
 Utterance prob per frame = -8.072344e+01
 Processing Data: sp128spl.mfcc; Label sp128spl.lab
 Utterance prob per frame = -8.027084e+01
 Processing Data: sp172spk.mfcc; Label sp172spk.lab
 Utterance prob per frame = -8.167666e+01
 Processing Data: sp172spl.mfcc; Label sp172spl.lab
 Utterance prob per frame = -8.200086e+01
 Processing Data: sp209spk.mfcc; Label sp209spk.lab
 Utterance prob per frame = -8.436904e+01
 Processing Data: sp209spl.mfcc; Label sp209spl.lab
 Utterance prob per frame = -7.625642e+01
 Processing Data: sp246spk.mfcc; Label sp246spk.lab
 Utterance prob per frame = -6.962079e+01
 Processing Data: sp246spl.mfcc; Label sp246spl.lab
 Utterance prob per frame = -8.201984e+01
 Processing Data: sp289spk.mfcc; Label sp289spk.lab
 Utterance prob per frame = -8.045588e+01
 Processing Data: sp289spl.mfcc; Label sp289spl.lab
 Utterance prob per frame = -7.738379e+01
 Processing Data: sp328spk.mfcc; Label sp328spk.lab
 Utterance prob per frame = -8.463724e+01
 Processing Data: sp328spl.mfcc; Label sp328spl.lab
 Utterance prob per frame = -7.918551e+01
 Processing Data: sp372spk.mfcc; Label sp372spk.lab
 Utterance prob per frame = -7.723224e+01
 Processing Data: sp372spl.mfcc; Label sp372spl.lab
 Utterance prob per frame = -7.991253e+01
 Processing Data: sp413spk.mfcc; Label sp413spk.lab
 Utterance prob per frame = -8.154809e+01
 Processing Data: sp413spl.mfcc; Label sp413spl.lab
 Utterance prob per frame = -7.515393e+01
 Processing Data: sp444spk.mfcc; Label sp444spk.lab
 Utterance prob per frame = -7.710380e+01
 Processing Data: sp444spl.mfcc; Label sp444spl.lab
 Utterance prob per frame = -7.857447e+01
 Processing Data: sp485spk.mfcc; Label sp485spk.lab
 Utterance prob per frame = -7.759823e+01
 Processing Data: sp485spl.mfcc; Label sp485spl.lab
 Utterance prob per frame = -8.250248e+01
 Processing Data: sp531spk.mfcc; Label sp531spk.lab
 Utterance prob per frame = -7.937730e+01
 Processing Data: sp531spl.mfcc; Label sp531spl.lab
 Utterance prob per frame = -8.142560e+01
 Processing Data: sp566spk.mfcc; Label sp566spk.lab
 Utterance prob per frame = -8.063969e+01
 Processing Data: sp566spl.mfcc; Label sp566spl.lab
 Utterance prob per frame = -8.326834e+01
 Processing Data: sp028spk.mfcc; Label sp028spk.lab
 Utterance prob per frame = -7.535446e+01
 Processing Data: sp028spl.mfcc; Label sp028spl.lab
 Utterance prob per frame = -7.895022e+01
 Processing Data: sp061spk.mfcc; Label sp061spk.lab
 Utterance prob per frame = -7.601608e+01
 Processing Data: sp061spl.mfcc; Label sp061spl.lab
 Utterance prob per frame = -7.743318e+01
 Processing Data: sp104spk.mfcc; Label sp104spk.lab
 Utterance prob per frame = -7.761248e+01
 Processing Data: sp104spl.mfcc; Label sp104spl.lab
 Utterance prob per frame = -7.623404e+01
 Processing Data: sp149spk.mfcc; Label sp149spk.lab
 Utterance prob per frame = -7.813964e+01
 Processing Data: sp149spl.mfcc; Label sp149spl.lab
 Utterance prob per frame = -7.236554e+01
 Processing Data: sp188spk.mfcc; Label sp188spk.lab
 Utterance prob per frame = -7.593855e+01
 Processing Data: sp188spl.mfcc; Label sp188spl.lab
 Utterance prob per frame = -7.917110e+01
 Processing Data: sp223spk.mfcc; Label sp223spk.lab
 Utterance prob per frame = -7.767885e+01
 Processing Data: sp223spl.mfcc; Label sp223spl.lab
 Utterance prob per frame = -7.357119e+01
 Processing Data: sp262spk.mfcc; Label sp262spk.lab
 Utterance prob per frame = -8.174827e+01
 Processing Data: sp262spl.mfcc; Label sp262spl.lab
 Utterance prob per frame = -7.808598e+01
 Processing Data: sp303spk.mfcc; Label sp303spk.lab
 Utterance prob per frame = -8.175144e+01
 Processing Data: sp303spl.mfcc; Label sp303spl.lab
 Utterance prob per frame = -7.656335e+01
 Processing Data: sp346spk.mfcc; Label sp346spk.lab
 Utterance prob per frame = -8.093003e+01
 Processing Data: sp346spl.mfcc; Label sp346spl.lab
 Utterance prob per frame = -7.757370e+01
 Processing Data: sp385spk.mfcc; Label sp385spk.lab
 Utterance prob per frame = -8.564750e+01
 Processing Data: sp385spl.mfcc; Label sp385spl.lab
 Utterance prob per frame = -7.801287e+01
 Processing Data: sp425spk.mfcc; Label sp425spk.lab
 Utterance prob per frame = -8.394659e+01
 Processing Data: sp425spl.mfcc; Label sp425spl.lab
 Utterance prob per frame = -7.876328e+01
 Processing Data: sp456spk.mfcc; Label sp456spk.lab
 Utterance prob per frame = -7.916559e+01
 Processing Data: sp456spl.mfcc; Label sp456spl.lab
 Utterance prob per frame = -7.749164e+01
 Processing Data: sp500spk.mfcc; Label sp500spk.lab
 Utterance prob per frame = -7.847090e+01
 Processing Data: sp500spl.mfcc; Label sp500spl.lab
 Utterance prob per frame = -7.854821e+01
 Processing Data: sp543spk.mfcc; Label sp543spk.lab
 Utterance prob per frame = -7.435819e+01
 Processing Data: sp543spl.mfcc; Label sp543spl.lab
 Utterance prob per frame = -7.643550e+01
 Processing Data: sp586spk.mfcc; Label sp586spk.lab
 Utterance prob per frame = -7.953929e+01
 Processing Data: sp586spl.mfcc; Label sp586spl.lab
 Utterance prob per frame = -7.944434e+01
 Processing Data: sp036spk.mfcc; Label sp036spk.lab
 Utterance prob per frame = -7.799364e+01
 Processing Data: sp036spl.mfcc; Label sp036spl.lab
 Utterance prob per frame = -7.421366e+01
 Processing Data: sp073spk.mfcc; Label sp073spk.lab
 Utterance prob per frame = -7.436663e+01
 Processing Data: sp073spl.mfcc; Label sp073spl.lab
 Utterance prob per frame = -7.610631e+01
 Processing Data: sp113spk.mfcc; Label sp113spk.lab
 Utterance prob per frame = -8.216253e+01
 Processing Data: sp113spl.mfcc; Label sp113spl.lab
 Utterance prob per frame = -7.465562e+01
 Processing Data: sp161spk.mfcc; Label sp161spk.lab
 Utterance prob per frame = -7.880194e+01
 Processing Data: sp161spl.mfcc; Label sp161spl.lab
 Utterance prob per frame = -7.603176e+01
 Processing Data: sp199spk.mfcc; Label sp199spk.lab
 Utterance prob per frame = -7.991837e+01
 Processing Data: sp199spl.mfcc; Label sp199spl.lab
 Utterance prob per frame = -7.686762e+01
 Processing Data: sp234spk.mfcc; Label sp234spk.lab
 Utterance prob per frame = -8.253439e+01
 Processing Data: sp234spl.mfcc; Label sp234spl.lab
 Utterance prob per frame = -7.427635e+01
 Processing Data: sp271spk.mfcc; Label sp271spk.lab
 Utterance prob per frame = -7.660916e+01
 Processing Data: sp271spl.mfcc; Label sp271spl.lab
 Utterance prob per frame = -7.704061e+01
 Processing Data: sp310spk.mfcc; Label sp310spk.lab
 Utterance prob per frame = -7.650072e+01
 Processing Data: sp310spl.mfcc; Label sp310spl.lab
 Utterance prob per frame = -7.482458e+01
 Processing Data: sp361spk.mfcc; Label sp361spk.lab
 Utterance prob per frame = -7.752866e+01
 Processing Data: sp361spl.mfcc; Label sp361spl.lab
 Utterance prob per frame = -7.777143e+01
 Processing Data: sp404spk.mfcc; Label sp404spk.lab
 Utterance prob per frame = -8.242317e+01
 Processing Data: sp404spl.mfcc; Label sp404spl.lab
 Utterance prob per frame = -7.639721e+01
 Processing Data: sp434spk.mfcc; Label sp434spk.lab
 Utterance prob per frame = -8.065747e+01
 Processing Data: sp434spl.mfcc; Label sp434spl.lab
 Utterance prob per frame = -7.614958e+01
 Processing Data: sp470spk.mfcc; Label sp470spk.lab
 Utterance prob per frame = -7.121314e+01
 Processing Data: sp470spl.mfcc; Label sp470spl.lab
 Utterance prob per frame = -7.350669e+01
 Processing Data: sp517spk.mfcc; Label sp517spk.lab
 Utterance prob per frame = -7.074840e+01
 Processing Data: sp517spl.mfcc; Label sp517spl.lab
 Utterance prob per frame = -7.619322e+01
 Processing Data: sp551spk.mfcc; Label sp551spk.lab
 Utterance prob per frame = -7.599271e+01
 Processing Data: sp551spl.mfcc; Label sp551spl.lab
 Utterance prob per frame = -7.336480e+01
 Processing Data: sp600spk.mfcc; Label sp600spk.lab
 Utterance prob per frame = -7.727292e+01
 Processing Data: sp600spl.mfcc; Label sp600spl.lab
 Utterance prob per frame = -7.393070e+01
 Processing Data: sp035spk.mfcc; Label sp035spk.lab
 Utterance prob per frame = -7.944691e+01
 Processing Data: sp035spl.mfcc; Label sp035spl.lab
 Utterance prob per frame = -7.959155e+01
 Processing Data: sp072spk.mfcc; Label sp072spk.lab
 Utterance prob per frame = -7.525866e+01
 Processing Data: sp072spl.mfcc; Label sp072spl.lab
 Utterance prob per frame = -7.677626e+01
 Processing Data: sp112spk.mfcc; Label sp112spk.lab
 Utterance prob per frame = -8.329142e+01
 Processing Data: sp112spl.mfcc; Label sp112spl.lab
 Utterance prob per frame = -7.649351e+01
 Processing Data: sp156spk.mfcc; Label sp156spk.lab
 Utterance prob per frame = -8.307376e+01
 Processing Data: sp156spl.mfcc; Label sp156spl.lab
 Utterance prob per frame = -7.467551e+01
 Processing Data: sp195spk.mfcc; Label sp195spk.lab
 Utterance prob per frame = -7.434929e+01
 Processing Data: sp195spl.mfcc; Label sp195spl.lab
 Utterance prob per frame = -7.711096e+01
 Processing Data: sp232spk.mfcc; Label sp232spk.lab
 Utterance prob per frame = -8.259992e+01
 Processing Data: sp232spl.mfcc; Label sp232spl.lab
 Utterance prob per frame = -8.182716e+01
 Processing Data: sp270spk.mfcc; Label sp270spk.lab
 Utterance prob per frame = -7.723816e+01
 Processing Data: sp270spl.mfcc; Label sp270spl.lab
 Utterance prob per frame = -7.631672e+01
 Processing Data: sp309spk.mfcc; Label sp309spk.lab
 Utterance prob per frame = -8.008738e+01
 Processing Data: sp309spl.mfcc; Label sp309spl.lab
 Utterance prob per frame = -7.766746e+01
 Processing Data: sp358spk.mfcc; Label sp358spk.lab
 Utterance prob per frame = -7.680571e+01
 Processing Data: sp358spl.mfcc; Label sp358spl.lab
 Utterance prob per frame = -7.772923e+01
 Processing Data: sp392spk.mfcc; Label sp392spk.lab
 Utterance prob per frame = -8.207184e+01
 Processing Data: sp392spl.mfcc; Label sp392spl.lab
 Utterance prob per frame = -7.928582e+01
 Processing Data: sp432spk.mfcc; Label sp432spk.lab
 Utterance prob per frame = -8.266952e+01
 Processing Data: sp432spl.mfcc; Label sp432spl.lab
 Utterance prob per frame = -7.712805e+01
 Processing Data: sp467spk.mfcc; Label sp467spk.lab
 Utterance prob per frame = -7.871831e+01
 Processing Data: sp467spl.mfcc; Label sp467spl.lab
 Utterance prob per frame = -7.964751e+01
 Processing Data: sp516spk.mfcc; Label sp516spk.lab
 Utterance prob per frame = -7.079992e+01
 Processing Data: sp516spl.mfcc; Label sp516spl.lab
 Utterance prob per frame = -7.606595e+01
 Processing Data: sp549spk.mfcc; Label sp549spk.lab
 Utterance prob per frame = -7.350226e+01
 Processing Data: sp549spl.mfcc; Label sp549spl.lab
 Utterance prob per frame = -7.640087e+01
 Processing Data: sp598spk.mfcc; Label sp598spk.lab
 Utterance prob per frame = -8.241917e+01
 Processing Data: sp598spl.mfcc; Label sp598spl.lab
 Utterance prob per frame = -7.878511e+01
 Processing Data: sp018spk.mfcc; Label sp018spk.lab
 Utterance prob per frame = -8.271055e+01
 Processing Data: sp018spl.mfcc; Label sp018spl.lab
 Utterance prob per frame = -7.758121e+01
 Processing Data: sp052spk.mfcc; Label sp052spk.lab
 Utterance prob per frame = -8.174894e+01
 Processing Data: sp052spl.mfcc; Label sp052spl.lab
 Utterance prob per frame = -7.730522e+01
 Processing Data: sp090spk.mfcc; Label sp090spk.lab
 Utterance prob per frame = -7.576242e+01
 Processing Data: sp090spl.mfcc; Label sp090spl.lab
 Utterance prob per frame = -7.588678e+01
 Processing Data: sp130spk.mfcc; Label sp130spk.lab
 Utterance prob per frame = -8.246422e+01
 Processing Data: sp130spl.mfcc; Label sp130spl.lab
 Utterance prob per frame = -7.719203e+01
 Processing Data: sp176spk.mfcc; Label sp176spk.lab
 Utterance prob per frame = -8.364899e+01
 Processing Data: sp176spl.mfcc; Label sp176spl.lab
 Utterance prob per frame = -7.846703e+01
 Processing Data: sp211spk.mfcc; Label sp211spk.lab
 Utterance prob per frame = -8.005620e+01
 Processing Data: sp211spl.mfcc; Label sp211spl.lab
 Utterance prob per frame = -7.772812e+01
 Processing Data: sp248spk.mfcc; Label sp248spk.lab
 Utterance prob per frame = -7.502965e+01
 Processing Data: sp248spl.mfcc; Label sp248spl.lab
 Utterance prob per frame = -7.654223e+01
 Processing Data: sp291spk.mfcc; Label sp291spk.lab
 Utterance prob per frame = -7.723098e+01
 Processing Data: sp291spl.mfcc; Label sp291spl.lab
 Utterance prob per frame = -7.892297e+01
 Processing Data: sp331spk.mfcc; Label sp331spk.lab
 Utterance prob per frame = -8.375477e+01
 Processing Data: sp331spl.mfcc; Label sp331spl.lab
 Utterance prob per frame = -7.892641e+01
 Processing Data: sp374spk.mfcc; Label sp374spk.lab
 Utterance prob per frame = -8.255999e+01
 Processing Data: sp374spl.mfcc; Label sp374spl.lab
 Utterance prob per frame = -7.930471e+01
 Processing Data: sp418spk.mfcc; Label sp418spk.lab
 Utterance prob per frame = -8.336484e+01
 Processing Data: sp418spl.mfcc; Label sp418spl.lab
 Utterance prob per frame = -8.045773e+01
 Processing Data: sp446spk.mfcc; Label sp446spk.lab
 Utterance prob per frame = -7.985426e+01
 Processing Data: sp446spl.mfcc; Label sp446spl.lab
 Utterance prob per frame = -7.956868e+01
 Processing Data: sp487spk.mfcc; Label sp487spk.lab
 Utterance prob per frame = -7.718682e+01
 Processing Data: sp487spl.mfcc; Label sp487spl.lab
 Utterance prob per frame = -7.787872e+01
 Processing Data: sp532spk.mfcc; Label sp532spk.lab
 Utterance prob per frame = -7.259454e+01
 Processing Data: sp532spl.mfcc; Label sp532spl.lab
 Utterance prob per frame = -7.736425e+01
 Processing Data: sp567spk.mfcc; Label sp567spk.lab
 Utterance prob per frame = -8.559899e+01
 Processing Data: sp567spl.mfcc; Label sp567spl.lab
 Utterance prob per frame = -7.869764e+01
 Processing Data: sp001spk.mfcc; Label sp001spk.lab
 Utterance prob per frame = -8.449993e+01
 Processing Data: sp001spl.mfcc; Label sp001spl.lab
 Utterance prob per frame = -7.816962e+01
 Processing Data: sp037spk.mfcc; Label sp037spk.lab
 Utterance prob per frame = -8.841514e+01
 Processing Data: sp037spl.mfcc; Label sp037spl.lab
 Utterance prob per frame = -7.526642e+01
 Processing Data: sp076spk.mfcc; Label sp076spk.lab
 Utterance prob per frame = -7.511990e+01
 Processing Data: sp076spl.mfcc; Label sp076spl.lab
 Utterance prob per frame = -7.624388e+01
 Processing Data: sp117spk.mfcc; Label sp117spk.lab
 Utterance prob per frame = -8.176407e+01
 Processing Data: sp117spl.mfcc; Label sp117spl.lab
 Utterance prob per frame = -7.408798e+01
 Processing Data: sp162spk.mfcc; Label sp162spk.lab
 Utterance prob per frame = -8.166697e+01
 Processing Data: sp162spl.mfcc; Label sp162spl.lab
 Utterance prob per frame = -7.501713e+01
 Processing Data: sp200spk.mfcc; Label sp200spk.lab
 Utterance prob per frame = -7.761383e+01
 Processing Data: sp200spl.mfcc; Label sp200spl.lab
 Utterance prob per frame = -7.497944e+01
 Processing Data: sp235spk.mfcc; Label sp235spk.lab
 Utterance prob per frame = -8.671108e+01
 Processing Data: sp235spl.mfcc; Label sp235spl.lab
 Utterance prob per frame = -7.823169e+01
 Processing Data: sp274spk.mfcc; Label sp274spk.lab
 Utterance prob per frame = -8.142988e+01
 Processing Data: sp274spl.mfcc; Label sp274spl.lab
 Utterance prob per frame = -7.869827e+01
 Processing Data: sp315spk.mfcc; Label sp315spk.lab
 Utterance prob per frame = -7.874809e+01
 Processing Data: sp315spl.mfcc; Label sp315spl.lab
 Utterance prob per frame = -7.787011e+01
 Processing Data: sp363spk.mfcc; Label sp363spk.lab
 Utterance prob per frame = -7.939320e+01
 Processing Data: sp363spl.mfcc; Label sp363spl.lab
 Utterance prob per frame = -7.889786e+01
 Processing Data: sp405spk.mfcc; Label sp405spk.lab
 Utterance prob per frame = -7.875267e+01
 Processing Data: sp405spl.mfcc; Label sp405spl.lab
 Utterance prob per frame = -7.620316e+01
 Processing Data: sp435spk.mfcc; Label sp435spk.lab
 Utterance prob per frame = -8.215851e+01
 Processing Data: sp435spl.mfcc; Label sp435spl.lab
 Utterance prob per frame = -7.524154e+01
 Processing Data: sp472spk.mfcc; Label sp472spk.lab
 Utterance prob per frame = -7.800308e+01
 Processing Data: sp472spl.mfcc; Label sp472spl.lab
 Utterance prob per frame = -7.909060e+01
 Processing Data: sp518spk.mfcc; Label sp518spk.lab
 Utterance prob per frame = -7.798885e+01
 Processing Data: sp518spl.mfcc; Label sp518spl.lab
 Utterance prob per frame = -7.909473e+01
 Processing Data: sp555spk.mfcc; Label sp555spk.lab
 Utterance prob per frame = -8.451473e+01
 Processing Data: sp555spl.mfcc; Label sp555spl.lab
 Utterance prob per frame = -7.544382e+01
 Processing Data: sp025spk.mfcc; Label sp025spk.lab
 Utterance prob per frame = -8.685535e+01
 Processing Data: sp025spl.mfcc; Label sp025spl.lab
 Utterance prob per frame = -8.149044e+01
 Processing Data: sp058spk.mfcc; Label sp058spk.lab
 Utterance prob per frame = -8.842228e+01
 Processing Data: sp058spl.mfcc; Label sp058spl.lab
 Utterance prob per frame = -8.462949e+01
 Processing Data: sp100spk.mfcc; Label sp100spk.lab
 Utterance prob per frame = -8.447290e+01
 Processing Data: sp100spl.mfcc; Label sp100spl.lab
 Utterance prob per frame = -8.334012e+01
 Processing Data: sp142spk.mfcc; Label sp142spk.lab
 Utterance prob per frame = -7.869449e+01
 Processing Data: sp142spl.mfcc; Label sp142spl.lab
 Utterance prob per frame = -8.219974e+01
 Processing Data: sp185spk.mfcc; Label sp185spk.lab
 Utterance prob per frame = -7.850987e+01
 Processing Data: sp185spl.mfcc; Label sp185spl.lab
 Utterance prob per frame = -7.866284e+01
 Processing Data: sp220spk.mfcc; Label sp220spk.lab
 Utterance prob per frame = -8.461460e+01
 Processing Data: sp220spl.mfcc; Label sp220spl.lab
 Utterance prob per frame = -7.881506e+01
 Processing Data: sp256spk.mfcc; Label sp256spk.lab
 Utterance prob per frame = -8.424029e+01
 Processing Data: sp256spl.mfcc; Label sp256spl.lab
 Utterance prob per frame = -8.060158e+01
 Processing Data: sp299spk.mfcc; Label sp299spk.lab
 Utterance prob per frame = -8.205888e+01
 Processing Data: sp299spl.mfcc; Label sp299spl.lab
 Utterance prob per frame = -8.435916e+01
 Processing Data: sp342spk.mfcc; Label sp342spk.lab
 Utterance prob per frame = -7.647499e+01
 Processing Data: sp342spl.mfcc; Label sp342spl.lab
 Utterance prob per frame = -7.899900e+01
 Processing Data: sp381spk.mfcc; Label sp381spk.lab
 Utterance prob per frame = -8.253775e+01
 Processing Data: sp381spl.mfcc; Label sp381spl.lab
 Utterance prob per frame = -8.057680e+01
 Processing Data: sp423spk.mfcc; Label sp423spk.lab
 Utterance prob per frame = -8.296927e+01
 Processing Data: sp423spl.mfcc; Label sp423spl.lab
 Utterance prob per frame = -8.153395e+01
 Processing Data: sp454spk.mfcc; Label sp454spk.lab
 Utterance prob per frame = -8.043473e+01
 Processing Data: sp454spl.mfcc; Label sp454spl.lab
 Utterance prob per frame = -8.156332e+01
 Processing Data: sp495spk.mfcc; Label sp495spk.lab
 Utterance prob per frame = -7.840998e+01
 Processing Data: sp495spl.mfcc; Label sp495spl.lab
 Utterance prob per frame = -8.074711e+01
 Processing Data: sp539spk.mfcc; Label sp539spk.lab
 Utterance prob per frame = -8.278115e+01
 Processing Data: sp539spl.mfcc; Label sp539spl.lab
 Utterance prob per frame = -7.916693e+01
 Processing Data: sp579spk.mfcc; Label sp579spk.lab
 Utterance prob per frame = -7.857883e+01
 Processing Data: sp579spl.mfcc; Label sp579spl.lab
 Utterance prob per frame = -8.717791e+01
 Processing Data: sp034spk.mfcc; Label sp034spk.lab
 Utterance prob per frame = -7.763969e+01
 Processing Data: sp034spl.mfcc; Label sp034spl.lab
 Utterance prob per frame = -7.345351e+01
 Processing Data: sp069spk.mfcc; Label sp069spk.lab
 Utterance prob per frame = -8.012122e+01
 Processing Data: sp069spl.mfcc; Label sp069spl.lab
 Utterance prob per frame = -7.288345e+01
 Processing Data: sp109spk.mfcc; Label sp109spk.lab
 Utterance prob per frame = -7.568450e+01
 Processing Data: sp109spl.mfcc; Label sp109spl.lab
 Utterance prob per frame = -7.186242e+01
 Processing Data: sp153spk.mfcc; Label sp153spk.lab
 Utterance prob per frame = -7.774427e+01
 Processing Data: sp153spl.mfcc; Label sp153spl.lab
 Utterance prob per frame = -7.406536e+01
 Processing Data: sp194spk.mfcc; Label sp194spk.lab
 Utterance prob per frame = -7.867823e+01
 Processing Data: sp194spl.mfcc; Label sp194spl.lab
 Utterance prob per frame = -7.520040e+01
 Processing Data: sp229spk.mfcc; Label sp229spk.lab
 Utterance prob per frame = -7.726542e+01
 Processing Data: sp229spl.mfcc; Label sp229spl.lab
 Utterance prob per frame = -7.531745e+01
 Processing Data: sp269spk.mfcc; Label sp269spk.lab
 Utterance prob per frame = -7.025407e+01
 Processing Data: sp269spl.mfcc; Label sp269spl.lab
 Utterance prob per frame = -7.423609e+01
 Processing Data: sp308spk.mfcc; Label sp308spk.lab
 Utterance prob per frame = -7.490601e+01
 Processing Data: sp308spl.mfcc; Label sp308spl.lab
 Utterance prob per frame = -7.570082e+01
 Processing Data: sp355spk.mfcc; Label sp355spk.lab
 Utterance prob per frame = -7.801871e+01
 Processing Data: sp355spl.mfcc; Label sp355spl.lab
 Utterance prob per frame = -7.926812e+01
 Processing Data: sp391spk.mfcc; Label sp391spk.lab
 Utterance prob per frame = -7.442935e+01
 Processing Data: sp391spl.mfcc; Label sp391spl.lab
 Utterance prob per frame = -7.351189e+01
 Processing Data: sp431spk.mfcc; Label sp431spk.lab
 Utterance prob per frame = -7.518146e+01
 Processing Data: sp431spl.mfcc; Label sp431spl.lab
 Utterance prob per frame = -7.612502e+01
 Processing Data: sp466spk.mfcc; Label sp466spk.lab
 Utterance prob per frame = -7.728002e+01
 Processing Data: sp466spl.mfcc; Label sp466spl.lab
 Utterance prob per frame = -7.670249e+01
 Processing Data: sp514spk.mfcc; Label sp514spk.lab
 Utterance prob per frame = -7.210859e+01
 Processing Data: sp514spl.mfcc; Label sp514spl.lab
 Utterance prob per frame = -7.836140e+01
 Processing Data: sp548spk.mfcc; Label sp548spk.lab
 Utterance prob per frame = -7.490912e+01
 Processing Data: sp548spl.mfcc; Label sp548spl.lab
 Utterance prob per frame = -7.576890e+01
 Processing Data: sp594spk.mfcc; Label sp594spk.lab
 Utterance prob per frame = -8.026609e+01
 Processing Data: sp594spl.mfcc; Label sp594spl.lab
 Utterance prob per frame = -7.406097e+01
 Processing Data: sp034spk.mfcc; Label sp034spk.lab
 Utterance prob per frame = -8.185629e+01
 Processing Data: sp034spl.mfcc; Label sp034spl.lab
 Utterance prob per frame = -7.710459e+01
 Processing Data: sp069spk.mfcc; Label sp069spk.lab
 Utterance prob per frame = -8.190261e+01
 Processing Data: sp069spl.mfcc; Label sp069spl.lab
 Utterance prob per frame = -7.571392e+01
 Processing Data: sp109spk.mfcc; Label sp109spk.lab
 Utterance prob per frame = -8.017384e+01
 Processing Data: sp109spl.mfcc; Label sp109spl.lab
 Utterance prob per frame = -7.332915e+01
 Processing Data: sp153spk.mfcc; Label sp153spk.lab
 Utterance prob per frame = -7.951528e+01
 Processing Data: sp153spl.mfcc; Label sp153spl.lab
 Utterance prob per frame = -7.507863e+01
 Processing Data: sp194spk.mfcc; Label sp194spk.lab
 Utterance prob per frame = -7.924140e+01
 Processing Data: sp194spl.mfcc; Label sp194spl.lab
 Utterance prob per frame = -7.630265e+01
 Processing Data: sp229spk.mfcc; Label sp229spk.lab
 Utterance prob per frame = -7.969605e+01
 Processing Data: sp229spl.mfcc; Label sp229spl.lab
 Utterance prob per frame = -7.565500e+01
 Processing Data: sp269spk.mfcc; Label sp269spk.lab
 Utterance prob per frame = -8.049011e+01
 Processing Data: sp269spl.mfcc; Label sp269spl.lab
 Utterance prob per frame = -7.711165e+01
 Processing Data: sp308spk.mfcc; Label sp308spk.lab
 Utterance prob per frame = -7.616425e+01
 Processing Data: sp308spl.mfcc; Label sp308spl.lab
 Utterance prob per frame = -7.769891e+01
 Processing Data: sp355spk.mfcc; Label sp355spk.lab
 Utterance prob per frame = -7.861884e+01
 Processing Data: sp355spl.mfcc; Label sp355spl.lab
 Utterance prob per frame = -7.729720e+01
 Processing Data: sp391spk.mfcc; Label sp391spk.lab
 Utterance prob per frame = -7.710082e+01
 Processing Data: sp391spl.mfcc; Label sp391spl.lab
 Utterance prob per frame = -8.048737e+01
 Processing Data: sp431spk.mfcc; Label sp431spk.lab
 Utterance prob per frame = -7.479879e+01
 Processing Data: sp431spl.mfcc; Label sp431spl.lab
 Utterance prob per frame = -7.310827e+01
 Processing Data: sp466spk.mfcc; Label sp466spk.lab
 Utterance prob per frame = -7.976067e+01
 Processing Data: sp466spl.mfcc; Label sp466spl.lab
 Utterance prob per frame = -7.409553e+01
 Processing Data: sp514spk.mfcc; Label sp514spk.lab
 Utterance prob per frame = -8.064835e+01
 Processing Data: sp514spl.mfcc; Label sp514spl.lab
 Utterance prob per frame = -7.508609e+01
 Processing Data: sp548spk.mfcc; Label sp548spk.lab
 Utterance prob per frame = -8.073606e+01
 Processing Data: sp548spl.mfcc; Label sp548spl.lab
 Utterance prob per frame = -7.300537e+01
 Processing Data: sp594spk.mfcc; Label sp594spk.lab
 Utterance prob per frame = -7.851480e+01
 Processing Data: sp594spl.mfcc; Label sp594spl.lab
 Utterance prob per frame = -7.499979e+01
 Processing Data: sp007spk.mfcc; Label sp007spk.lab
 Utterance prob per frame = -7.854850e+01
 Processing Data: sp007spl.mfcc; Label sp007spl.lab
 Utterance prob per frame = -7.405552e+01
 Processing Data: sp044spk.mfcc; Label sp044spk.lab
 Utterance prob per frame = -7.515985e+01
 Processing Data: sp044spl.mfcc; Label sp044spl.lab
 Utterance prob per frame = -7.540377e+01
 Processing Data: sp081spk.mfcc; Label sp081spk.lab
 Utterance prob per frame = -7.464892e+01
 Processing Data: sp081spl.mfcc; Label sp081spl.lab
 Utterance prob per frame = -7.824403e+01
 Processing Data: sp120spk.mfcc; Label sp120spk.lab
 Utterance prob per frame = -7.908898e+01
 Processing Data: sp120spl.mfcc; Label sp120spl.lab
 Utterance prob per frame = -7.365399e+01
 Processing Data: sp165spk.mfcc; Label sp165spk.lab
 Utterance prob per frame = -8.225196e+01
 Processing Data: sp165spl.mfcc; Label sp165spl.lab
 Utterance prob per frame = -7.422181e+01
 Processing Data: sp203spk.mfcc; Label sp203spk.lab
 Utterance prob per frame = -7.731208e+01
 Processing Data: sp203spl.mfcc; Label sp203spl.lab
 Utterance prob per frame = -7.937712e+01
 Processing Data: sp239spk.mfcc; Label sp239spk.lab
 Utterance prob per frame = -7.352125e+01
 Processing Data: sp239spl.mfcc; Label sp239spl.lab
 Utterance prob per frame = -7.596106e+01
 Processing Data: sp278spk.mfcc; Label sp278spk.lab
 Utterance prob per frame = -7.921620e+01
 Processing Data: sp278spl.mfcc; Label sp278spl.lab
 Utterance prob per frame = -7.541845e+01
 Processing Data: sp320spk.mfcc; Label sp320spk.lab
 Utterance prob per frame = -7.484152e+01
 Processing Data: sp320spl.mfcc; Label sp320spl.lab
 Utterance prob per frame = -7.835679e+01
 Processing Data: sp366spk.mfcc; Label sp366spk.lab
 Utterance prob per frame = -7.345138e+01
 Processing Data: sp366spl.mfcc; Label sp366spl.lab
 Utterance prob per frame = -8.076829e+01
 Processing Data: sp407spk.mfcc; Label sp407spk.lab
 Utterance prob per frame = -7.860811e+01
 Processing Data: sp407spl.mfcc; Label sp407spl.lab
 Utterance prob per frame = -7.511697e+01
 Processing Data: sp438spk.mfcc; Label sp438spk.lab
 Utterance prob per frame = -8.184790e+01
 Processing Data: sp438spl.mfcc; Label sp438spl.lab
 Utterance prob per frame = -7.759565e+01
 Processing Data: sp477spk.mfcc; Label sp477spk.lab
 Utterance prob per frame = -7.382950e+01
 Processing Data: sp477spl.mfcc; Label sp477spl.lab
 Utterance prob per frame = -7.663337e+01
 Processing Data: sp523spk.mfcc; Label sp523spk.lab
 Utterance prob per frame = -7.405836e+01
 Processing Data: sp523spl.mfcc; Label sp523spl.lab
 Utterance prob per frame = -7.645299e+01
 Processing Data: sp561spk.mfcc; Label sp561spk.lab
 Utterance prob per frame = -7.439118e+01
 Processing Data: sp561spl.mfcc; Label sp561spl.lab
 Utterance prob per frame = -7.682093e+01
 Processing Data: sp026spk.mfcc; Label sp026spk.lab
 Utterance prob per frame = -8.074866e+01
 Processing Data: sp026spl.mfcc; Label sp026spl.lab
 Utterance prob per frame = -7.546835e+01
 Processing Data: sp059spk.mfcc; Label sp059spk.lab
 Utterance prob per frame = -8.514288e+01
 Processing Data: sp059spl.mfcc; Label sp059spl.lab
 Utterance prob per frame = -7.753974e+01
 Processing Data: sp103spk.mfcc; Label sp103spk.lab
 Utterance prob per frame = -8.176036e+01
 Processing Data: sp103spl.mfcc; Label sp103spl.lab
 Utterance prob per frame = -7.293603e+01
 Processing Data: sp147spk.mfcc; Label sp147spk.lab
 Utterance prob per frame = -7.546455e+01
 Processing Data: sp147spl.mfcc; Label sp147spl.lab
 Utterance prob per frame = -7.601913e+01
 Processing Data: sp187spk.mfcc; Label sp187spk.lab
 Utterance prob per frame = -7.771905e+01
 Processing Data: sp187spl.mfcc; Label sp187spl.lab
 Utterance prob per frame = -7.569001e+01
 Processing Data: sp222spk.mfcc; Label sp222spk.lab
 Utterance prob per frame = -8.033484e+01
 Processing Data: sp222spl.mfcc; Label sp222spl.lab
 Utterance prob per frame = -7.537179e+01
 Processing Data: sp259spk.mfcc; Label sp259spk.lab
 Utterance prob per frame = -7.839147e+01
 Processing Data: sp259spl.mfcc; Label sp259spl.lab
 Utterance prob per frame = -7.530573e+01
 Processing Data: sp302spk.mfcc; Label sp302spk.lab
 Utterance prob per frame = -8.116700e+01
 Processing Data: sp302spl.mfcc; Label sp302spl.lab
 Utterance prob per frame = -7.722707e+01
 Processing Data: sp344spk.mfcc; Label sp344spk.lab
 Utterance prob per frame = -8.446382e+01
 Processing Data: sp344spl.mfcc; Label sp344spl.lab
 Utterance prob per frame = -7.473093e+01
 Processing Data: sp382spk.mfcc; Label sp382spk.lab
 Utterance prob per frame = -7.519184e+01
 Processing Data: sp382spl.mfcc; Label sp382spl.lab
 Utterance prob per frame = -7.399394e+01
 Processing Data: sp424spk.mfcc; Label sp424spk.lab
 Utterance prob per frame = -8.271193e+01
 Processing Data: sp424spl.mfcc; Label sp424spl.lab
 Utterance prob per frame = -7.620755e+01
 Processing Data: sp455spk.mfcc; Label sp455spk.lab
 Utterance prob per frame = -7.948910e+01
 Processing Data: sp455spl.mfcc; Label sp455spl.lab
 Utterance prob per frame = -7.785934e+01
 Processing Data: sp497spk.mfcc; Label sp497spk.lab
 Utterance prob per frame = -7.978600e+01
 Processing Data: sp497spl.mfcc; Label sp497spl.lab
 Utterance prob per frame = -7.844875e+01
 Processing Data: sp540spk.mfcc; Label sp540spk.lab
 Utterance prob per frame = -7.780587e+01
 Processing Data: sp540spl.mfcc; Label sp540spl.lab
 Utterance prob per frame = -7.639829e+01
 Processing Data: sp581spk.mfcc; Label sp581spk.lab
 Utterance prob per frame = -7.936694e+01
 Processing Data: sp581spl.mfcc; Label sp581spl.lab
 Utterance prob per frame = -7.765983e+01
 Processing Data: sp012spk.mfcc; Label sp012spk.lab
 Utterance prob per frame = -7.311033e+01
 Processing Data: sp012spl.mfcc; Label sp012spl.lab
 Utterance prob per frame = -7.645376e+01
 Processing Data: sp047spk.mfcc; Label sp047spk.lab
 Utterance prob per frame = -7.383087e+01
 Processing Data: sp047spl.mfcc; Label sp047spl.lab
 Utterance prob per frame = -7.491728e+01
 Processing Data: sp085spk.mfcc; Label sp085spk.lab
 Utterance prob per frame = -7.465341e+01
 Processing Data: sp085spl.mfcc; Label sp085spl.lab
 Utterance prob per frame = -7.539888e+01
 Processing Data: sp125spk.mfcc; Label sp125spk.lab
 Utterance prob per frame = -7.889507e+01
 Processing Data: sp125spl.mfcc; Label sp125spl.lab
 Utterance prob per frame = -7.205642e+01
 Processing Data: sp168spk.mfcc; Label sp168spk.lab
 Utterance prob per frame = -8.113724e+01
 Processing Data: sp168spl.mfcc; Label sp168spl.lab
 Utterance prob per frame = -7.537061e+01
 Processing Data: sp206spk.mfcc; Label sp206spk.lab
 Utterance prob per frame = -7.985320e+01
 Processing Data: sp206spl.mfcc; Label sp206spl.lab
 Utterance prob per frame = -7.188270e+01
 Processing Data: sp243spk.mfcc; Label sp243spk.lab
 Utterance prob per frame = -7.977585e+01
 Processing Data: sp243spl.mfcc; Label sp243spl.lab
 Utterance prob per frame = -7.455598e+01
 Processing Data: sp281spk.mfcc; Label sp281spk.lab
 Utterance prob per frame = -7.375070e+01
 Processing Data: sp281spl.mfcc; Label sp281spl.lab
 Utterance prob per frame = -7.427402e+01
 Processing Data: sp326spk.mfcc; Label sp326spk.lab
 Utterance prob per frame = -7.745352e+01
 Processing Data: sp326spl.mfcc; Label sp326spl.lab
 Utterance prob per frame = -7.626209e+01
 Processing Data: sp368spk.mfcc; Label sp368spk.lab
 Utterance prob per frame = -7.950981e+01
 Processing Data: sp368spl.mfcc; Label sp368spl.lab
 Utterance prob per frame = -7.623841e+01
 Processing Data: sp411spk.mfcc; Label sp411spk.lab
 Utterance prob per frame = -7.964202e+01
 Processing Data: sp411spl.mfcc; Label sp411spl.lab
 Utterance prob per frame = -7.549206e+01
 Processing Data: sp441spk.mfcc; Label sp441spk.lab
 Utterance prob per frame = -7.325343e+01
 Processing Data: sp441spl.mfcc; Label sp441spl.lab
 Utterance prob per frame = -7.422004e+01
 Processing Data: sp483spk.mfcc; Label sp483spk.lab
 Utterance prob per frame = -7.651436e+01
 Processing Data: sp483spl.mfcc; Label sp483spl.lab
 Utterance prob per frame = -7.488502e+01
 Processing Data: sp527spk.mfcc; Label sp527spk.lab
 Utterance prob per frame = -7.081535e+01
 Processing Data: sp527spl.mfcc; Label sp527spl.lab
 Utterance prob per frame = -7.323127e+01
 Processing Data: sp564spk.mfcc; Label sp564spk.lab
 Utterance prob per frame = -7.773188e+01
 Processing Data: sp564spl.mfcc; Label sp564spl.lab
 Utterance prob per frame = -7.537016e+01
 Processing Data: sp010spk.mfcc; Label sp010spk.lab
 Utterance prob per frame = -7.624447e+01
 Processing Data: sp010spl.mfcc; Label sp010spl.lab
 Utterance prob per frame = -7.660824e+01
 Processing Data: sp045spk.mfcc; Label sp045spk.lab
 Utterance prob per frame = -7.489494e+01
 Processing Data: sp045spl.mfcc; Label sp045spl.lab
 Utterance prob per frame = -7.595093e+01
 Processing Data: sp084spk.mfcc; Label sp084spk.lab
 Utterance prob per frame = -7.688814e+01
 Processing Data: sp084spl.mfcc; Label sp084spl.lab
 Utterance prob per frame = -7.728141e+01
 Processing Data: sp122spk.mfcc; Label sp122spk.lab
 Utterance prob per frame = -7.648046e+01
 Processing Data: sp122spl.mfcc; Label sp122spl.lab
 Utterance prob per frame = -7.593708e+01
 Processing Data: sp167spk.mfcc; Label sp167spk.lab
 Utterance prob per frame = -7.451846e+01
 Processing Data: sp167spl.mfcc; Label sp167spl.lab
 Utterance prob per frame = -7.618279e+01
 Processing Data: sp205spk.mfcc; Label sp205spk.lab
 Utterance prob per frame = -7.630658e+01
 Processing Data: sp205spl.mfcc; Label sp205spl.lab
 Utterance prob per frame = -7.632493e+01
 Processing Data: sp240spk.mfcc; Label sp240spk.lab
 Utterance prob per frame = -7.380535e+01
 Processing Data: sp240spl.mfcc; Label sp240spl.lab
 Utterance prob per frame = -7.707132e+01
 Processing Data: sp279spk.mfcc; Label sp279spk.lab
 Utterance prob per frame = -7.614284e+01
 Processing Data: sp279spl.mfcc; Label sp279spl.lab
 Utterance prob per frame = -7.671891e+01
 Processing Data: sp321spk.mfcc; Label sp321spk.lab
 Utterance prob per frame = -8.330436e+01
 Processing Data: sp321spl.mfcc; Label sp321spl.lab
 Utterance prob per frame = -7.802351e+01
 Processing Data: sp367spk.mfcc; Label sp367spk.lab
 Utterance prob per frame = -8.353488e+01
 Processing Data: sp367spl.mfcc; Label sp367spl.lab
 Utterance prob per frame = -7.617597e+01
 Processing Data: sp410spk.mfcc; Label sp410spk.lab
 Utterance prob per frame = -7.886709e+01
 Processing Data: sp410spl.mfcc; Label sp410spl.lab
 Utterance prob per frame = -7.961166e+01
 Processing Data: sp440spk.mfcc; Label sp440spk.lab
 Utterance prob per frame = -8.043254e+01
 Processing Data: sp440spl.mfcc; Label sp440spl.lab
 Utterance prob per frame = -7.944946e+01
 Processing Data: sp481spk.mfcc; Label sp481spk.lab
 Utterance prob per frame = -7.443397e+01
 Processing Data: sp481spl.mfcc; Label sp481spl.lab
 Utterance prob per frame = -7.761639e+01
 Processing Data: sp525spk.mfcc; Label sp525spk.lab
 Utterance prob per frame = -7.711057e+01
 Processing Data: sp525spl.mfcc; Label sp525spl.lab
 Utterance prob per frame = -7.802006e+01
 Processing Data: sp563spk.mfcc; Label sp563spk.lab
 Utterance prob per frame = -7.700415e+01
 Processing Data: sp563spl.mfcc; Label sp563spl.lab
 Utterance prob per frame = -8.292376e+01
 Processing Data: sp007spk.mfcc; Label sp007spk.lab
 Utterance prob per frame = -7.700944e+01
 Processing Data: sp007spl.mfcc; Label sp007spl.lab
 Utterance prob per frame = -7.519876e+01
 Processing Data: sp044spk.mfcc; Label sp044spk.lab
 Utterance prob per frame = -7.659041e+01
 Processing Data: sp044spl.mfcc; Label sp044spl.lab
 Utterance prob per frame = -7.213163e+01
 Processing Data: sp081spk.mfcc; Label sp081spk.lab
 Utterance prob per frame = -7.614171e+01
 Processing Data: sp081spl.mfcc; Label sp081spl.lab
 Utterance prob per frame = -7.820317e+01
 Processing Data: sp120spk.mfcc; Label sp120spk.lab
 Utterance prob per frame = -8.347783e+01
 Processing Data: sp120spl.mfcc; Label sp120spl.lab
 Utterance prob per frame = -7.499927e+01
 Processing Data: sp165spk.mfcc; Label sp165spk.lab
 Utterance prob per frame = -8.539638e+01
 Processing Data: sp165spl.mfcc; Label sp165spl.lab
 Utterance prob per frame = -7.560186e+01
 Processing Data: sp203spk.mfcc; Label sp203spk.lab
 Utterance prob per frame = -7.823279e+01
 Processing Data: sp203spl.mfcc; Label sp203spl.lab
 Utterance prob per frame = -8.085949e+01
 Processing Data: sp239spk.mfcc; Label sp239spk.lab
 Utterance prob per frame = -7.398477e+01
 Processing Data: sp239spl.mfcc; Label sp239spl.lab
 Utterance prob per frame = -7.506175e+01
 Processing Data: sp278spk.mfcc; Label sp278spk.lab
 Utterance prob per frame = -8.284484e+01
 Processing Data: sp278spl.mfcc; Label sp278spl.lab
 Utterance prob per frame = -7.415117e+01
 Processing Data: sp320spk.mfcc; Label sp320spk.lab
 Utterance prob per frame = -7.754453e+01
 Processing Data: sp320spl.mfcc; Label sp320spl.lab
 Utterance prob per frame = -7.839984e+01
 Processing Data: sp366spk.mfcc; Label sp366spk.lab
 Utterance prob per frame = -7.491258e+01
 Processing Data: sp366spl.mfcc; Label sp366spl.lab
 Utterance prob per frame = -7.911935e+01
 Processing Data: sp407spk.mfcc; Label sp407spk.lab
 Utterance prob per frame = -7.799517e+01
 Processing Data: sp407spl.mfcc; Label sp407spl.lab
 Utterance prob per frame = -7.666382e+01
 Processing Data: sp438spk.mfcc; Label sp438spk.lab
 Utterance prob per frame = -8.034634e+01
 Processing Data: sp438spl.mfcc; Label sp438spl.lab
 Utterance prob per frame = -7.919930e+01
 Processing Data: sp477spk.mfcc; Label sp477spk.lab
 Utterance prob per frame = -7.302769e+01
 Processing Data: sp477spl.mfcc; Label sp477spl.lab
 Utterance prob per frame = -7.451567e+01
 Processing Data: sp523spk.mfcc; Label sp523spk.lab
 Utterance prob per frame = -7.708960e+01
 Processing Data: sp523spl.mfcc; Label sp523spl.lab
 Utterance prob per frame = -7.602947e+01
 Processing Data: sp561spk.mfcc; Label sp561spk.lab
 Utterance prob per frame = -8.123216e+01
 Processing Data: sp561spl.mfcc; Label sp561spl.lab
 Utterance prob per frame = -7.593835e+01
 Processing Data: sp015spk.mfcc; Label sp015spk.lab
 Utterance prob per frame = -8.069816e+01
 Processing Data: sp015spl.mfcc; Label sp015spl.lab
 Utterance prob per frame = -7.661466e+01
 Processing Data: sp049spk.mfcc; Label sp049spk.lab
 Utterance prob per frame = -7.694399e+01
 Processing Data: sp049spl.mfcc; Label sp049spl.lab
 Utterance prob per frame = -8.117553e+01
 Processing Data: sp087spk.mfcc; Label sp087spk.lab
 Utterance prob per frame = -8.015515e+01
 Processing Data: sp087spl.mfcc; Label sp087spl.lab
 Utterance prob per frame = -7.954762e+01
 Processing Data: sp128spk.mfcc; Label sp128spk.lab
 Utterance prob per frame = -8.043840e+01
 Processing Data: sp128spl.mfcc; Label sp128spl.lab
 Utterance prob per frame = -8.091977e+01
 Processing Data: sp172spk.mfcc; Label sp172spk.lab
 Utterance prob per frame = -8.186760e+01
 Processing Data: sp172spl.mfcc; Label sp172spl.lab
 Utterance prob per frame = -8.018930e+01
 Processing Data: sp209spk.mfcc; Label sp209spk.lab
 Utterance prob per frame = -7.988048e+01
 Processing Data: sp209spl.mfcc; Label sp209spl.lab
 Utterance prob per frame = -7.666736e+01
 Processing Data: sp246spk.mfcc; Label sp246spk.lab
 Utterance prob per frame = -7.371098e+01
 Processing Data: sp246spl.mfcc; Label sp246spl.lab
 Utterance prob per frame = -8.391468e+01
 Processing Data: sp289spk.mfcc; Label sp289spk.lab
 Utterance prob per frame = -7.845866e+01
 Processing Data: sp289spl.mfcc; Label sp289spl.lab
 Utterance prob per frame = -8.155009e+01
 Processing Data: sp328spk.mfcc; Label sp328spk.lab
 Utterance prob per frame = -8.662266e+01
 Processing Data: sp328spl.mfcc; Label sp328spl.lab
 Utterance prob per frame = -8.248739e+01
 Processing Data: sp372spk.mfcc; Label sp372spk.lab
 Utterance prob per frame = -7.367367e+01
 Processing Data: sp372spl.mfcc; Label sp372spl.lab
 Utterance prob per frame = -7.576677e+01
 Processing Data: sp413spk.mfcc; Label sp413spk.lab
 Utterance prob per frame = -8.086938e+01
 Processing Data: sp413spl.mfcc; Label sp413spl.lab
 Utterance prob per frame = -7.580582e+01
 Processing Data: sp444spk.mfcc; Label sp444spk.lab
 Utterance prob per frame = -7.620061e+01
 Processing Data: sp444spl.mfcc; Label sp444spl.lab
 Utterance prob per frame = -8.261317e+01
 Processing Data: sp485spk.mfcc; Label sp485spk.lab
 Utterance prob per frame = -7.799991e+01
 Processing Data: sp485spl.mfcc; Label sp485spl.lab
 Utterance prob per frame = -8.041641e+01
 Processing Data: sp531spk.mfcc; Label sp531spk.lab
 Utterance prob per frame = -8.297333e+01
 Processing Data: sp531spl.mfcc; Label sp531spl.lab
 Utterance prob per frame = -8.132521e+01
 Processing Data: sp566spk.mfcc; Label sp566spk.lab
 Utterance prob per frame = -8.351467e+01
 Processing Data: sp566spl.mfcc; Label sp566spl.lab
 Utterance prob per frame = -8.184483e+01
 Processing Data: sp036spk.mfcc; Label sp036spk.lab
 Utterance prob per frame = -7.234703e+01
 Processing Data: sp036spl.mfcc; Label sp036spl.lab
 Utterance prob per frame = -7.503812e+01
 Processing Data: sp073spk.mfcc; Label sp073spk.lab
 Utterance prob per frame = -8.611113e+01
 Processing Data: sp073spl.mfcc; Label sp073spl.lab
 Utterance prob per frame = -7.703777e+01
 Processing Data: sp113spk.mfcc; Label sp113spk.lab
 Utterance prob per frame = -8.043833e+01
 Processing Data: sp113spl.mfcc; Label sp113spl.lab
 Utterance prob per frame = -7.839372e+01
 Processing Data: sp161spk.mfcc; Label sp161spk.lab
 Utterance prob per frame = -8.161522e+01
 Processing Data: sp161spl.mfcc; Label sp161spl.lab
 Utterance prob per frame = -7.956060e+01
 Processing Data: sp199spk.mfcc; Label sp199spk.lab
 Utterance prob per frame = -8.623023e+01
 Processing Data: sp199spl.mfcc; Label sp199spl.lab
 Utterance prob per frame = -8.115706e+01
 Processing Data: sp234spk.mfcc; Label sp234spk.lab
 Utterance prob per frame = -8.851644e+01
 Processing Data: sp234spl.mfcc; Label sp234spl.lab
 Utterance prob per frame = -7.822397e+01
 Processing Data: sp271spk.mfcc; Label sp271spk.lab
 Utterance prob per frame = -8.087312e+01
 Processing Data: sp271spl.mfcc; Label sp271spl.lab
 Utterance prob per frame = -8.096589e+01
 Processing Data: sp310spk.mfcc; Label sp310spk.lab
 Utterance prob per frame = -8.226713e+01
 Processing Data: sp310spl.mfcc; Label sp310spl.lab
 Utterance prob per frame = -7.695904e+01
 Processing Data: sp361spk.mfcc; Label sp361spk.lab
 Utterance prob per frame = -8.471082e+01
 Processing Data: sp361spl.mfcc; Label sp361spl.lab
 Utterance prob per frame = -8.040811e+01
 Processing Data: sp404spk.mfcc; Label sp404spk.lab
 Utterance prob per frame = -8.298397e+01
 Processing Data: sp404spl.mfcc; Label sp404spl.lab
 Utterance prob per frame = -7.970197e+01
 Processing Data: sp434spk.mfcc; Label sp434spk.lab
 Utterance prob per frame = -8.055524e+01
 Processing Data: sp434spl.mfcc; Label sp434spl.lab
 Utterance prob per frame = -7.863853e+01
 Processing Data: sp470spk.mfcc; Label sp470spk.lab
 Utterance prob per frame = -7.478125e+01
 Processing Data: sp470spl.mfcc; Label sp470spl.lab
 Utterance prob per frame = -7.820243e+01
 Processing Data: sp517spk.mfcc; Label sp517spk.lab
 Utterance prob per frame = -7.356455e+01
 Processing Data: sp517spl.mfcc; Label sp517spl.lab
 Utterance prob per frame = -7.836358e+01
 Processing Data: sp551spk.mfcc; Label sp551spk.lab
 Utterance prob per frame = -7.864764e+01
 Processing Data: sp551spl.mfcc; Label sp551spl.lab
 Utterance prob per frame = -7.479120e+01
 Processing Data: sp600spk.mfcc; Label sp600spk.lab
 Utterance prob per frame = -7.880511e+01
 Processing Data: sp600spl.mfcc; Label sp600spl.lab
 Utterance prob per frame = -7.651498e+01
 Processing Data: sp023spk.mfcc; Label sp023spk.lab
 Utterance prob per frame = -8.295719e+01
 Processing Data: sp023spl.mfcc; Label sp023spl.lab
 Utterance prob per frame = -7.212127e+01
 Processing Data: sp056spk.mfcc; Label sp056spk.lab
 Utterance prob per frame = -9.117463e+01
 Processing Data: sp056spl.mfcc; Label sp056spl.lab
 Utterance prob per frame = -7.554317e+01
 Processing Data: sp096spk.mfcc; Label sp096spk.lab
 Utterance prob per frame = -8.918259e+01
 Processing Data: sp096spl.mfcc; Label sp096spl.lab
 Utterance prob per frame = -7.464437e+01
 Processing Data: sp139spk.mfcc; Label sp139spk.lab
 Utterance prob per frame = -7.833300e+01
 Processing Data: sp139spl.mfcc; Label sp139spl.lab
 Utterance prob per frame = -7.525321e+01
 Processing Data: sp181spk.mfcc; Label sp181spk.lab
 Utterance prob per frame = -7.448052e+01
 Processing Data: sp181spl.mfcc; Label sp181spl.lab
 Utterance prob per frame = -7.461451e+01
 Processing Data: sp215spk.mfcc; Label sp215spk.lab
 Utterance prob per frame = -8.185026e+01
 Processing Data: sp215spl.mfcc; Label sp215spl.lab
 Utterance prob per frame = -7.417792e+01
 Processing Data: sp251spk.mfcc; Label sp251spk.lab
 Utterance prob per frame = -8.530043e+01
 Processing Data: sp251spl.mfcc; Label sp251spl.lab
 Utterance prob per frame = -7.456129e+01
 Processing Data: sp294spk.mfcc; Label sp294spk.lab
 Utterance prob per frame = -8.276011e+01
 Processing Data: sp294spl.mfcc; Label sp294spl.lab
 Utterance prob per frame = -7.772263e+01
 Processing Data: sp335spk.mfcc; Label sp335spk.lab
 Utterance prob per frame = -8.280518e+01
 Processing Data: sp335spl.mfcc; Label sp335spl.lab
 Utterance prob per frame = -7.662324e+01
 Processing Data: sp379spk.mfcc; Label sp379spk.lab
 Utterance prob per frame = -8.947223e+01
 Processing Data: sp379spl.mfcc; Label sp379spl.lab
 Utterance prob per frame = -7.537925e+01
 Processing Data: sp421spk.mfcc; Label sp421spk.lab
 Utterance prob per frame = -8.756410e+01
 Processing Data: sp421spl.mfcc; Label sp421spl.lab
 Utterance prob per frame = -7.535243e+01
 Processing Data: sp452spk.mfcc; Label sp452spk.lab
 Utterance prob per frame = -8.228892e+01
 Processing Data: sp452spl.mfcc; Label sp452spl.lab
 Utterance prob per frame = -7.588579e+01
 Processing Data: sp490spk.mfcc; Label sp490spk.lab
 Utterance prob per frame = -8.269978e+01
 Processing Data: sp490spl.mfcc; Label sp490spl.lab
 Utterance prob per frame = -7.505912e+01
 Processing Data: sp536spk.mfcc; Label sp536spk.lab
 Utterance prob per frame = -8.636713e+01
 Processing Data: sp536spl.mfcc; Label sp536spl.lab
 Utterance prob per frame = -7.488672e+01
 Processing Data: sp572spk.mfcc; Label sp572spk.lab
 Utterance prob per frame = -8.095533e+01
 Processing Data: sp572spl.mfcc; Label sp572spl.lab
 Utterance prob per frame = -7.777147e+01
 Processing Data: sp007spk.mfcc; Label sp007spk.lab
 Utterance prob per frame = -7.915593e+01
 Processing Data: sp007spl.mfcc; Label sp007spl.lab
 Utterance prob per frame = -7.355342e+01
 Processing Data: sp044spk.mfcc; Label sp044spk.lab
 Utterance prob per frame = -7.590863e+01
 Processing Data: sp044spl.mfcc; Label sp044spl.lab
 Utterance prob per frame = -7.333801e+01
 Processing Data: sp081spk.mfcc; Label sp081spk.lab
 Utterance prob per frame = -7.818041e+01
 Processing Data: sp081spl.mfcc; Label sp081spl.lab
 Utterance prob per frame = -7.514066e+01
 Processing Data: sp120spk.mfcc; Label sp120spk.lab
 Utterance prob per frame = -7.952287e+01
 Processing Data: sp120spl.mfcc; Label sp120spl.lab
 Utterance prob per frame = -7.537916e+01
 Processing Data: sp165spk.mfcc; Label sp165spk.lab
 Utterance prob per frame = -8.128301e+01
 Processing Data: sp165spl.mfcc; Label sp165spl.lab
 Utterance prob per frame = -7.411400e+01
 Processing Data: sp203spk.mfcc; Label sp203spk.lab
 Utterance prob per frame = -7.491496e+01
 Processing Data: sp203spl.mfcc; Label sp203spl.lab
 Utterance prob per frame = -7.496697e+01
 Processing Data: sp239spk.mfcc; Label sp239spk.lab
 Utterance prob per frame = -7.236588e+01
 Processing Data: sp239spl.mfcc; Label sp239spl.lab
 Utterance prob per frame = -7.594602e+01
 Processing Data: sp278spk.mfcc; Label sp278spk.lab
 Utterance prob per frame = -7.785445e+01
 Processing Data: sp278spl.mfcc; Label sp278spl.lab
 Utterance prob per frame = -7.405788e+01
 Processing Data: sp320spk.mfcc; Label sp320spk.lab
 Utterance prob per frame = -7.233249e+01
 Processing Data: sp320spl.mfcc; Label sp320spl.lab
 Utterance prob per frame = -7.474799e+01
 Processing Data: sp366spk.mfcc; Label sp366spk.lab
 Utterance prob per frame = -7.318613e+01
 Processing Data: sp366spl.mfcc; Label sp366spl.lab
 Utterance prob per frame = -7.827323e+01
 Processing Data: sp407spk.mfcc; Label sp407spk.lab
 Utterance prob per frame = -7.891917e+01
 Processing Data: sp407spl.mfcc; Label sp407spl.lab
 Utterance prob per frame = -8.075712e+01
 Processing Data: sp438spk.mfcc; Label sp438spk.lab
 Utterance prob per frame = -8.021165e+01
 Processing Data: sp438spl.mfcc; Label sp438spl.lab
 Utterance prob per frame = -7.640148e+01
 Processing Data: sp477spk.mfcc; Label sp477spk.lab
 Utterance prob per frame = -7.261318e+01
 Processing Data: sp477spl.mfcc; Label sp477spl.lab
 Utterance prob per frame = -7.618768e+01
 Processing Data: sp523spk.mfcc; Label sp523spk.lab
 Utterance prob per frame = -7.630891e+01
 Processing Data: sp523spl.mfcc; Label sp523spl.lab
 Utterance prob per frame = -7.572444e+01
 Processing Data: sp561spk.mfcc; Label sp561spk.lab
 Utterance prob per frame = -7.157553e+01
 Processing Data: sp561spl.mfcc; Label sp561spl.lab
 Utterance prob per frame = -7.504931e+01
 Processing Data: sp010spk.mfcc; Label sp010spk.lab
 Utterance prob per frame = -8.414973e+01
 Processing Data: sp010spl.mfcc; Label sp010spl.lab
 Utterance prob per frame = -7.929949e+01
 Processing Data: sp045spk.mfcc; Label sp045spk.lab
 Utterance prob per frame = -7.146169e+01
 Processing Data: sp045spl.mfcc; Label sp045spl.lab
 Utterance prob per frame = -7.277794e+01
 Processing Data: sp084spk.mfcc; Label sp084spk.lab
 Utterance prob per frame = -7.783007e+01
 Processing Data: sp084spl.mfcc; Label sp084spl.lab
 Utterance prob per frame = -7.444670e+01
 Processing Data: sp122spk.mfcc; Label sp122spk.lab
 Utterance prob per frame = -8.401909e+01
 Processing Data: sp122spl.mfcc; Label sp122spl.lab
 Utterance prob per frame = -7.826224e+01
 Processing Data: sp167spk.mfcc; Label sp167spk.lab
 Utterance prob per frame = -7.869711e+01
 Processing Data: sp167spl.mfcc; Label sp167spl.lab
 Utterance prob per frame = -7.702115e+01
 Processing Data: sp205spk.mfcc; Label sp205spk.lab
 Utterance prob per frame = -7.639226e+01
 Processing Data: sp205spl.mfcc; Label sp205spl.lab
 Utterance prob per frame = -8.003270e+01
 Processing Data: sp240spk.mfcc; Label sp240spk.lab
 Utterance prob per frame = -7.618217e+01
 Processing Data: sp240spl.mfcc; Label sp240spl.lab
 Utterance prob per frame = -8.335468e+01
 Processing Data: sp279spk.mfcc; Label sp279spk.lab
 Utterance prob per frame = -8.189799e+01
 Processing Data: sp279spl.mfcc; Label sp279spl.lab
 Utterance prob per frame = -7.832442e+01
 Processing Data: sp321spk.mfcc; Label sp321spk.lab
 Utterance prob per frame = -9.144981e+01
 Processing Data: sp321spl.mfcc; Label sp321spl.lab
 Utterance prob per frame = -7.971074e+01
 Processing Data: sp367spk.mfcc; Label sp367spk.lab
 Utterance prob per frame = -8.624181e+01
 Processing Data: sp367spl.mfcc; Label sp367spl.lab
 Utterance prob per frame = -7.821843e+01
 Processing Data: sp410spk.mfcc; Label sp410spk.lab
 Utterance prob per frame = -8.444391e+01
 Processing Data: sp410spl.mfcc; Label sp410spl.lab
 Utterance prob per frame = -7.742604e+01
 Processing Data: sp440spk.mfcc; Label sp440spk.lab
 Utterance prob per frame = -8.645984e+01
 Processing Data: sp440spl.mfcc; Label sp440spl.lab
 Utterance prob per frame = -7.977122e+01
 Processing Data: sp481spk.mfcc; Label sp481spk.lab
 Utterance prob per frame = -7.704362e+01
 Processing Data: sp481spl.mfcc; Label sp481spl.lab
 Utterance prob per frame = -8.153773e+01
 Processing Data: sp525spk.mfcc; Label sp525spk.lab
 Utterance prob per frame = -7.928610e+01
 Processing Data: sp525spl.mfcc; Label sp525spl.lab
 Utterance prob per frame = -7.649404e+01
 Processing Data: sp563spk.mfcc; Label sp563spk.lab
 Utterance prob per frame = -8.615654e+01
 Processing Data: sp563spl.mfcc; Label sp563spl.lab
 Utterance prob per frame = -7.839853e+01
 Processing Data: sp021spk.mfcc; Label sp021spk.lab
 Utterance prob per frame = -8.268448e+01
 Processing Data: sp021spl.mfcc; Label sp021spl.lab
 Utterance prob per frame = -7.731116e+01
 Processing Data: sp054spk.mfcc; Label sp054spk.lab
 Utterance prob per frame = -7.964399e+01
 Processing Data: sp054spl.mfcc; Label sp054spl.lab
 Utterance prob per frame = -7.609307e+01
 Processing Data: sp093spk.mfcc; Label sp093spk.lab
 Utterance prob per frame = -8.157209e+01
 Processing Data: sp093spl.mfcc; Label sp093spl.lab
 Utterance prob per frame = -8.027989e+01
 Processing Data: sp133spk.mfcc; Label sp133spk.lab
 Utterance prob per frame = -8.190596e+01
 Processing Data: sp133spl.mfcc; Label sp133spl.lab
 Utterance prob per frame = -7.816167e+01
 Processing Data: sp178spk.mfcc; Label sp178spk.lab
 Utterance prob per frame = -7.158307e+01
 Processing Data: sp178spl.mfcc; Label sp178spl.lab
 Utterance prob per frame = -8.038773e+01
 Processing Data: sp212spk.mfcc; Label sp212spk.lab
 Utterance prob per frame = -8.352816e+01
 Processing Data: sp212spl.mfcc; Label sp212spl.lab
 Utterance prob per frame = -7.908155e+01
 Processing Data: sp249spk.mfcc; Label sp249spk.lab
 Utterance prob per frame = -8.588629e+01
 Processing Data: sp249spl.mfcc; Label sp249spl.lab
 Utterance prob per frame = -7.676890e+01
 Processing Data: sp292spk.mfcc; Label sp292spk.lab
 Utterance prob per frame = -8.081951e+01
 Processing Data: sp292spl.mfcc; Label sp292spl.lab
 Utterance prob per frame = -8.126653e+01
 Processing Data: sp334spk.mfcc; Label sp334spk.lab
 Utterance prob per frame = -7.658419e+01
 Processing Data: sp334spl.mfcc; Label sp334spl.lab
 Utterance prob per frame = -8.277169e+01
 Processing Data: sp377spk.mfcc; Label sp377spk.lab
 Utterance prob per frame = -7.835101e+01
 Processing Data: sp377spl.mfcc; Label sp377spl.lab
 Utterance prob per frame = -8.211507e+01
 Processing Data: sp419spk.mfcc; Label sp419spk.lab
 Utterance prob per frame = -8.665540e+01
 Processing Data: sp419spl.mfcc; Label sp419spl.lab
 Utterance prob per frame = -7.688874e+01
 Processing Data: sp448spk.mfcc; Label sp448spk.lab
 Utterance prob per frame = -7.540212e+01
 Processing Data: sp448spl.mfcc; Label sp448spl.lab
 Utterance prob per frame = -7.812079e+01
 Processing Data: sp489spk.mfcc; Label sp489spk.lab
 Utterance prob per frame = -7.992463e+01
 Processing Data: sp489spl.mfcc; Label sp489spl.lab
 Utterance prob per frame = -7.638081e+01
 Processing Data: sp535spk.mfcc; Label sp535spk.lab
 Utterance prob per frame = -7.943245e+01
 Processing Data: sp535spl.mfcc; Label sp535spl.lab
 Utterance prob per frame = -8.102793e+01
 Processing Data: sp571spk.mfcc; Label sp571spk.lab
 Utterance prob per frame = -7.946778e+01
 Processing Data: sp571spl.mfcc; Label sp571spl.lab
 Utterance prob per frame = -7.990807e+01
 Processing Data: sp031spk.mfcc; Label sp031spk.lab
 Utterance prob per frame = -7.348397e+01
 Processing Data: sp031spl.mfcc; Label sp031spl.lab
 Utterance prob per frame = -7.155069e+01
 Processing Data: sp066spk.mfcc; Label sp066spk.lab
 Utterance prob per frame = -7.919610e+01
 Processing Data: sp066spl.mfcc; Label sp066spl.lab
 Utterance prob per frame = -7.481182e+01
 Processing Data: sp106spk.mfcc; Label sp106spk.lab
 Utterance prob per frame = -7.741669e+01
 Processing Data: sp106spl.mfcc; Label sp106spl.lab
 Utterance prob per frame = -7.629069e+01
 Processing Data: sp151spk.mfcc; Label sp151spk.lab
 Utterance prob per frame = -7.426127e+01
 Processing Data: sp151spl.mfcc; Label sp151spl.lab
 Utterance prob per frame = -7.591723e+01
 Processing Data: sp190spk.mfcc; Label sp190spk.lab
 Utterance prob per frame = -8.053825e+01
 Processing Data: sp190spl.mfcc; Label sp190spl.lab
 Utterance prob per frame = -7.476861e+01
 Processing Data: sp226spk.mfcc; Label sp226spk.lab
 Utterance prob per frame = -7.860305e+01
 Processing Data: sp226spl.mfcc; Label sp226spl.lab
 Utterance prob per frame = -8.182236e+01
 Processing Data: sp266spk.mfcc; Label sp266spk.lab
 Utterance prob per frame = -7.396979e+01
 Processing Data: sp266spl.mfcc; Label sp266spl.lab
 Utterance prob per frame = -7.653829e+01
 Processing Data: sp306spk.mfcc; Label sp306spk.lab
 Utterance prob per frame = -7.981441e+01
 Processing Data: sp306spl.mfcc; Label sp306spl.lab
 Utterance prob per frame = -7.403599e+01
 Processing Data: sp351spk.mfcc; Label sp351spk.lab
 Utterance prob per frame = -7.729781e+01
 Processing Data: sp351spl.mfcc; Label sp351spl.lab
 Utterance prob per frame = -7.028426e+01
 Processing Data: sp389spk.mfcc; Label sp389spk.lab
 Utterance prob per frame = -7.757172e+01
 Processing Data: sp389spl.mfcc; Label sp389spl.lab
 Utterance prob per frame = -7.673755e+01
 Processing Data: sp428spk.mfcc; Label sp428spk.lab
 Utterance prob per frame = -8.484723e+01
 Processing Data: sp428spl.mfcc; Label sp428spl.lab
 Utterance prob per frame = -7.673726e+01
 Processing Data: sp460spk.mfcc; Label sp460spk.lab
 Utterance prob per frame = -7.756921e+01
 Processing Data: sp460spl.mfcc; Label sp460spl.lab
 Utterance prob per frame = -7.579091e+01
 Processing Data: sp504spk.mfcc; Label sp504spk.lab
 Utterance prob per frame = -7.978833e+01
 Processing Data: sp504spl.mfcc; Label sp504spl.lab
 Utterance prob per frame = -8.149670e+01
 Processing Data: sp546spk.mfcc; Label sp546spk.lab
 Utterance prob per frame = -7.775684e+01
 Processing Data: sp546spl.mfcc; Label sp546spl.lab
 Utterance prob per frame = -7.666173e+01
 Processing Data: sp592spk.mfcc; Label sp592spk.lab
 Utterance prob per frame = -7.757919e+01
 Processing Data: sp592spl.mfcc; Label sp592spl.lab
 Utterance prob per frame = -7.368654e+01
 Processing Data: sp006spk.mfcc; Label sp006spk.lab
 Utterance prob per frame = -8.283320e+01
 Processing Data: sp006spl.mfcc; Label sp006spl.lab
 Utterance prob per frame = -7.638120e+01
 Processing Data: sp039spk.mfcc; Label sp039spk.lab
 Utterance prob per frame = -7.919631e+01
 Processing Data: sp039spl.mfcc; Label sp039spl.lab
 Utterance prob per frame = -7.655266e+01
 Processing Data: sp080spk.mfcc; Label sp080spk.lab
 Utterance prob per frame = -7.734880e+01
 Processing Data: sp080spl.mfcc; Label sp080spl.lab
 Utterance prob per frame = -7.791214e+01
 Processing Data: sp119spk.mfcc; Label sp119spk.lab
 Utterance prob per frame = -8.027437e+01
 Processing Data: sp119spl.mfcc; Label sp119spl.lab
 Utterance prob per frame = -7.649344e+01
 Processing Data: sp163spk.mfcc; Label sp163spk.lab
 Utterance prob per frame = -8.127055e+01
 Processing Data: sp163spl.mfcc; Label sp163spl.lab
 Utterance prob per frame = -7.732284e+01
 Processing Data: sp201spk.mfcc; Label sp201spk.lab
 Utterance prob per frame = -8.089722e+01
 Processing Data: sp201spl.mfcc; Label sp201spl.lab
 Utterance prob per frame = -7.634773e+01
 Processing Data: sp237spk.mfcc; Label sp237spk.lab
 Utterance prob per frame = -7.633942e+01
 Processing Data: sp237spl.mfcc; Label sp237spl.lab
 Utterance prob per frame = -7.944934e+01
 Processing Data: sp275spk.mfcc; Label sp275spk.lab
 Utterance prob per frame = -7.926901e+01
 Processing Data: sp275spl.mfcc; Label sp275spl.lab
 Utterance prob per frame = -7.783962e+01
 Processing Data: sp318spk.mfcc; Label sp318spk.lab
 Utterance prob per frame = -7.781358e+01
 Processing Data: sp318spl.mfcc; Label sp318spl.lab
 Utterance prob per frame = -7.731026e+01
 Processing Data: sp364spk.mfcc; Label sp364spk.lab
 Utterance prob per frame = -7.720978e+01
 Processing Data: sp364spl.mfcc; Label sp364spl.lab
 Utterance prob per frame = -8.117426e+01
 Processing Data: sp406spk.mfcc; Label sp406spk.lab
 Utterance prob per frame = -8.039531e+01
 Processing Data: sp406spl.mfcc; Label sp406spl.lab
 Utterance prob per frame = -7.721715e+01
 Processing Data: sp437spk.mfcc; Label sp437spk.lab
 Utterance prob per frame = -8.343531e+01
 Processing Data: sp437spl.mfcc; Label sp437spl.lab
 Utterance prob per frame = -7.708145e+01
 Processing Data: sp476spk.mfcc; Label sp476spk.lab
 Utterance prob per frame = -7.775348e+01
 Processing Data: sp476spl.mfcc; Label sp476spl.lab
 Utterance prob per frame = -8.375754e+01
 Processing Data: sp521spk.mfcc; Label sp521spk.lab
 Utterance prob per frame = -7.908427e+01
 Processing Data: sp521spl.mfcc; Label sp521spl.lab
 Utterance prob per frame = -7.898836e+01
 Processing Data: sp560spk.mfcc; Label sp560spk.lab
 Utterance prob per frame = -8.345190e+01
 Processing Data: sp560spl.mfcc; Label sp560spl.lab
 Utterance prob per frame = -7.791746e+01
 Processing Data: sp030spk.mfcc; Label sp030spk.lab
 Utterance prob per frame = -8.159284e+01
 Processing Data: sp030spl.mfcc; Label sp030spl.lab
 Utterance prob per frame = -7.353113e+01
 Processing Data: sp063spk.mfcc; Label sp063spk.lab
 Utterance prob per frame = -8.530789e+01
 Processing Data: sp063spl.mfcc; Label sp063spl.lab
 Utterance prob per frame = -7.655065e+01
 Processing Data: sp105spk.mfcc; Label sp105spk.lab
 Utterance prob per frame = -8.514457e+01
 Processing Data: sp105spl.mfcc; Label sp105spl.lab
 Utterance prob per frame = -8.082441e+01
 Processing Data: sp150spk.mfcc; Label sp150spk.lab
 Utterance prob per frame = -8.481337e+01
 Processing Data: sp150spl.mfcc; Label sp150spl.lab
 Utterance prob per frame = -7.452563e+01
 Processing Data: sp189spk.mfcc; Label sp189spk.lab
 Utterance prob per frame = -7.590549e+01
 Processing Data: sp189spl.mfcc; Label sp189spl.lab
 Utterance prob per frame = -7.797235e+01
 Processing Data: sp225spk.mfcc; Label sp225spk.lab
 Utterance prob per frame = -7.996129e+01
 Processing Data: sp225spl.mfcc; Label sp225spl.lab
 Utterance prob per frame = -7.515629e+01
 Processing Data: sp264spk.mfcc; Label sp264spk.lab
 Utterance prob per frame = -7.817880e+01
 Processing Data: sp264spl.mfcc; Label sp264spl.lab
 Utterance prob per frame = -8.174038e+01
 Processing Data: sp305spk.mfcc; Label sp305spk.lab
 Utterance prob per frame = -7.508345e+01
 Processing Data: sp305spl.mfcc; Label sp305spl.lab
 Utterance prob per frame = -7.532431e+01
 Processing Data: sp348spk.mfcc; Label sp348spk.lab
 Utterance prob per frame = -7.971611e+01
 Processing Data: sp348spl.mfcc; Label sp348spl.lab
 Utterance prob per frame = -8.046155e+01
 Processing Data: sp387spk.mfcc; Label sp387spk.lab
 Utterance prob per frame = -8.504254e+01
 Processing Data: sp387spl.mfcc; Label sp387spl.lab
 Utterance prob per frame = -8.307502e+01
 Processing Data: sp426spk.mfcc; Label sp426spk.lab
 Utterance prob per frame = -8.216346e+01
 Processing Data: sp426spl.mfcc; Label sp426spl.lab
 Utterance prob per frame = -7.392329e+01
 Processing Data: sp459spk.mfcc; Label sp459spk.lab
 Utterance prob per frame = -7.437065e+01
 Processing Data: sp459spl.mfcc; Label sp459spl.lab
 Utterance prob per frame = -7.283769e+01
 Processing Data: sp503spk.mfcc; Label sp503spk.lab
 Utterance prob per frame = -8.173545e+01
 Processing Data: sp503spl.mfcc; Label sp503spl.lab
 Utterance prob per frame = -7.589774e+01
 Processing Data: sp545spk.mfcc; Label sp545spk.lab
 Utterance prob per frame = -8.098031e+01
 Processing Data: sp545spl.mfcc; Label sp545spl.lab
 Utterance prob per frame = -7.486887e+01
 Processing Data: sp590spk.mfcc; Label sp590spk.lab
 Utterance prob per frame = -7.738670e+01
 Processing Data: sp590spl.mfcc; Label sp590spl.lab
 Utterance prob per frame = -7.746163e+01
 Processing Data: sp034spk.mfcc; Label sp034spk.lab
 Utterance prob per frame = -8.242741e+01
 Processing Data: sp034spl.mfcc; Label sp034spl.lab
 Utterance prob per frame = -7.154456e+01
 Processing Data: sp069spk.mfcc; Label sp069spk.lab
 Utterance prob per frame = -8.067293e+01
 Processing Data: sp069spl.mfcc; Label sp069spl.lab
 Utterance prob per frame = -7.312382e+01
 Processing Data: sp109spk.mfcc; Label sp109spk.lab
 Utterance prob per frame = -7.864870e+01
 Processing Data: sp109spl.mfcc; Label sp109spl.lab
 Utterance prob per frame = -7.250227e+01
 Processing Data: sp153spk.mfcc; Label sp153spk.lab
 Utterance prob per frame = -8.349231e+01
 Processing Data: sp153spl.mfcc; Label sp153spl.lab
 Utterance prob per frame = -7.302467e+01
 Processing Data: sp194spk.mfcc; Label sp194spk.lab
 Utterance prob per frame = -7.845110e+01
 Processing Data: sp194spl.mfcc; Label sp194spl.lab
 Utterance prob per frame = -7.563864e+01
 Processing Data: sp229spk.mfcc; Label sp229spk.lab
 Utterance prob per frame = -7.724977e+01
 Processing Data: sp229spl.mfcc; Label sp229spl.lab
 Utterance prob per frame = -7.518457e+01
 Processing Data: sp269spk.mfcc; Label sp269spk.lab
 Utterance prob per frame = -8.105308e+01
 Processing Data: sp269spl.mfcc; Label sp269spl.lab
 Utterance prob per frame = -7.286063e+01
 Processing Data: sp308spk.mfcc; Label sp308spk.lab
 Utterance prob per frame = -7.382812e+01
 Processing Data: sp308spl.mfcc; Label sp308spl.lab
 Utterance prob per frame = -8.155033e+01
 Processing Data: sp355spk.mfcc; Label sp355spk.lab
 Utterance prob per frame = -8.183707e+01
 Processing Data: sp355spl.mfcc; Label sp355spl.lab
 Utterance prob per frame = -8.199172e+01
 Processing Data: sp391spk.mfcc; Label sp391spk.lab
 Utterance prob per frame = -7.519183e+01
 Processing Data: sp391spl.mfcc; Label sp391spl.lab
 Utterance prob per frame = -7.568003e+01
 Processing Data: sp431spk.mfcc; Label sp431spk.lab
 Utterance prob per frame = -7.731848e+01
 Processing Data: sp431spl.mfcc; Label sp431spl.lab
 Utterance prob per frame = -7.076692e+01
 Processing Data: sp466spk.mfcc; Label sp466spk.lab
 Utterance prob per frame = -8.023875e+01
 Processing Data: sp466spl.mfcc; Label sp466spl.lab
 Utterance prob per frame = -7.327273e+01
 Processing Data: sp514spk.mfcc; Label sp514spk.lab
 Utterance prob per frame = -7.293441e+01
 Processing Data: sp514spl.mfcc; Label sp514spl.lab
 Utterance prob per frame = -7.517265e+01
 Processing Data: sp548spk.mfcc; Label sp548spk.lab
 Utterance prob per frame = -7.709033e+01
 Processing Data: sp548spl.mfcc; Label sp548spl.lab
 Utterance prob per frame = -7.251608e+01
 Processing Data: sp594spk.mfcc; Label sp594spk.lab
 Utterance prob per frame = -8.319832e+01
 Processing Data: sp594spl.mfcc; Label sp594spl.lab
 Utterance prob per frame = -7.313449e+01
 Processing Data: sp012spk.mfcc; Label sp012spk.lab
 Utterance prob per frame = -7.419765e+01
 Processing Data: sp012spl.mfcc; Label sp012spl.lab
 Utterance prob per frame = -7.756277e+01
 Processing Data: sp047spk.mfcc; Label sp047spk.lab
 Utterance prob per frame = -7.720663e+01
 Processing Data: sp047spl.mfcc; Label sp047spl.lab
 Utterance prob per frame = -7.969920e+01
 Processing Data: sp085spk.mfcc; Label sp085spk.lab
 Utterance prob per frame = -8.126535e+01
 Processing Data: sp085spl.mfcc; Label sp085spl.lab
 Utterance prob per frame = -7.821942e+01
 Processing Data: sp125spk.mfcc; Label sp125spk.lab
 Utterance prob per frame = -7.982916e+01
 Processing Data: sp125spl.mfcc; Label sp125spl.lab
 Utterance prob per frame = -7.713155e+01
 Processing Data: sp168spk.mfcc; Label sp168spk.lab
 Utterance prob per frame = -8.220794e+01
 Processing Data: sp168spl.mfcc; Label sp168spl.lab
 Utterance prob per frame = -8.016502e+01
 Processing Data: sp206spk.mfcc; Label sp206spk.lab
 Utterance prob per frame = -8.157242e+01
 Processing Data: sp206spl.mfcc; Label sp206spl.lab
 Utterance prob per frame = -7.653580e+01
 Processing Data: sp243spk.mfcc; Label sp243spk.lab
 Utterance prob per frame = -7.740654e+01
 Processing Data: sp243spl.mfcc; Label sp243spl.lab
 Utterance prob per frame = -7.851068e+01
 Processing Data: sp281spk.mfcc; Label sp281spk.lab
 Utterance prob per frame = -7.402473e+01
 Processing Data: sp281spl.mfcc; Label sp281spl.lab
 Utterance prob per frame = -7.784564e+01
 Processing Data: sp326spk.mfcc; Label sp326spk.lab
 Utterance prob per frame = -8.562516e+01
 Processing Data: sp326spl.mfcc; Label sp326spl.lab
 Utterance prob per frame = -7.722355e+01
 Processing Data: sp368spk.mfcc; Label sp368spk.lab
 Utterance prob per frame = -8.341523e+01
 Processing Data: sp368spl.mfcc; Label sp368spl.lab
 Utterance prob per frame = -8.005700e+01
 Processing Data: sp411spk.mfcc; Label sp411spk.lab
 Utterance prob per frame = -7.969608e+01
 Processing Data: sp411spl.mfcc; Label sp411spl.lab
 Utterance prob per frame = -7.913082e+01
 Processing Data: sp441spk.mfcc; Label sp441spk.lab
 Utterance prob per frame = -7.802582e+01
 Processing Data: sp441spl.mfcc; Label sp441spl.lab
 Utterance prob per frame = -7.953386e+01
 Processing Data: sp483spk.mfcc; Label sp483spk.lab
 Utterance prob per frame = -7.409445e+01
 Processing Data: sp483spl.mfcc; Label sp483spl.lab
 Utterance prob per frame = -7.578312e+01
 Processing Data: sp527spk.mfcc; Label sp527spk.lab
 Utterance prob per frame = -7.611909e+01
 Processing Data: sp527spl.mfcc; Label sp527spl.lab
 Utterance prob per frame = -7.756744e+01
 Processing Data: sp564spk.mfcc; Label sp564spk.lab
 Utterance prob per frame = -8.110381e+01
 Processing Data: sp564spl.mfcc; Label sp564spl.lab
 Utterance prob per frame = -7.645577e+01
 Processing Data: sp002spk.mfcc; Label sp002spk.lab
 Utterance prob per frame = -8.659352e+01
 Processing Data: sp002spl.mfcc; Label sp002spl.lab
 Utterance prob per frame = -7.555826e+01
 Processing Data: sp038spk.mfcc; Label sp038spk.lab
 Utterance prob per frame = -8.614626e+01
 Processing Data: sp038spl.mfcc; Label sp038spl.lab
 Utterance prob per frame = -7.481642e+01
 Processing Data: sp079spk.mfcc; Label sp079spk.lab
 Utterance prob per frame = -8.702580e+01
 Processing Data: sp079spl.mfcc; Label sp079spl.lab
 Utterance prob per frame = -7.529739e+01
 Processing Data: sp124spk.mfcc; Label sp124spk.lab
 Utterance prob per frame = -8.353237e+01
 Processing Data: sp124spl.mfcc; Label sp124spl.lab
 Utterance prob per frame = -7.768458e+01
 Processing Data: sp173spk.mfcc; Label sp173spk.lab
 Utterance prob per frame = -7.962415e+01
 Processing Data: sp173spl.mfcc; Label sp173spl.lab
 Utterance prob per frame = -7.556619e+01
 Processing Data: sp263spk.mfcc; Label sp263spk.lab
 Utterance prob per frame = -7.852511e+01
 Processing Data: sp263spl.mfcc; Label sp263spl.lab
 Utterance prob per frame = -7.813719e+01
 Processing Data: sp295spk.mfcc; Label sp295spk.lab
 Utterance prob per frame = -8.113493e+01
 Processing Data: sp295spl.mfcc; Label sp295spl.lab
 Utterance prob per frame = -7.771253e+01
 Processing Data: sp329spk.mfcc; Label sp329spk.lab
 Utterance prob per frame = -8.637864e+01
 Processing Data: sp329spl.mfcc; Label sp329spl.lab
 Utterance prob per frame = -7.974530e+01
 Processing Data: sp370spk.mfcc; Label sp370spk.lab
 Utterance prob per frame = -7.894873e+01
 Processing Data: sp370spl.mfcc; Label sp370spl.lab
 Utterance prob per frame = -7.455517e+01
 Processing Data: sp396spk.mfcc; Label sp396spk.lab
 Utterance prob per frame = -7.904381e+01
 Processing Data: sp396spl.mfcc; Label sp396spl.lab
 Utterance prob per frame = -7.714126e+01
 Processing Data: sp461spk.mfcc; Label sp461spk.lab
 Utterance prob per frame = -7.226946e+01
 Processing Data: sp461spl.mfcc; Label sp461spl.lab
 Utterance prob per frame = -7.617114e+01
 Processing Data: sp501spk.mfcc; Label sp501spk.lab
 Utterance prob per frame = -8.036679e+01
 Processing Data: sp501spl.mfcc; Label sp501spl.lab
 Utterance prob per frame = -7.793480e+01
 Processing Data: sp522spk.mfcc; Label sp522spk.lab
 Utterance prob per frame = -7.617580e+01
 Processing Data: sp522spl.mfcc; Label sp522spl.lab
 Utterance prob per frame = -7.924941e+01
 Processing Data: sp556spk.mfcc; Label sp556spk.lab
 Utterance prob per frame = -7.441038e+01
 Processing Data: sp556spl.mfcc; Label sp556spl.lab
 Utterance prob per frame = -7.791868e+01
 Processing Data: sp029spk.mfcc; Label sp029spk.lab
 Utterance prob per frame = -8.453749e+01
 Processing Data: sp029spl.mfcc; Label sp029spl.lab
 Utterance prob per frame = -7.365316e+01
 Processing Data: sp077spk.mfcc; Label sp077spk.lab
 Utterance prob per frame = -8.130683e+01
 Processing Data: sp077spl.mfcc; Label sp077spl.lab
 Utterance prob per frame = -7.563586e+01
 Processing Data: sp123spk.mfcc; Label sp123spk.lab
 Utterance prob per frame = -8.614911e+01
 Processing Data: sp123spl.mfcc; Label sp123spl.lab
 Utterance prob per frame = -7.531872e+01
 Processing Data: sp171spk.mfcc; Label sp171spk.lab
 Utterance prob per frame = -8.540310e+01
 Processing Data: sp171spl.mfcc; Label sp171spl.lab
 Utterance prob per frame = -7.682177e+01
 Processing Data: sp207spk.mfcc; Label sp207spk.lab
 Utterance prob per frame = -8.331172e+01
 Processing Data: sp207spl.mfcc; Label sp207spl.lab
 Utterance prob per frame = -7.727052e+01
 Processing Data: sp261spk.mfcc; Label sp261spk.lab
 Utterance prob per frame = -8.267674e+01
 Processing Data: sp261spl.mfcc; Label sp261spl.lab
 Utterance prob per frame = -7.570376e+01
 Processing Data: sp293spk.mfcc; Label sp293spk.lab
 Utterance prob per frame = -8.283751e+01
 Processing Data: sp293spl.mfcc; Label sp293spl.lab
 Utterance prob per frame = -7.902396e+01
 Processing Data: sp323spk.mfcc; Label sp323spk.lab
 Utterance prob per frame = -8.665988e+01
 Processing Data: sp323spl.mfcc; Label sp323spl.lab
 Utterance prob per frame = -7.835929e+01
 Processing Data: sp365spk.mfcc; Label sp365spk.lab
 Utterance prob per frame = -8.205365e+01
 Processing Data: sp365spl.mfcc; Label sp365spl.lab
 Utterance prob per frame = -7.501342e+01
 Processing Data: sp395spk.mfcc; Label sp395spk.lab
 Utterance prob per frame = -7.830821e+01
 Processing Data: sp395spl.mfcc; Label sp395spl.lab
 Utterance prob per frame = -7.954140e+01
 Processing Data: sp457spk.mfcc; Label sp457spk.lab
 Utterance prob per frame = -8.183631e+01
 Processing Data: sp457spl.mfcc; Label sp457spl.lab
 Utterance prob per frame = -7.736272e+01
 Processing Data: sp496spk.mfcc; Label sp496spk.lab
 Utterance prob per frame = -7.740977e+01
 Processing Data: sp496spl.mfcc; Label sp496spl.lab
 Utterance prob per frame = -7.700290e+01
 Processing Data: sp520spk.mfcc; Label sp520spk.lab
 Utterance prob per frame = -7.814016e+01
 Processing Data: sp520spl.mfcc; Label sp520spl.lab
 Utterance prob per frame = -8.256239e+01
 Processing Data: sp553spk.mfcc; Label sp553spk.lab
 Utterance prob per frame = -8.363974e+01
 Processing Data: sp553spl.mfcc; Label sp553spl.lab
 Utterance prob per frame = -7.744251e+01
 Processing Data: sp597spk.mfcc; Label sp597spk.lab
 Utterance prob per frame = -8.629932e+01
 Processing Data: sp597spl.mfcc; Label sp597spl.lab
 Utterance prob per frame = -7.979234e+01
 Processing Data: sp011spk.mfcc; Label sp011spk.lab
 Utterance prob per frame = -8.328602e+01
 Processing Data: sp011spl.mfcc; Label sp011spl.lab
 Utterance prob per frame = -7.434056e+01
 Processing Data: sp060spk.mfcc; Label sp060spk.lab
 Utterance prob per frame = -7.807515e+01
 Processing Data: sp060spl.mfcc; Label sp060spl.lab
 Utterance prob per frame = -7.365144e+01
 Processing Data: sp097spk.mfcc; Label sp097spk.lab
 Utterance prob per frame = -8.404691e+01
 Processing Data: sp097spl.mfcc; Label sp097spl.lab
 Utterance prob per frame = -7.401181e+01
 Processing Data: sp135spk.mfcc; Label sp135spk.lab
 Utterance prob per frame = -8.085280e+01
 Processing Data: sp135spl.mfcc; Label sp135spl.lab
 Utterance prob per frame = -7.938525e+01
 Processing Data: sp191spk.mfcc; Label sp191spk.lab
 Utterance prob per frame = -7.757686e+01
 Processing Data: sp191spl.mfcc; Label sp191spl.lab
 Utterance prob per frame = -7.731099e+01
 Processing Data: sp227spk.mfcc; Label sp227spk.lab
 Utterance prob per frame = -7.435353e+01
 Processing Data: sp227spl.mfcc; Label sp227spl.lab
 Utterance prob per frame = -7.858253e+01
 Processing Data: sp280spk.mfcc; Label sp280spk.lab
 Utterance prob per frame = -8.607506e+01
 Processing Data: sp280spl.mfcc; Label sp280spl.lab
 Utterance prob per frame = -7.586823e+01
 Processing Data: sp311spk.mfcc; Label sp311spk.lab
 Utterance prob per frame = -7.899329e+01
 Processing Data: sp311spl.mfcc; Label sp311spl.lab
 Utterance prob per frame = -7.478660e+01
 Processing Data: sp347spk.mfcc; Label sp347spk.lab
 Utterance prob per frame = -7.625799e+01
 Processing Data: sp347spl.mfcc; Label sp347spl.lab
 Utterance prob per frame = -7.481152e+01
 Processing Data: sp383spk.mfcc; Label sp383spk.lab
 Utterance prob per frame = -8.626090e+01
 Processing Data: sp383spl.mfcc; Label sp383spl.lab
 Utterance prob per frame = -7.761906e+01
 Processing Data: sp415spk.mfcc; Label sp415spk.lab
 Utterance prob per frame = -8.496439e+01
 Processing Data: sp415spl.mfcc; Label sp415spl.lab
 Utterance prob per frame = -7.419533e+01
 Processing Data: sp480spk.mfcc; Label sp480spk.lab
 Utterance prob per frame = -7.780465e+01
 Processing Data: sp480spl.mfcc; Label sp480spl.lab
 Utterance prob per frame = -7.686537e+01
 Processing Data: sp507spk.mfcc; Label sp507spk.lab
 Utterance prob per frame = -7.867517e+01
 Processing Data: sp507spl.mfcc; Label sp507spl.lab
 Utterance prob per frame = -7.542324e+01
 Processing Data: sp534spk.mfcc; Label sp534spk.lab
 Utterance prob per frame = -8.265344e+01
 Processing Data: sp534spl.mfcc; Label sp534spl.lab
 Utterance prob per frame = -7.635826e+01
 Processing Data: sp578spk.mfcc; Label sp578spk.lab
 Utterance prob per frame = -7.231529e+01
 Processing Data: sp578spl.mfcc; Label sp578spl.lab
 Utterance prob per frame = -7.971174e+01
 Processing Data: sp011spk.mfcc; Label sp011spk.lab
 Utterance prob per frame = -8.099867e+01
 Processing Data: sp011spl.mfcc; Label sp011spl.lab
 Utterance prob per frame = -7.613380e+01
 Processing Data: sp060spk.mfcc; Label sp060spk.lab
 Utterance prob per frame = -7.928977e+01
 Processing Data: sp060spl.mfcc; Label sp060spl.lab
 Utterance prob per frame = -7.236546e+01
 Processing Data: sp097spk.mfcc; Label sp097spk.lab
 Utterance prob per frame = -8.295276e+01
 Processing Data: sp097spl.mfcc; Label sp097spl.lab
 Utterance prob per frame = -7.519700e+01
 Processing Data: sp135spk.mfcc; Label sp135spk.lab
 Utterance prob per frame = -7.392072e+01
 Processing Data: sp135spl.mfcc; Label sp135spl.lab
 Utterance prob per frame = -7.486435e+01
 Processing Data: sp191spk.mfcc; Label sp191spk.lab
 Utterance prob per frame = -7.834219e+01
 Processing Data: sp191spl.mfcc; Label sp191spl.lab
 Utterance prob per frame = -7.513453e+01
 Processing Data: sp227spk.mfcc; Label sp227spk.lab
 Utterance prob per frame = -7.127288e+01
 Processing Data: sp227spl.mfcc; Label sp227spl.lab
 Utterance prob per frame = -7.506503e+01
 Processing Data: sp280spk.mfcc; Label sp280spk.lab
 Utterance prob per frame = -7.967340e+01
 Processing Data: sp280spl.mfcc; Label sp280spl.lab
 Utterance prob per frame = -7.434009e+01
 Processing Data: sp311spk.mfcc; Label sp311spk.lab
 Utterance prob per frame = -7.715696e+01
 Processing Data: sp311spl.mfcc; Label sp311spl.lab
 Utterance prob per frame = -7.512441e+01
 Processing Data: sp347spk.mfcc; Label sp347spk.lab
 Utterance prob per frame = -7.706287e+01
 Processing Data: sp347spl.mfcc; Label sp347spl.lab
 Utterance prob per frame = -7.294840e+01
 Processing Data: sp383spk.mfcc; Label sp383spk.lab
 Utterance prob per frame = -7.782218e+01
 Processing Data: sp383spl.mfcc; Label sp383spl.lab
 Utterance prob per frame = -7.539777e+01
 Processing Data: sp415spk.mfcc; Label sp415spk.lab
 Utterance prob per frame = -7.752597e+01
 Processing Data: sp415spl.mfcc; Label sp415spl.lab
 Utterance prob per frame = -7.764874e+01
 Processing Data: sp480spk.mfcc; Label sp480spk.lab
 Utterance prob per frame = -7.719901e+01
 Processing Data: sp480spl.mfcc; Label sp480spl.lab
 Utterance prob per frame = -7.461242e+01
 Processing Data: sp507spk.mfcc; Label sp507spk.lab
 Utterance prob per frame = -7.874400e+01
 Processing Data: sp507spl.mfcc; Label sp507spl.lab
 Utterance prob per frame = -7.552185e+01
 Processing Data: sp534spk.mfcc; Label sp534spk.lab
 Utterance prob per frame = -7.699327e+01
 Processing Data: sp534spl.mfcc; Label sp534spl.lab
 Utterance prob per frame = -7.796539e+01
 Processing Data: sp578spk.mfcc; Label sp578spk.lab
 Utterance prob per frame = -7.599128e+01
 Processing Data: sp578spl.mfcc; Label sp578spl.lab
 Utterance prob per frame = -7.822346e+01
 Processing Data: sp004spk.mfcc; Label sp004spk.lab
 Utterance prob per frame = -8.425790e+01
 Processing Data: sp004spl.mfcc; Label sp004spl.lab
 Utterance prob per frame = -7.851963e+01
 Processing Data: sp046spk.mfcc; Label sp046spk.lab
 Utterance prob per frame = -7.837590e+01
 Processing Data: sp046spl.mfcc; Label sp046spl.lab
 Utterance prob per frame = -8.082997e+01
 Processing Data: sp089spk.mfcc; Label sp089spk.lab
 Utterance prob per frame = -7.957478e+01
 Processing Data: sp089spl.mfcc; Label sp089spl.lab
 Utterance prob per frame = -7.948900e+01
 Processing Data: sp131spk.mfcc; Label sp131spk.lab
 Utterance prob per frame = -8.274142e+01
 Processing Data: sp131spl.mfcc; Label sp131spl.lab
 Utterance prob per frame = -8.152476e+01
 Processing Data: sp177spk.mfcc; Label sp177spk.lab
 Utterance prob per frame = -8.318447e+01
 Processing Data: sp177spl.mfcc; Label sp177spl.lab
 Utterance prob per frame = -8.419321e+01
 Processing Data: sp218spk.mfcc; Label sp218spk.lab
 Utterance prob per frame = -8.020666e+01
 Processing Data: sp218spl.mfcc; Label sp218spl.lab
 Utterance prob per frame = -8.109408e+01
 Processing Data: sp273spk.mfcc; Label sp273spk.lab
 Utterance prob per frame = -7.654517e+01
 Processing Data: sp273spl.mfcc; Label sp273spl.lab
 Utterance prob per frame = -7.807894e+01
 Processing Data: sp300spk.mfcc; Label sp300spk.lab
 Utterance prob per frame = -7.943952e+01
 Processing Data: sp300spl.mfcc; Label sp300spl.lab
 Utterance prob per frame = -7.887712e+01
 Processing Data: sp337spk.mfcc; Label sp337spk.lab
 Utterance prob per frame = -8.578842e+01
 Processing Data: sp337spl.mfcc; Label sp337spl.lab
 Utterance prob per frame = -8.273900e+01
 Processing Data: sp376spk.mfcc; Label sp376spk.lab
 Utterance prob per frame = -7.959378e+01
 Processing Data: sp376spl.mfcc; Label sp376spl.lab
 Utterance prob per frame = -8.128275e+01
 Processing Data: sp400spk.mfcc; Label sp400spk.lab
 Utterance prob per frame = -8.021100e+01
 Processing Data: sp400spl.mfcc; Label sp400spl.lab
 Utterance prob per frame = -8.093502e+01
 Processing Data: sp464spk.mfcc; Label sp464spk.lab
 Utterance prob per frame = -7.681072e+01
 Processing Data: sp464spl.mfcc; Label sp464spl.lab
 Utterance prob per frame = -8.225344e+01
 Processing Data: sp505spk.mfcc; Label sp505spk.lab
 Utterance prob per frame = -7.942973e+01
 Processing Data: sp505spl.mfcc; Label sp505spl.lab
 Utterance prob per frame = -7.799949e+01
 Processing Data: sp526spk.mfcc; Label sp526spk.lab
 Utterance prob per frame = -7.704638e+01
 Processing Data: sp526spl.mfcc; Label sp526spl.lab
 Utterance prob per frame = -7.746606e+01
 Processing Data: sp574spk.mfcc; Label sp574spk.lab
 Utterance prob per frame = -8.108131e+01
 Processing Data: sp574spl.mfcc; Label sp574spl.lab
 Utterance prob per frame = -8.259195e+01
 Processing Data: sp022spk.mfcc; Label sp022spk.lab
 Utterance prob per frame = -7.055406e+01
 Processing Data: sp022spl.mfcc; Label sp022spl.lab
 Utterance prob per frame = -7.487458e+01
 Processing Data: sp068spk.mfcc; Label sp068spk.lab
 Utterance prob per frame = -7.741490e+01
 Processing Data: sp068spl.mfcc; Label sp068spl.lab
 Utterance prob per frame = -7.477707e+01
 Processing Data: sp116spk.mfcc; Label sp116spk.lab
 Utterance prob per frame = -7.477255e+01
 Processing Data: sp116spl.mfcc; Label sp116spl.lab
 Utterance prob per frame = -7.260394e+01
 Processing Data: sp164spk.mfcc; Label sp164spk.lab
 Utterance prob per frame = -7.555120e+01
 Processing Data: sp164spl.mfcc; Label sp164spl.lab
 Utterance prob per frame = -7.459502e+01
 Processing Data: sp197spk.mfcc; Label sp197spk.lab
 Utterance prob per frame = -8.390053e+01
 Processing Data: sp197spl.mfcc; Label sp197spl.lab
 Utterance prob per frame = -7.544040e+01
 Processing Data: sp250spk.mfcc; Label sp250spk.lab
 Utterance prob per frame = -7.484842e+01
 Processing Data: sp250spl.mfcc; Label sp250spl.lab
 Utterance prob per frame = -7.628334e+01
 Processing Data: sp285spk.mfcc; Label sp285spk.lab
 Utterance prob per frame = -7.770120e+01
 Processing Data: sp285spl.mfcc; Label sp285spl.lab
 Utterance prob per frame = -7.613463e+01
 Processing Data: sp314spk.mfcc; Label sp314spk.lab
 Utterance prob per frame = -7.649246e+01
 Processing Data: sp314spl.mfcc; Label sp314spl.lab
 Utterance prob per frame = -7.641347e+01
 Processing Data: sp359spk.mfcc; Label sp359spk.lab
 Utterance prob per frame = -7.582001e+01
 Processing Data: sp359spl.mfcc; Label sp359spl.lab
 Utterance prob per frame = -8.058191e+01
 Processing Data: sp393spk.mfcc; Label sp393spk.lab
 Utterance prob per frame = -7.595856e+01
 Processing Data: sp393spl.mfcc; Label sp393spl.lab
 Utterance prob per frame = -7.607388e+01
 Processing Data: sp447spk.mfcc; Label sp447spk.lab
 Utterance prob per frame = -7.207677e+01
 Processing Data: sp447spl.mfcc; Label sp447spl.lab
 Utterance prob per frame = -7.471718e+01
 Processing Data: sp488spk.mfcc; Label sp488spk.lab
 Utterance prob per frame = -7.477548e+01
 Processing Data: sp488spl.mfcc; Label sp488spl.lab
 Utterance prob per frame = -7.536564e+01
 Processing Data: sp512spk.mfcc; Label sp512spk.lab
 Utterance prob per frame = -7.293261e+01
 Processing Data: sp512spl.mfcc; Label sp512spl.lab
 Utterance prob per frame = -7.783759e+01
 Processing Data: sp544spk.mfcc; Label sp544spk.lab
 Utterance prob per frame = -7.582570e+01
 Processing Data: sp544spl.mfcc; Label sp544spl.lab
 Utterance prob per frame = -7.544986e+01
 Processing Data: sp585spk.mfcc; Label sp585spk.lab
 Utterance prob per frame = -8.281177e+01
 Processing Data: sp585spl.mfcc; Label sp585spl.lab
 Utterance prob per frame = -7.577094e+01
 Processing Data: sp005spk.mfcc; Label sp005spk.lab
 Utterance prob per frame = -7.700890e+01
 Processing Data: sp005spl.mfcc; Label sp005spl.lab
 Utterance prob per frame = -7.404387e+01
 Processing Data: sp055spk.mfcc; Label sp055spk.lab
 Utterance prob per frame = -7.586726e+01
 Processing Data: sp055spl.mfcc; Label sp055spl.lab
 Utterance prob per frame = -8.105131e+01
 Processing Data: sp094spk.mfcc; Label sp094spk.lab
 Utterance prob per frame = -7.957175e+01
 Processing Data: sp094spl.mfcc; Label sp094spl.lab
 Utterance prob per frame = -7.323366e+01
 Processing Data: sp134spk.mfcc; Label sp134spk.lab
 Utterance prob per frame = -7.559497e+01
 Processing Data: sp134spl.mfcc; Label sp134spl.lab
 Utterance prob per frame = -7.221925e+01
 Processing Data: sp184spk.mfcc; Label sp184spk.lab
 Utterance prob per frame = -7.960108e+01
 Processing Data: sp184spl.mfcc; Label sp184spl.lab
 Utterance prob per frame = -7.484611e+01
 Processing Data: sp219spk.mfcc; Label sp219spk.lab
 Utterance prob per frame = -8.153980e+01
 Processing Data: sp219spl.mfcc; Label sp219spl.lab
 Utterance prob per frame = -7.537432e+01
 Processing Data: sp276spk.mfcc; Label sp276spk.lab
 Utterance prob per frame = -8.301932e+01
 Processing Data: sp276spl.mfcc; Label sp276spl.lab
 Utterance prob per frame = -7.663096e+01
 Processing Data: sp304spk.mfcc; Label sp304spk.lab
 Utterance prob per frame = -7.651307e+01
 Processing Data: sp304spl.mfcc; Label sp304spl.lab
 Utterance prob per frame = -7.706878e+01
 Processing Data: sp340spk.mfcc; Label sp340spk.lab
 Utterance prob per frame = -8.280968e+01
 Processing Data: sp340spl.mfcc; Label sp340spl.lab
 Utterance prob per frame = -7.835480e+01
 Processing Data: sp378spk.mfcc; Label sp378spk.lab
 Utterance prob per frame = -8.029048e+01
 Processing Data: sp378spl.mfcc; Label sp378spl.lab
 Utterance prob per frame = -7.785978e+01
 Processing Data: sp403spk.mfcc; Label sp403spk.lab
 Utterance prob per frame = -8.257278e+01
 Processing Data: sp403spl.mfcc; Label sp403spl.lab
 Utterance prob per frame = -7.569652e+01
 Processing Data: sp475spk.mfcc; Label sp475spk.lab
 Utterance prob per frame = -7.810959e+01
 Processing Data: sp475spl.mfcc; Label sp475spl.lab
 Utterance prob per frame = -7.941382e+01
 Processing Data: sp506spk.mfcc; Label sp506spk.lab
 Utterance prob per frame = -7.924537e+01
 Processing Data: sp506spl.mfcc; Label sp506spl.lab
 Utterance prob per frame = -7.600479e+01
 Processing Data: sp530spk.mfcc; Label sp530spk.lab
 Utterance prob per frame = -8.095430e+01
 Processing Data: sp530spl.mfcc; Label sp530spl.lab
 Utterance prob per frame = -7.767936e+01
 Processing Data: sp576spk.mfcc; Label sp576spk.lab
 Utterance prob per frame = -8.774561e+01
 Processing Data: sp576spl.mfcc; Label sp576spl.lab
 Utterance prob per frame = -8.413095e+01
 Processing Data: sp022spk.mfcc; Label sp022spk.lab
 Utterance prob per frame = -7.889905e+01
 Processing Data: sp022spl.mfcc; Label sp022spl.lab
 Utterance prob per frame = -7.661006e+01
 Processing Data: sp068spk.mfcc; Label sp068spk.lab
 Utterance prob per frame = -7.737461e+01
 Processing Data: sp068spl.mfcc; Label sp068spl.lab
 Utterance prob per frame = -7.544266e+01
 Processing Data: sp116spk.mfcc; Label sp116spk.lab
 Utterance prob per frame = -7.722797e+01
 Processing Data: sp116spl.mfcc; Label sp116spl.lab
 Utterance prob per frame = -7.658967e+01
 Processing Data: sp164spk.mfcc; Label sp164spk.lab
 Utterance prob per frame = -8.208155e+01
 Processing Data: sp164spl.mfcc; Label sp164spl.lab
 Utterance prob per frame = -7.835074e+01
 Processing Data: sp197spk.mfcc; Label sp197spk.lab
 Utterance prob per frame = -8.260460e+01
 Processing Data: sp197spl.mfcc; Label sp197spl.lab
 Utterance prob per frame = -7.912897e+01
 Processing Data: sp250spk.mfcc; Label sp250spk.lab
 Utterance prob per frame = -7.582693e+01
 Processing Data: sp250spl.mfcc; Label sp250spl.lab
 Utterance prob per frame = -8.207515e+01
 Processing Data: sp285spk.mfcc; Label sp285spk.lab
 Utterance prob per frame = -7.958791e+01
 Processing Data: sp285spl.mfcc; Label sp285spl.lab
 Utterance prob per frame = -7.994701e+01
 Processing Data: sp314spk.mfcc; Label sp314spk.lab
 Utterance prob per frame = -7.953450e+01
 Processing Data: sp314spl.mfcc; Label sp314spl.lab
 Utterance prob per frame = -7.846871e+01
 Processing Data: sp359spk.mfcc; Label sp359spk.lab
 Utterance prob per frame = -7.534833e+01
 Processing Data: sp359spl.mfcc; Label sp359spl.lab
 Utterance prob per frame = -7.547300e+01
 Processing Data: sp393spk.mfcc; Label sp393spk.lab
 Utterance prob per frame = -8.225436e+01
 Processing Data: sp393spl.mfcc; Label sp393spl.lab
 Utterance prob per frame = -7.853447e+01
 Processing Data: sp447spk.mfcc; Label sp447spk.lab
 Utterance prob per frame = -7.270207e+01
 Processing Data: sp447spl.mfcc; Label sp447spl.lab
 Utterance prob per frame = -7.668769e+01
 Processing Data: sp488spk.mfcc; Label sp488spk.lab
 Utterance prob per frame = -8.082058e+01
 Processing Data: sp488spl.mfcc; Label sp488spl.lab
 Utterance prob per frame = -7.948071e+01
 Processing Data: sp512spk.mfcc; Label sp512spk.lab
 Utterance prob per frame = -7.495327e+01
 Processing Data: sp512spl.mfcc; Label sp512spl.lab
 Utterance prob per frame = -8.216772e+01
 Processing Data: sp544spk.mfcc; Label sp544spk.lab
 Utterance prob per frame = -7.596917e+01
 Processing Data: sp544spl.mfcc; Label sp544spl.lab
 Utterance prob per frame = -7.576299e+01
 Processing Data: sp585spk.mfcc; Label sp585spk.lab
 Utterance prob per frame = -7.955963e+01
 Processing Data: sp585spl.mfcc; Label sp585spl.lab
 Utterance prob per frame = -7.912899e+01
 Processing Data: sp003spk.mfcc; Label sp003spk.lab
 Utterance prob per frame = -7.542536e+01
 Processing Data: sp003spl.mfcc; Label sp003spl.lab
 Utterance prob per frame = -7.449935e+01
 Processing Data: sp040spk.mfcc; Label sp040spk.lab
 Utterance prob per frame = -8.151014e+01
 Processing Data: sp040spl.mfcc; Label sp040spl.lab
 Utterance prob per frame = -7.623579e+01
 Processing Data: sp083spk.mfcc; Label sp083spk.lab
 Utterance prob per frame = -7.599533e+01
 Processing Data: sp083spl.mfcc; Label sp083spl.lab
 Utterance prob per frame = -7.684333e+01
 Processing Data: sp126spk.mfcc; Label sp126spk.lab
 Utterance prob per frame = -8.562452e+01
 Processing Data: sp126spl.mfcc; Label sp126spl.lab
 Utterance prob per frame = -7.545312e+01
 Processing Data: sp175spk.mfcc; Label sp175spk.lab
 Utterance prob per frame = -8.392565e+01
 Processing Data: sp175spl.mfcc; Label sp175spl.lab
 Utterance prob per frame = -7.412641e+01
 Processing Data: sp216spk.mfcc; Label sp216spk.lab
 Utterance prob per frame = -8.728694e+01
 Processing Data: sp216spl.mfcc; Label sp216spl.lab
 Utterance prob per frame = -7.604109e+01
 Processing Data: sp267spk.mfcc; Label sp267spk.lab
 Utterance prob per frame = -8.649548e+01
 Processing Data: sp267spl.mfcc; Label sp267spl.lab
 Utterance prob per frame = -7.571095e+01
 Processing Data: sp298spk.mfcc; Label sp298spk.lab
 Utterance prob per frame = -8.142889e+01
 Processing Data: sp298spl.mfcc; Label sp298spl.lab
 Utterance prob per frame = -7.745672e+01
 Processing Data: sp336spk.mfcc; Label sp336spk.lab
 Utterance prob per frame = -8.164157e+01
 Processing Data: sp336spl.mfcc; Label sp336spl.lab
 Utterance prob per frame = -7.770646e+01
 Processing Data: sp375spk.mfcc; Label sp375spk.lab
 Utterance prob per frame = -8.188575e+01
 Processing Data: sp375spl.mfcc; Label sp375spl.lab
 Utterance prob per frame = -7.768515e+01
 Processing Data: sp398spk.mfcc; Label sp398spk.lab
 Utterance prob per frame = -8.150495e+01
 Processing Data: sp398spl.mfcc; Label sp398spl.lab
 Utterance prob per frame = -7.647161e+01
 Processing Data: sp463spk.mfcc; Label sp463spk.lab
 Utterance prob per frame = -7.924765e+01
 Processing Data: sp463spl.mfcc; Label sp463spl.lab
 Utterance prob per frame = -7.654836e+01
 Processing Data: sp502spk.mfcc; Label sp502spk.lab
 Utterance prob per frame = -7.598950e+01
 Processing Data: sp502spl.mfcc; Label sp502spl.lab
 Utterance prob per frame = -7.676983e+01
 Processing Data: sp524spk.mfcc; Label sp524spk.lab
 Utterance prob per frame = -8.894472e+01
 Processing Data: sp524spl.mfcc; Label sp524spl.lab
 Utterance prob per frame = -7.819176e+01
 Processing Data: sp569spk.mfcc; Label sp569spk.lab
 Utterance prob per frame = -8.030871e+01
 Processing Data: sp569spl.mfcc; Label sp569spl.lab
 Utterance prob per frame = -7.797879e+01
 Processing Data: sp004spk.mfcc; Label sp004spk.lab
 Utterance prob per frame = -7.815053e+01
 Processing Data: sp004spl.mfcc; Label sp004spl.lab
 Utterance prob per frame = -7.894497e+01
 Processing Data: sp046spk.mfcc; Label sp046spk.lab
 Utterance prob per frame = -7.854567e+01
 Processing Data: sp046spl.mfcc; Label sp046spl.lab
 Utterance prob per frame = -8.314960e+01
 Processing Data: sp089spk.mfcc; Label sp089spk.lab
 Utterance prob per frame = -7.854682e+01
 Processing Data: sp089spl.mfcc; Label sp089spl.lab
 Utterance prob per frame = -8.270231e+01
 Processing Data: sp131spk.mfcc; Label sp131spk.lab
 Utterance prob per frame = -8.779226e+01
 Processing Data: sp131spl.mfcc; Label sp131spl.lab
 Utterance prob per frame = -8.179717e+01
 Processing Data: sp177spk.mfcc; Label sp177spk.lab
 Utterance prob per frame = -7.788976e+01
 Processing Data: sp177spl.mfcc; Label sp177spl.lab
 Utterance prob per frame = -7.949935e+01
 Processing Data: sp218spk.mfcc; Label sp218spk.lab
 Utterance prob per frame = -7.985187e+01
 Processing Data: sp218spl.mfcc; Label sp218spl.lab
 Utterance prob per frame = -8.072408e+01
 Processing Data: sp273spk.mfcc; Label sp273spk.lab
 Utterance prob per frame = -8.253617e+01
 Processing Data: sp273spl.mfcc; Label sp273spl.lab
 Utterance prob per frame = -7.857975e+01
 Processing Data: sp300spk.mfcc; Label sp300spk.lab
 Utterance prob per frame = -7.969134e+01
 Processing Data: sp300spl.mfcc; Label sp300spl.lab
 Utterance prob per frame = -7.918008e+01
 Processing Data: sp337spk.mfcc; Label sp337spk.lab
 Utterance prob per frame = -8.486894e+01
 Processing Data: sp337spl.mfcc; Label sp337spl.lab
 Utterance prob per frame = -8.395744e+01
 Processing Data: sp376spk.mfcc; Label sp376spk.lab
 Utterance prob per frame = -7.871090e+01
 Processing Data: sp376spl.mfcc; Label sp376spl.lab
 Utterance prob per frame = -8.846929e+01
 Processing Data: sp400spk.mfcc; Label sp400spk.lab
 Utterance prob per frame = -8.449932e+01
 Processing Data: sp400spl.mfcc; Label sp400spl.lab
 Utterance prob per frame = -8.273712e+01
 Processing Data: sp464spk.mfcc; Label sp464spk.lab
 Utterance prob per frame = -7.623646e+01
 Processing Data: sp464spl.mfcc; Label sp464spl.lab
 Utterance prob per frame = -8.907679e+01
 Processing Data: sp505spk.mfcc; Label sp505spk.lab
 Utterance prob per frame = -7.651343e+01
 Processing Data: sp505spl.mfcc; Label sp505spl.lab
 Utterance prob per frame = -7.501275e+01
 Processing Data: sp526spk.mfcc; Label sp526spk.lab
 Utterance prob per frame = -7.693845e+01
 Processing Data: sp526spl.mfcc; Label sp526spl.lab
 Utterance prob per frame = -7.685801e+01
 Processing Data: sp574spk.mfcc; Label sp574spk.lab
 Utterance prob per frame = -7.864635e+01
 Processing Data: sp574spl.mfcc; Label sp574spl.lab
 Utterance prob per frame = -8.420777e+01
Total 393 floored variance elements in 83 different mixes
Saving hmm's to dir Current
Reestimation complete - average log prob per frame = -7.764896e+01
     - total frames seen          = 1.554810e+05
