HERest  ML Updating: Transitions Means Variances MixWeights 

 System is PLAIN
45 Logical/45 Physical Models Loaded, VecSize=39
2 MMF input files
Pruning-On[250.0 150.0 1000.0]
 Processing Data: sp015spk.mfcc; Label sp015spk.lab
 Utterance prob per frame = -7.004631e+01
 Processing Data: sp015spl.mfcc; Label sp015spl.lab
 Utterance prob per frame = -7.401122e+01
 Processing Data: sp049spk.mfcc; Label sp049spk.lab
 Utterance prob per frame = -7.468897e+01
 Processing Data: sp049spl.mfcc; Label sp049spl.lab
 Utterance prob per frame = -7.594351e+01
 Processing Data: sp087spk.mfcc; Label sp087spk.lab
 Utterance prob per frame = -7.942592e+01
 Processing Data: sp087spl.mfcc; Label sp087spl.lab
 Utterance prob per frame = -7.540206e+01
 Processing Data: sp128spk.mfcc; Label sp128spk.lab
 Utterance prob per frame = -7.750769e+01
 Processing Data: sp128spl.mfcc; Label sp128spl.lab
 Utterance prob per frame = -7.596572e+01
 Processing Data: sp172spk.mfcc; Label sp172spk.lab
 Utterance prob per frame = -7.841331e+01
 Processing Data: sp172spl.mfcc; Label sp172spl.lab
 Utterance prob per frame = -7.708259e+01
 Processing Data: sp209spk.mfcc; Label sp209spk.lab
 Utterance prob per frame = -7.907177e+01
 Processing Data: sp209spl.mfcc; Label sp209spl.lab
 Utterance prob per frame = -7.308767e+01
 Processing Data: sp246spk.mfcc; Label sp246spk.lab
 Utterance prob per frame = -6.675534e+01
 Processing Data: sp246spl.mfcc; Label sp246spl.lab
 Utterance prob per frame = -7.844223e+01
 Processing Data: sp289spk.mfcc; Label sp289spk.lab
 Utterance prob per frame = -7.737687e+01
 Processing Data: sp289spl.mfcc; Label sp289spl.lab
 Utterance prob per frame = -7.494157e+01
 Processing Data: sp328spk.mfcc; Label sp328spk.lab
 Utterance prob per frame = -8.180163e+01
 Processing Data: sp328spl.mfcc; Label sp328spl.lab
 Utterance prob per frame = -7.556854e+01
 Processing Data: sp372spk.mfcc; Label sp372spk.lab
 Utterance prob per frame = -7.127989e+01
 Processing Data: sp372spl.mfcc; Label sp372spl.lab
 Utterance prob per frame = -7.739034e+01
 Processing Data: sp413spk.mfcc; Label sp413spk.lab
 Utterance prob per frame = -7.681728e+01
 Processing Data: sp413spl.mfcc; Label sp413spl.lab
 Utterance prob per frame = -7.239690e+01
 Processing Data: sp444spk.mfcc; Label sp444spk.lab
 Utterance prob per frame = -7.510370e+01
 Processing Data: sp444spl.mfcc; Label sp444spl.lab
 Utterance prob per frame = -7.451143e+01
 Processing Data: sp485spk.mfcc; Label sp485spk.lab
 Utterance prob per frame = -7.587499e+01
 Processing Data: sp485spl.mfcc; Label sp485spl.lab
 Utterance prob per frame = -7.473777e+01
 Processing Data: sp531spk.mfcc; Label sp531spk.lab
 Utterance prob per frame = -7.590361e+01
 Processing Data: sp531spl.mfcc; Label sp531spl.lab
 Utterance prob per frame = -7.878285e+01
 Processing Data: sp566spk.mfcc; Label sp566spk.lab
 Utterance prob per frame = -7.743883e+01
 Processing Data: sp566spl.mfcc; Label sp566spl.lab
 Utterance prob per frame = -7.983478e+01
 Processing Data: sp028spk.mfcc; Label sp028spk.lab
 Utterance prob per frame = -7.092536e+01
 Processing Data: sp028spl.mfcc; Label sp028spl.lab
 Utterance prob per frame = -7.187937e+01
 Processing Data: sp061spk.mfcc; Label sp061spk.lab
 Utterance prob per frame = -7.301636e+01
 Processing Data: sp061spl.mfcc; Label sp061spl.lab
 Utterance prob per frame = -7.050782e+01
 Processing Data: sp104spk.mfcc; Label sp104spk.lab
 Utterance prob per frame = -7.336479e+01
 Processing Data: sp104spl.mfcc; Label sp104spl.lab
 Utterance prob per frame = -7.007197e+01
 Processing Data: sp149spk.mfcc; Label sp149spk.lab
 Utterance prob per frame = -7.219427e+01
 Processing Data: sp149spl.mfcc; Label sp149spl.lab
 Utterance prob per frame = -6.635388e+01
 Processing Data: sp188spk.mfcc; Label sp188spk.lab
 Utterance prob per frame = -7.247039e+01
 Processing Data: sp188spl.mfcc; Label sp188spl.lab
 Utterance prob per frame = -7.317594e+01
 Processing Data: sp223spk.mfcc; Label sp223spk.lab
 Utterance prob per frame = -7.287558e+01
 Processing Data: sp223spl.mfcc; Label sp223spl.lab
 Utterance prob per frame = -6.721471e+01
 Processing Data: sp262spk.mfcc; Label sp262spk.lab
 Utterance prob per frame = -7.663731e+01
 Processing Data: sp262spl.mfcc; Label sp262spl.lab
 Utterance prob per frame = -7.063068e+01
 Processing Data: sp303spk.mfcc; Label sp303spk.lab
 Utterance prob per frame = -7.693806e+01
 Processing Data: sp303spl.mfcc; Label sp303spl.lab
 Utterance prob per frame = -7.049056e+01
 Processing Data: sp346spk.mfcc; Label sp346spk.lab
 Utterance prob per frame = -7.521372e+01
 Processing Data: sp346spl.mfcc; Label sp346spl.lab
 Utterance prob per frame = -7.101603e+01
 Processing Data: sp385spk.mfcc; Label sp385spk.lab
 Utterance prob per frame = -8.008453e+01
 Processing Data: sp385spl.mfcc; Label sp385spl.lab
 Utterance prob per frame = -7.090598e+01
 Processing Data: sp425spk.mfcc; Label sp425spk.lab
 Utterance prob per frame = -7.921750e+01
 Processing Data: sp425spl.mfcc; Label sp425spl.lab
 Utterance prob per frame = -7.208535e+01
 Processing Data: sp456spk.mfcc; Label sp456spk.lab
 Utterance prob per frame = -7.506646e+01
 Processing Data: sp456spl.mfcc; Label sp456spl.lab
 Utterance prob per frame = -7.146290e+01
 Processing Data: sp500spk.mfcc; Label sp500spk.lab
 Utterance prob per frame = -7.592455e+01
 Processing Data: sp500spl.mfcc; Label sp500spl.lab
 Utterance prob per frame = -7.162054e+01
 Processing Data: sp543spk.mfcc; Label sp543spk.lab
 Utterance prob per frame = -6.985845e+01
 Processing Data: sp543spl.mfcc; Label sp543spl.lab
 Utterance prob per frame = -6.945793e+01
 Processing Data: sp586spk.mfcc; Label sp586spk.lab
 Utterance prob per frame = -7.464394e+01
 Processing Data: sp586spl.mfcc; Label sp586spl.lab
 Utterance prob per frame = -7.275677e+01
 Processing Data: sp036spk.mfcc; Label sp036spk.lab
 Utterance prob per frame = -7.096203e+01
 Processing Data: sp036spl.mfcc; Label sp036spl.lab
 Utterance prob per frame = -6.544180e+01
 Processing Data: sp073spk.mfcc; Label sp073spk.lab
 Utterance prob per frame = -6.894524e+01
 Processing Data: sp073spl.mfcc; Label sp073spl.lab
 Utterance prob per frame = -6.938505e+01
 Processing Data: sp113spk.mfcc; Label sp113spk.lab
 Utterance prob per frame = -7.866890e+01
 Processing Data: sp113spl.mfcc; Label sp113spl.lab
 Utterance prob per frame = -6.816734e+01
 Processing Data: sp161spk.mfcc; Label sp161spk.lab
 Utterance prob per frame = -7.437819e+01
 Processing Data: sp161spl.mfcc; Label sp161spl.lab
 Utterance prob per frame = -7.006324e+01
 Processing Data: sp199spk.mfcc; Label sp199spk.lab
 Utterance prob per frame = -7.556609e+01
 Processing Data: sp199spl.mfcc; Label sp199spl.lab
 Utterance prob per frame = -7.185986e+01
 Processing Data: sp234spk.mfcc; Label sp234spk.lab
 Utterance prob per frame = -7.875428e+01
 Processing Data: sp234spl.mfcc; Label sp234spl.lab
 Utterance prob per frame = -6.749393e+01
 Processing Data: sp271spk.mfcc; Label sp271spk.lab
 Utterance prob per frame = -7.208698e+01
 Processing Data: sp271spl.mfcc; Label sp271spl.lab
 Utterance prob per frame = -7.166967e+01
 Processing Data: sp310spk.mfcc; Label sp310spk.lab
 Utterance prob per frame = -7.010700e+01
 Processing Data: sp310spl.mfcc; Label sp310spl.lab
 Utterance prob per frame = -6.811327e+01
 Processing Data: sp361spk.mfcc; Label sp361spk.lab
 Utterance prob per frame = -7.318971e+01
 Processing Data: sp361spl.mfcc; Label sp361spl.lab
 Utterance prob per frame = -7.267925e+01
 Processing Data: sp404spk.mfcc; Label sp404spk.lab
 Utterance prob per frame = -7.932924e+01
 Processing Data: sp404spl.mfcc; Label sp404spl.lab
 Utterance prob per frame = -7.016045e+01
 Processing Data: sp434spk.mfcc; Label sp434spk.lab
 Utterance prob per frame = -7.652375e+01
 Processing Data: sp434spl.mfcc; Label sp434spl.lab
 Utterance prob per frame = -6.882367e+01
 Processing Data: sp470spk.mfcc; Label sp470spk.lab
 Utterance prob per frame = -6.681964e+01
 Processing Data: sp470spl.mfcc; Label sp470spl.lab
 Utterance prob per frame = -6.747385e+01
 Processing Data: sp517spk.mfcc; Label sp517spk.lab
 Utterance prob per frame = -6.718810e+01
 Processing Data: sp517spl.mfcc; Label sp517spl.lab
 Utterance prob per frame = -6.989358e+01
 Processing Data: sp551spk.mfcc; Label sp551spk.lab
 Utterance prob per frame = -7.170454e+01
 Processing Data: sp551spl.mfcc; Label sp551spl.lab
 Utterance prob per frame = -6.752920e+01
 Processing Data: sp600spk.mfcc; Label sp600spk.lab
 Utterance prob per frame = -7.335759e+01
 Processing Data: sp600spl.mfcc; Label sp600spl.lab
 Utterance prob per frame = -6.727350e+01
 Processing Data: sp035spk.mfcc; Label sp035spk.lab
 Utterance prob per frame = -7.470173e+01
 Processing Data: sp035spl.mfcc; Label sp035spl.lab
 Utterance prob per frame = -7.249688e+01
 Processing Data: sp072spk.mfcc; Label sp072spk.lab
 Utterance prob per frame = -6.918517e+01
 Processing Data: sp072spl.mfcc; Label sp072spl.lab
 Utterance prob per frame = -7.109868e+01
 Processing Data: sp112spk.mfcc; Label sp112spk.lab
 Utterance prob per frame = -7.928774e+01
 Processing Data: sp112spl.mfcc; Label sp112spl.lab
 Utterance prob per frame = -6.991523e+01
 Processing Data: sp156spk.mfcc; Label sp156spk.lab
 Utterance prob per frame = -7.698211e+01
 Processing Data: sp156spl.mfcc; Label sp156spl.lab
 Utterance prob per frame = -6.709114e+01
 Processing Data: sp195spk.mfcc; Label sp195spk.lab
 Utterance prob per frame = -7.165673e+01
 Processing Data: sp195spl.mfcc; Label sp195spl.lab
 Utterance prob per frame = -7.310187e+01
 Processing Data: sp232spk.mfcc; Label sp232spk.lab
 Utterance prob per frame = -7.913910e+01
 Processing Data: sp232spl.mfcc; Label sp232spl.lab
 Utterance prob per frame = -7.498444e+01
 Processing Data: sp270spk.mfcc; Label sp270spk.lab
 Utterance prob per frame = -7.213746e+01
 Processing Data: sp270spl.mfcc; Label sp270spl.lab
 Utterance prob per frame = -6.968636e+01
 Processing Data: sp309spk.mfcc; Label sp309spk.lab
 Utterance prob per frame = -7.467476e+01
 Processing Data: sp309spl.mfcc; Label sp309spl.lab
 Utterance prob per frame = -6.994431e+01
 Processing Data: sp358spk.mfcc; Label sp358spk.lab
 Utterance prob per frame = -7.180057e+01
 Processing Data: sp358spl.mfcc; Label sp358spl.lab
 Utterance prob per frame = -7.114289e+01
 Processing Data: sp392spk.mfcc; Label sp392spk.lab
 Utterance prob per frame = -7.625389e+01
 Processing Data: sp392spl.mfcc; Label sp392spl.lab
 Utterance prob per frame = -7.242354e+01
 Processing Data: sp432spk.mfcc; Label sp432spk.lab
 Utterance prob per frame = -7.748639e+01
 Processing Data: sp432spl.mfcc; Label sp432spl.lab
 Utterance prob per frame = -7.107989e+01
 Processing Data: sp467spk.mfcc; Label sp467spk.lab
 Utterance prob per frame = -7.343574e+01
 Processing Data: sp467spl.mfcc; Label sp467spl.lab
 Utterance prob per frame = -7.277544e+01
 Processing Data: sp516spk.mfcc; Label sp516spk.lab
 Utterance prob per frame = -6.637012e+01
 Processing Data: sp516spl.mfcc; Label sp516spl.lab
 Utterance prob per frame = -6.934706e+01
 Processing Data: sp549spk.mfcc; Label sp549spk.lab
 Utterance prob per frame = -6.804425e+01
 Processing Data: sp549spl.mfcc; Label sp549spl.lab
 Utterance prob per frame = -7.018080e+01
 Processing Data: sp598spk.mfcc; Label sp598spk.lab
 Utterance prob per frame = -7.778746e+01
 Processing Data: sp598spl.mfcc; Label sp598spl.lab
 Utterance prob per frame = -7.215389e+01
 Processing Data: sp018spk.mfcc; Label sp018spk.lab
 Utterance prob per frame = -7.880434e+01
 Processing Data: sp018spl.mfcc; Label sp018spl.lab
 Utterance prob per frame = -7.151218e+01
 Processing Data: sp052spk.mfcc; Label sp052spk.lab
 Utterance prob per frame = -7.750179e+01
 Processing Data: sp052spl.mfcc; Label sp052spl.lab
 Utterance prob per frame = -7.166803e+01
 Processing Data: sp090spk.mfcc; Label sp090spk.lab
 Utterance prob per frame = -7.110792e+01
 Processing Data: sp090spl.mfcc; Label sp090spl.lab
 Utterance prob per frame = -7.082665e+01
 Processing Data: sp130spk.mfcc; Label sp130spk.lab
 Utterance prob per frame = -7.833528e+01
 Processing Data: sp130spl.mfcc; Label sp130spl.lab
 Utterance prob per frame = -7.128107e+01
 Processing Data: sp176spk.mfcc; Label sp176spk.lab
 Utterance prob per frame = -8.007868e+01
 Processing Data: sp176spl.mfcc; Label sp176spl.lab
 Utterance prob per frame = -7.244693e+01
 Processing Data: sp211spk.mfcc; Label sp211spk.lab
 Utterance prob per frame = -7.540337e+01
 Processing Data: sp211spl.mfcc; Label sp211spl.lab
 Utterance prob per frame = -7.185934e+01
 Processing Data: sp248spk.mfcc; Label sp248spk.lab
 Utterance prob per frame = -6.946642e+01
 Processing Data: sp248spl.mfcc; Label sp248spl.lab
 Utterance prob per frame = -6.981936e+01
 Processing Data: sp291spk.mfcc; Label sp291spk.lab
 Utterance prob per frame = -7.395890e+01
 Processing Data: sp291spl.mfcc; Label sp291spl.lab
 Utterance prob per frame = -7.222897e+01
 Processing Data: sp331spk.mfcc; Label sp331spk.lab
 Utterance prob per frame = -7.920875e+01
 Processing Data: sp331spl.mfcc; Label sp331spl.lab
 Utterance prob per frame = -7.284976e+01
 Processing Data: sp374spk.mfcc; Label sp374spk.lab
 Utterance prob per frame = -7.803935e+01
 Processing Data: sp374spl.mfcc; Label sp374spl.lab
 Utterance prob per frame = -7.397237e+01
 Processing Data: sp418spk.mfcc; Label sp418spk.lab
 Utterance prob per frame = -7.805865e+01
 Processing Data: sp418spl.mfcc; Label sp418spl.lab
 Utterance prob per frame = -7.488669e+01
 Processing Data: sp446spk.mfcc; Label sp446spk.lab
 Utterance prob per frame = -7.526689e+01
 Processing Data: sp446spl.mfcc; Label sp446spl.lab
 Utterance prob per frame = -7.456011e+01
 Processing Data: sp487spk.mfcc; Label sp487spk.lab
 Utterance prob per frame = -7.463923e+01
 Processing Data: sp487spl.mfcc; Label sp487spl.lab
 Utterance prob per frame = -7.221511e+01
 Processing Data: sp532spk.mfcc; Label sp532spk.lab
 Utterance prob per frame = -6.826524e+01
 Processing Data: sp532spl.mfcc; Label sp532spl.lab
 Utterance prob per frame = -7.222965e+01
 Processing Data: sp567spk.mfcc; Label sp567spk.lab
 Utterance prob per frame = -7.965303e+01
 Processing Data: sp567spl.mfcc; Label sp567spl.lab
 Utterance prob per frame = -7.264151e+01
 Processing Data: sp001spk.mfcc; Label sp001spk.lab
 Utterance prob per frame = -8.002624e+01
 Processing Data: sp001spl.mfcc; Label sp001spl.lab
 Utterance prob per frame = -7.074944e+01
 Processing Data: sp037spk.mfcc; Label sp037spk.lab
 Utterance prob per frame = -8.183578e+01
 Processing Data: sp037spl.mfcc; Label sp037spl.lab
 Utterance prob per frame = -6.844418e+01
 Processing Data: sp076spk.mfcc; Label sp076spk.lab
 Utterance prob per frame = -7.123319e+01
 Processing Data: sp076spl.mfcc; Label sp076spl.lab
 Utterance prob per frame = -6.913420e+01
 Processing Data: sp117spk.mfcc; Label sp117spk.lab
 Utterance prob per frame = -7.478243e+01
 Processing Data: sp117spl.mfcc; Label sp117spl.lab
 Utterance prob per frame = -6.723190e+01
 Processing Data: sp162spk.mfcc; Label sp162spk.lab
 Utterance prob per frame = -7.597247e+01
 Processing Data: sp162spl.mfcc; Label sp162spl.lab
 Utterance prob per frame = -6.850339e+01
 Processing Data: sp200spk.mfcc; Label sp200spk.lab
 Utterance prob per frame = -7.370553e+01
 Processing Data: sp200spl.mfcc; Label sp200spl.lab
 Utterance prob per frame = -6.894424e+01
 Processing Data: sp235spk.mfcc; Label sp235spk.lab
 Utterance prob per frame = -8.237551e+01
 Processing Data: sp235spl.mfcc; Label sp235spl.lab
 Utterance prob per frame = -7.153790e+01
 Processing Data: sp274spk.mfcc; Label sp274spk.lab
 Utterance prob per frame = -7.604342e+01
 Processing Data: sp274spl.mfcc; Label sp274spl.lab
 Utterance prob per frame = -7.104028e+01
 Processing Data: sp315spk.mfcc; Label sp315spk.lab
 Utterance prob per frame = -7.410318e+01
 Processing Data: sp315spl.mfcc; Label sp315spl.lab
 Utterance prob per frame = -7.122964e+01
 Processing Data: sp363spk.mfcc; Label sp363spk.lab
 Utterance prob per frame = -7.477658e+01
 Processing Data: sp363spl.mfcc; Label sp363spl.lab
 Utterance prob per frame = -7.145237e+01
 Processing Data: sp405spk.mfcc; Label sp405spk.lab
 Utterance prob per frame = -7.300757e+01
 Processing Data: sp405spl.mfcc; Label sp405spl.lab
 Utterance prob per frame = -6.931424e+01
 Processing Data: sp435spk.mfcc; Label sp435spk.lab
 Utterance prob per frame = -7.708738e+01
 Processing Data: sp435spl.mfcc; Label sp435spl.lab
 Utterance prob per frame = -6.862845e+01
 Processing Data: sp472spk.mfcc; Label sp472spk.lab
 Utterance prob per frame = -7.454163e+01
 Processing Data: sp472spl.mfcc; Label sp472spl.lab
 Utterance prob per frame = -7.241045e+01
 Processing Data: sp518spk.mfcc; Label sp518spk.lab
 Utterance prob per frame = -7.127623e+01
 Processing Data: sp518spl.mfcc; Label sp518spl.lab
 Utterance prob per frame = -7.247463e+01
 Processing Data: sp555spk.mfcc; Label sp555spk.lab
 Utterance prob per frame = -7.958912e+01
 Processing Data: sp555spl.mfcc; Label sp555spl.lab
 Utterance prob per frame = -6.886911e+01
 Processing Data: sp025spk.mfcc; Label sp025spk.lab
 Utterance prob per frame = -8.248539e+01
 Processing Data: sp025spl.mfcc; Label sp025spl.lab
 Utterance prob per frame = -7.668586e+01
 Processing Data: sp058spk.mfcc; Label sp058spk.lab
 Utterance prob per frame = -8.334197e+01
 Processing Data: sp058spl.mfcc; Label sp058spl.lab
 Utterance prob per frame = -7.993913e+01
 Processing Data: sp100spk.mfcc; Label sp100spk.lab
 Utterance prob per frame = -8.011065e+01
 Processing Data: sp100spl.mfcc; Label sp100spl.lab
 Utterance prob per frame = -7.733923e+01
 Processing Data: sp142spk.mfcc; Label sp142spk.lab
 Utterance prob per frame = -7.358169e+01
 Processing Data: sp142spl.mfcc; Label sp142spl.lab
 Utterance prob per frame = -7.596695e+01
 Processing Data: sp185spk.mfcc; Label sp185spk.lab
 Utterance prob per frame = -7.334059e+01
 Processing Data: sp185spl.mfcc; Label sp185spl.lab
 Utterance prob per frame = -7.356014e+01
 Processing Data: sp220spk.mfcc; Label sp220spk.lab
 Utterance prob per frame = -7.966842e+01
 Processing Data: sp220spl.mfcc; Label sp220spl.lab
 Utterance prob per frame = -7.320943e+01
 Processing Data: sp256spk.mfcc; Label sp256spk.lab
 Utterance prob per frame = -7.839509e+01
 Processing Data: sp256spl.mfcc; Label sp256spl.lab
 Utterance prob per frame = -7.472472e+01
 Processing Data: sp299spk.mfcc; Label sp299spk.lab
 Utterance prob per frame = -7.852314e+01
 Processing Data: sp299spl.mfcc; Label sp299spl.lab
 Utterance prob per frame = -7.828863e+01
 Processing Data: sp342spk.mfcc; Label sp342spk.lab
 Utterance prob per frame = -7.309662e+01
 Processing Data: sp342spl.mfcc; Label sp342spl.lab
 Utterance prob per frame = -7.288487e+01
 Processing Data: sp381spk.mfcc; Label sp381spk.lab
 Utterance prob per frame = -7.722112e+01
 Processing Data: sp381spl.mfcc; Label sp381spl.lab
 Utterance prob per frame = -7.476789e+01
 Processing Data: sp423spk.mfcc; Label sp423spk.lab
 Utterance prob per frame = -7.770722e+01
 Processing Data: sp423spl.mfcc; Label sp423spl.lab
 Utterance prob per frame = -7.447639e+01
 Processing Data: sp454spk.mfcc; Label sp454spk.lab
 Utterance prob per frame = -7.550028e+01
 Processing Data: sp454spl.mfcc; Label sp454spl.lab
 Utterance prob per frame = -7.532821e+01
 Processing Data: sp495spk.mfcc; Label sp495spk.lab
 Utterance prob per frame = -7.289661e+01
 Processing Data: sp495spl.mfcc; Label sp495spl.lab
 Utterance prob per frame = -7.503712e+01
 Processing Data: sp539spk.mfcc; Label sp539spk.lab
 Utterance prob per frame = -7.777412e+01
 Processing Data: sp539spl.mfcc; Label sp539spl.lab
 Utterance prob per frame = -7.271959e+01
 Processing Data: sp579spk.mfcc; Label sp579spk.lab
 Utterance prob per frame = -7.379942e+01
 Processing Data: sp579spl.mfcc; Label sp579spl.lab
 Utterance prob per frame = -8.193558e+01
 Processing Data: sp034spk.mfcc; Label sp034spk.lab
 Utterance prob per frame = -7.601112e+01
 Processing Data: sp034spl.mfcc; Label sp034spl.lab
 Utterance prob per frame = -7.083719e+01
 Processing Data: sp069spk.mfcc; Label sp069spk.lab
 Utterance prob per frame = -7.781960e+01
 Processing Data: sp069spl.mfcc; Label sp069spl.lab
 Utterance prob per frame = -6.981356e+01
 Processing Data: sp109spk.mfcc; Label sp109spk.lab
 Utterance prob per frame = -7.415933e+01
 Processing Data: sp109spl.mfcc; Label sp109spl.lab
 Utterance prob per frame = -6.955570e+01
 Processing Data: sp153spk.mfcc; Label sp153spk.lab
 Utterance prob per frame = -7.630511e+01
 Processing Data: sp153spl.mfcc; Label sp153spl.lab
 Utterance prob per frame = -7.036305e+01
 Processing Data: sp194spk.mfcc; Label sp194spk.lab
 Utterance prob per frame = -7.673223e+01
 Processing Data: sp194spl.mfcc; Label sp194spl.lab
 Utterance prob per frame = -7.179840e+01
 Processing Data: sp229spk.mfcc; Label sp229spk.lab
 Utterance prob per frame = -7.509187e+01
 Processing Data: sp229spl.mfcc; Label sp229spl.lab
 Utterance prob per frame = -7.073332e+01
 Processing Data: sp269spk.mfcc; Label sp269spk.lab
 Utterance prob per frame = -6.808588e+01
 Processing Data: sp269spl.mfcc; Label sp269spl.lab
 Utterance prob per frame = -7.104069e+01
 Processing Data: sp308spk.mfcc; Label sp308spk.lab
 Utterance prob per frame = -7.191693e+01
 Processing Data: sp308spl.mfcc; Label sp308spl.lab
 Utterance prob per frame = -7.296495e+01
 Processing Data: sp355spk.mfcc; Label sp355spk.lab
 Utterance prob per frame = -7.544517e+01
 Processing Data: sp355spl.mfcc; Label sp355spl.lab
 Utterance prob per frame = -7.670798e+01
 Processing Data: sp391spk.mfcc; Label sp391spk.lab
 Utterance prob per frame = -7.380686e+01
 Processing Data: sp391spl.mfcc; Label sp391spl.lab
 Utterance prob per frame = -7.107575e+01
 Processing Data: sp431spk.mfcc; Label sp431spk.lab
 Utterance prob per frame = -7.514820e+01
 Processing Data: sp431spl.mfcc; Label sp431spl.lab
 Utterance prob per frame = -7.488726e+01
 Processing Data: sp466spk.mfcc; Label sp466spk.lab
 Utterance prob per frame = -7.601721e+01
 Processing Data: sp466spl.mfcc; Label sp466spl.lab
 Utterance prob per frame = -7.372901e+01
 Processing Data: sp514spk.mfcc; Label sp514spk.lab
 Utterance prob per frame = -7.075947e+01
 Processing Data: sp514spl.mfcc; Label sp514spl.lab
 Utterance prob per frame = -7.526232e+01
 Processing Data: sp548spk.mfcc; Label sp548spk.lab
 Utterance prob per frame = -7.392718e+01
 Processing Data: sp548spl.mfcc; Label sp548spl.lab
 Utterance prob per frame = -7.327059e+01
 Processing Data: sp594spk.mfcc; Label sp594spk.lab
 Utterance prob per frame = -7.783753e+01
 Processing Data: sp594spl.mfcc; Label sp594spl.lab
 Utterance prob per frame = -7.094150e+01
 Processing Data: sp034spk.mfcc; Label sp034spk.lab
 Utterance prob per frame = -7.887441e+01
 Processing Data: sp034spl.mfcc; Label sp034spl.lab
 Utterance prob per frame = -7.567605e+01
 Processing Data: sp069spk.mfcc; Label sp069spk.lab
 Utterance prob per frame = -8.077254e+01
 Processing Data: sp069spl.mfcc; Label sp069spl.lab
 Utterance prob per frame = -7.828003e+01
 Processing Data: sp109spk.mfcc; Label sp109spk.lab
 Utterance prob per frame = -7.669698e+01
 Processing Data: sp109spl.mfcc; Label sp109spl.lab
 Utterance prob per frame = -7.048357e+01
 Processing Data: sp153spk.mfcc; Label sp153spk.lab
 Utterance prob per frame = -7.740264e+01
 Processing Data: sp153spl.mfcc; Label sp153spl.lab
 Utterance prob per frame = -7.160573e+01
 Processing Data: sp194spk.mfcc; Label sp194spk.lab
 Utterance prob per frame = -7.610353e+01
 Processing Data: sp194spl.mfcc; Label sp194spl.lab
 Utterance prob per frame = -7.315958e+01
 Processing Data: sp229spk.mfcc; Label sp229spk.lab
 Utterance prob per frame = -7.598460e+01
 Processing Data: sp229spl.mfcc; Label sp229spl.lab
 Utterance prob per frame = -7.248864e+01
 Processing Data: sp269spk.mfcc; Label sp269spk.lab
 Utterance prob per frame = -7.746171e+01
 Processing Data: sp269spl.mfcc; Label sp269spl.lab
 Utterance prob per frame = -7.484326e+01
 Processing Data: sp308spk.mfcc; Label sp308spk.lab
 Utterance prob per frame = -7.421213e+01
 Processing Data: sp308spl.mfcc; Label sp308spl.lab
 Utterance prob per frame = -7.529922e+01
 Processing Data: sp355spk.mfcc; Label sp355spk.lab
 Utterance prob per frame = -7.483422e+01
 Processing Data: sp355spl.mfcc; Label sp355spl.lab
 Utterance prob per frame = -7.435849e+01
 Processing Data: sp391spk.mfcc; Label sp391spk.lab
 Utterance prob per frame = -7.368868e+01
 Processing Data: sp391spl.mfcc; Label sp391spl.lab
 Utterance prob per frame = -7.201865e+01
 Processing Data: sp431spk.mfcc; Label sp431spk.lab
 Utterance prob per frame = -7.431925e+01
 Processing Data: sp431spl.mfcc; Label sp431spl.lab
 Utterance prob per frame = -7.047073e+01
 Processing Data: sp466spk.mfcc; Label sp466spk.lab
 Utterance prob per frame = -7.785119e+01
 Processing Data: sp466spl.mfcc; Label sp466spl.lab
 Utterance prob per frame = -7.140708e+01
 Processing Data: sp514spk.mfcc; Label sp514spk.lab
 Utterance prob per frame = -7.784388e+01
 Processing Data: sp514spl.mfcc; Label sp514spl.lab
 Utterance prob per frame = -7.177066e+01
 Processing Data: sp548spk.mfcc; Label sp548spk.lab
 Utterance prob per frame = -7.725269e+01
 Processing Data: sp548spl.mfcc; Label sp548spl.lab
 Utterance prob per frame = -7.164788e+01
 Processing Data: sp594spk.mfcc; Label sp594spk.lab
 Utterance prob per frame = -7.576468e+01
 Processing Data: sp594spl.mfcc; Label sp594spl.lab
 Utterance prob per frame = -7.286811e+01
 Processing Data: sp007spk.mfcc; Label sp007spk.lab
 Utterance prob per frame = -7.347481e+01
 Processing Data: sp007spl.mfcc; Label sp007spl.lab
 Utterance prob per frame = -6.776023e+01
 Processing Data: sp044spk.mfcc; Label sp044spk.lab
 Utterance prob per frame = -7.092331e+01
 Processing Data: sp044spl.mfcc; Label sp044spl.lab
 Utterance prob per frame = -6.912610e+01
 Processing Data: sp081spk.mfcc; Label sp081spk.lab
 Utterance prob per frame = -7.070248e+01
 Processing Data: sp081spl.mfcc; Label sp081spl.lab
 Utterance prob per frame = -7.198300e+01
 Processing Data: sp120spk.mfcc; Label sp120spk.lab
 Utterance prob per frame = -7.391664e+01
 Processing Data: sp120spl.mfcc; Label sp120spl.lab
 Utterance prob per frame = -6.800413e+01
 Processing Data: sp165spk.mfcc; Label sp165spk.lab
 Utterance prob per frame = -7.702979e+01
 Processing Data: sp165spl.mfcc; Label sp165spl.lab
 Utterance prob per frame = -6.879554e+01
 Processing Data: sp203spk.mfcc; Label sp203spk.lab
 Utterance prob per frame = -7.260096e+01
 Processing Data: sp203spl.mfcc; Label sp203spl.lab
 Utterance prob per frame = -7.374216e+01
 Processing Data: sp239spk.mfcc; Label sp239spk.lab
 Utterance prob per frame = -6.944129e+01
 Processing Data: sp239spl.mfcc; Label sp239spl.lab
 Utterance prob per frame = -7.066748e+01
 Processing Data: sp278spk.mfcc; Label sp278spk.lab
 Utterance prob per frame = -7.409394e+01
 Processing Data: sp278spl.mfcc; Label sp278spl.lab
 Utterance prob per frame = -6.899189e+01
 Processing Data: sp320spk.mfcc; Label sp320spk.lab
 Utterance prob per frame = -6.931348e+01
 Processing Data: sp320spl.mfcc; Label sp320spl.lab
 Utterance prob per frame = -7.258849e+01
 Processing Data: sp366spk.mfcc; Label sp366spk.lab
 Utterance prob per frame = -6.921637e+01
 Processing Data: sp366spl.mfcc; Label sp366spl.lab
 Utterance prob per frame = -7.500032e+01
 Processing Data: sp407spk.mfcc; Label sp407spk.lab
 Utterance prob per frame = -7.386252e+01
 Processing Data: sp407spl.mfcc; Label sp407spl.lab
 Utterance prob per frame = -6.893313e+01
 Processing Data: sp438spk.mfcc; Label sp438spk.lab
 Utterance prob per frame = -7.724112e+01
 Processing Data: sp438spl.mfcc; Label sp438spl.lab
 Utterance prob per frame = -7.095643e+01
 Processing Data: sp477spk.mfcc; Label sp477spk.lab
 Utterance prob per frame = -7.065728e+01
 Processing Data: sp477spl.mfcc; Label sp477spl.lab
 Utterance prob per frame = -7.021508e+01
 Processing Data: sp523spk.mfcc; Label sp523spk.lab
 Utterance prob per frame = -6.937186e+01
 Processing Data: sp523spl.mfcc; Label sp523spl.lab
 Utterance prob per frame = -7.063484e+01
 Processing Data: sp561spk.mfcc; Label sp561spk.lab
 Utterance prob per frame = -6.960705e+01
 Processing Data: sp561spl.mfcc; Label sp561spl.lab
 Utterance prob per frame = -7.170423e+01
 Processing Data: sp026spk.mfcc; Label sp026spk.lab
 Utterance prob per frame = -7.749758e+01
 Processing Data: sp026spl.mfcc; Label sp026spl.lab
 Utterance prob per frame = -7.005657e+01
 Processing Data: sp059spk.mfcc; Label sp059spk.lab
 Utterance prob per frame = -8.045446e+01
 Processing Data: sp059spl.mfcc; Label sp059spl.lab
 Utterance prob per frame = -7.179886e+01
 Processing Data: sp103spk.mfcc; Label sp103spk.lab
 Utterance prob per frame = -7.751873e+01
 Processing Data: sp103spl.mfcc; Label sp103spl.lab
 Utterance prob per frame = -6.767420e+01
 Processing Data: sp147spk.mfcc; Label sp147spk.lab
 Utterance prob per frame = -7.243397e+01
 Processing Data: sp147spl.mfcc; Label sp147spl.lab
 Utterance prob per frame = -7.069433e+01
 Processing Data: sp187spk.mfcc; Label sp187spk.lab
 Utterance prob per frame = -7.364314e+01
 Processing Data: sp187spl.mfcc; Label sp187spl.lab
 Utterance prob per frame = -7.095920e+01
 Processing Data: sp222spk.mfcc; Label sp222spk.lab
 Utterance prob per frame = -7.574293e+01
 Processing Data: sp222spl.mfcc; Label sp222spl.lab
 Utterance prob per frame = -7.070903e+01
 Processing Data: sp259spk.mfcc; Label sp259spk.lab
 Utterance prob per frame = -7.477754e+01
 Processing Data: sp259spl.mfcc; Label sp259spl.lab
 Utterance prob per frame = -6.946949e+01
 Processing Data: sp302spk.mfcc; Label sp302spk.lab
 Utterance prob per frame = -7.590382e+01
 Processing Data: sp302spl.mfcc; Label sp302spl.lab
 Utterance prob per frame = -7.115485e+01
 Processing Data: sp344spk.mfcc; Label sp344spk.lab
 Utterance prob per frame = -7.501131e+01
 Processing Data: sp344spl.mfcc; Label sp344spl.lab
 Utterance prob per frame = -6.905384e+01
 Processing Data: sp382spk.mfcc; Label sp382spk.lab
 Utterance prob per frame = -7.066534e+01
 Processing Data: sp382spl.mfcc; Label sp382spl.lab
 Utterance prob per frame = -6.848614e+01
 Processing Data: sp424spk.mfcc; Label sp424spk.lab
 Utterance prob per frame = -7.706707e+01
 Processing Data: sp424spl.mfcc; Label sp424spl.lab
 Utterance prob per frame = -7.057366e+01
 Processing Data: sp455spk.mfcc; Label sp455spk.lab
 Utterance prob per frame = -7.600542e+01
 Processing Data: sp455spl.mfcc; Label sp455spl.lab
 Utterance prob per frame = -7.133008e+01
 Processing Data: sp497spk.mfcc; Label sp497spk.lab
 Utterance prob per frame = -7.554195e+01
 Processing Data: sp497spl.mfcc; Label sp497spl.lab
 Utterance prob per frame = -7.381195e+01
 Processing Data: sp540spk.mfcc; Label sp540spk.lab
 Utterance prob per frame = -7.347699e+01
 Processing Data: sp540spl.mfcc; Label sp540spl.lab
 Utterance prob per frame = -6.996584e+01
 Processing Data: sp581spk.mfcc; Label sp581spk.lab
 Utterance prob per frame = -7.434343e+01
 Processing Data: sp581spl.mfcc; Label sp581spl.lab
 Utterance prob per frame = -7.144679e+01
 Processing Data: sp012spk.mfcc; Label sp012spk.lab
 Utterance prob per frame = -7.172821e+01
 Processing Data: sp012spl.mfcc; Label sp012spl.lab
 Utterance prob per frame = -6.980598e+01
 Processing Data: sp047spk.mfcc; Label sp047spk.lab
 Utterance prob per frame = -6.849118e+01
 Processing Data: sp047spl.mfcc; Label sp047spl.lab
 Utterance prob per frame = -6.875978e+01
 Processing Data: sp085spk.mfcc; Label sp085spk.lab
 Utterance prob per frame = -7.146969e+01
 Processing Data: sp085spl.mfcc; Label sp085spl.lab
 Utterance prob per frame = -6.949323e+01
 Processing Data: sp125spk.mfcc; Label sp125spk.lab
 Utterance prob per frame = -7.316281e+01
 Processing Data: sp125spl.mfcc; Label sp125spl.lab
 Utterance prob per frame = -6.537444e+01
 Processing Data: sp168spk.mfcc; Label sp168spk.lab
 Utterance prob per frame = -7.813954e+01
 Processing Data: sp168spl.mfcc; Label sp168spl.lab
 Utterance prob per frame = -6.906806e+01
 Processing Data: sp206spk.mfcc; Label sp206spk.lab
 Utterance prob per frame = -7.533935e+01
 Processing Data: sp206spl.mfcc; Label sp206spl.lab
 Utterance prob per frame = -6.591359e+01
 Processing Data: sp243spk.mfcc; Label sp243spk.lab
 Utterance prob per frame = -7.625772e+01
 Processing Data: sp243spl.mfcc; Label sp243spl.lab
 Utterance prob per frame = -6.841988e+01
 Processing Data: sp281spk.mfcc; Label sp281spk.lab
 Utterance prob per frame = -7.061141e+01
 Processing Data: sp281spl.mfcc; Label sp281spl.lab
 Utterance prob per frame = -6.875035e+01
 Processing Data: sp326spk.mfcc; Label sp326spk.lab
 Utterance prob per frame = -7.185628e+01
 Processing Data: sp326spl.mfcc; Label sp326spl.lab
 Utterance prob per frame = -6.952156e+01
 Processing Data: sp368spk.mfcc; Label sp368spk.lab
 Utterance prob per frame = -7.489559e+01
 Processing Data: sp368spl.mfcc; Label sp368spl.lab
 Utterance prob per frame = -7.214140e+01
 Processing Data: sp411spk.mfcc; Label sp411spk.lab
 Utterance prob per frame = -7.610306e+01
 Processing Data: sp411spl.mfcc; Label sp411spl.lab
 Utterance prob per frame = -6.956381e+01
 Processing Data: sp441spk.mfcc; Label sp441spk.lab
 Utterance prob per frame = -6.926351e+01
 Processing Data: sp441spl.mfcc; Label sp441spl.lab
 Utterance prob per frame = -6.855175e+01
 Processing Data: sp483spk.mfcc; Label sp483spk.lab
 Utterance prob per frame = -7.160383e+01
 Processing Data: sp483spl.mfcc; Label sp483spl.lab
 Utterance prob per frame = -6.979701e+01
 Processing Data: sp527spk.mfcc; Label sp527spk.lab
 Utterance prob per frame = -6.607590e+01
 Processing Data: sp527spl.mfcc; Label sp527spl.lab
 Utterance prob per frame = -6.707877e+01
 Processing Data: sp564spk.mfcc; Label sp564spk.lab
 Utterance prob per frame = -7.459285e+01
 Processing Data: sp564spl.mfcc; Label sp564spl.lab
 Utterance prob per frame = -6.872519e+01
 Processing Data: sp010spk.mfcc; Label sp010spk.lab
 Utterance prob per frame = -7.324803e+01
 Processing Data: sp010spl.mfcc; Label sp010spl.lab
 Utterance prob per frame = -7.059939e+01
 Processing Data: sp045spk.mfcc; Label sp045spk.lab
 Utterance prob per frame = -7.037978e+01
 Processing Data: sp045spl.mfcc; Label sp045spl.lab
 Utterance prob per frame = -6.984499e+01
 Processing Data: sp084spk.mfcc; Label sp084spk.lab
 Utterance prob per frame = -7.125828e+01
 Processing Data: sp084spl.mfcc; Label sp084spl.lab
 Utterance prob per frame = -7.248139e+01
 Processing Data: sp122spk.mfcc; Label sp122spk.lab
 Utterance prob per frame = -7.299270e+01
 Processing Data: sp122spl.mfcc; Label sp122spl.lab
 Utterance prob per frame = -7.023794e+01
 Processing Data: sp167spk.mfcc; Label sp167spk.lab
 Utterance prob per frame = -7.116280e+01
 Processing Data: sp167spl.mfcc; Label sp167spl.lab
 Utterance prob per frame = -7.088865e+01
 Processing Data: sp205spk.mfcc; Label sp205spk.lab
 Utterance prob per frame = -7.275009e+01
 Processing Data: sp205spl.mfcc; Label sp205spl.lab
 Utterance prob per frame = -7.092564e+01
 Processing Data: sp240spk.mfcc; Label sp240spk.lab
 Utterance prob per frame = -7.117650e+01
 Processing Data: sp240spl.mfcc; Label sp240spl.lab
 Utterance prob per frame = -7.184475e+01
 Processing Data: sp279spk.mfcc; Label sp279spk.lab
 Utterance prob per frame = -7.112641e+01
 Processing Data: sp279spl.mfcc; Label sp279spl.lab
 Utterance prob per frame = -7.228910e+01
 Processing Data: sp321spk.mfcc; Label sp321spk.lab
 Utterance prob per frame = -7.839768e+01
 Processing Data: sp321spl.mfcc; Label sp321spl.lab
 Utterance prob per frame = -7.213957e+01
 Processing Data: sp367spk.mfcc; Label sp367spk.lab
 Utterance prob per frame = -8.001508e+01
 Processing Data: sp367spl.mfcc; Label sp367spl.lab
 Utterance prob per frame = -7.145746e+01
 Processing Data: sp410spk.mfcc; Label sp410spk.lab
 Utterance prob per frame = -7.503770e+01
 Processing Data: sp410spl.mfcc; Label sp410spl.lab
 Utterance prob per frame = -7.441512e+01
 Processing Data: sp440spk.mfcc; Label sp440spk.lab
 Utterance prob per frame = -7.667553e+01
 Processing Data: sp440spl.mfcc; Label sp440spl.lab
 Utterance prob per frame = -7.476185e+01
 Processing Data: sp481spk.mfcc; Label sp481spk.lab
 Utterance prob per frame = -7.125421e+01
 Processing Data: sp481spl.mfcc; Label sp481spl.lab
 Utterance prob per frame = -7.191579e+01
 Processing Data: sp525spk.mfcc; Label sp525spk.lab
 Utterance prob per frame = -7.363138e+01
 Processing Data: sp525spl.mfcc; Label sp525spl.lab
 Utterance prob per frame = -7.311369e+01
 Processing Data: sp563spk.mfcc; Label sp563spk.lab
 Utterance prob per frame = -7.306359e+01
 Processing Data: sp563spl.mfcc; Label sp563spl.lab
 Utterance prob per frame = -7.770351e+01
 Processing Data: sp007spk.mfcc; Label sp007spk.lab
 Utterance prob per frame = -7.422470e+01
 Processing Data: sp007spl.mfcc; Label sp007spl.lab
 Utterance prob per frame = -7.163403e+01
 Processing Data: sp044spk.mfcc; Label sp044spk.lab
 Utterance prob per frame = -7.333123e+01
 Processing Data: sp044spl.mfcc; Label sp044spl.lab
 Utterance prob per frame = -6.995355e+01
 Processing Data: sp081spk.mfcc; Label sp081spk.lab
 Utterance prob per frame = -7.351704e+01
 Processing Data: sp081spl.mfcc; Label sp081spl.lab
 Utterance prob per frame = -7.581071e+01
 Processing Data: sp120spk.mfcc; Label sp120spk.lab
 Utterance prob per frame = -7.889846e+01
 Processing Data: sp120spl.mfcc; Label sp120spl.lab
 Utterance prob per frame = -7.167268e+01
 Processing Data: sp165spk.mfcc; Label sp165spk.lab
 Utterance prob per frame = -8.193273e+01
 Processing Data: sp165spl.mfcc; Label sp165spl.lab
 Utterance prob per frame = -7.148068e+01
 Processing Data: sp203spk.mfcc; Label sp203spk.lab
 Utterance prob per frame = -7.571820e+01
 Processing Data: sp203spl.mfcc; Label sp203spl.lab
 Utterance prob per frame = -7.713432e+01
 Processing Data: sp239spk.mfcc; Label sp239spk.lab
 Utterance prob per frame = -7.136740e+01
 Processing Data: sp239spl.mfcc; Label sp239spl.lab
 Utterance prob per frame = -7.181734e+01
 Processing Data: sp278spk.mfcc; Label sp278spk.lab
 Utterance prob per frame = -7.873797e+01
 Processing Data: sp278spl.mfcc; Label sp278spl.lab
 Utterance prob per frame = -7.211910e+01
 Processing Data: sp320spk.mfcc; Label sp320spk.lab
 Utterance prob per frame = -7.424055e+01
 Processing Data: sp320spl.mfcc; Label sp320spl.lab
 Utterance prob per frame = -7.498335e+01
 Processing Data: sp366spk.mfcc; Label sp366spk.lab
 Utterance prob per frame = -7.117896e+01
 Processing Data: sp366spl.mfcc; Label sp366spl.lab
 Utterance prob per frame = -7.537681e+01
 Processing Data: sp407spk.mfcc; Label sp407spk.lab
 Utterance prob per frame = -7.531667e+01
 Processing Data: sp407spl.mfcc; Label sp407spl.lab
 Utterance prob per frame = -7.416626e+01
 Processing Data: sp438spk.mfcc; Label sp438spk.lab
 Utterance prob per frame = -7.626020e+01
 Processing Data: sp438spl.mfcc; Label sp438spl.lab
 Utterance prob per frame = -7.310954e+01
 Processing Data: sp477spk.mfcc; Label sp477spk.lab
 Utterance prob per frame = -7.035597e+01
 Processing Data: sp477spl.mfcc; Label sp477spl.lab
 Utterance prob per frame = -7.066639e+01
 Processing Data: sp523spk.mfcc; Label sp523spk.lab
 Utterance prob per frame = -7.566554e+01
 Processing Data: sp523spl.mfcc; Label sp523spl.lab
 Utterance prob per frame = -7.272941e+01
 Processing Data: sp561spk.mfcc; Label sp561spk.lab
 Utterance prob per frame = -7.885546e+01
 Processing Data: sp561spl.mfcc; Label sp561spl.lab
 Utterance prob per frame = -7.390405e+01
 Processing Data: sp015spk.mfcc; Label sp015spk.lab
 Utterance prob per frame = -7.587069e+01
 Processing Data: sp015spl.mfcc; Label sp015spl.lab
 Utterance prob per frame = -7.090514e+01
 Processing Data: sp049spk.mfcc; Label sp049spk.lab
 Utterance prob per frame = -7.384884e+01
 Processing Data: sp049spl.mfcc; Label sp049spl.lab
 Utterance prob per frame = -7.476680e+01
 Processing Data: sp087spk.mfcc; Label sp087spk.lab
 Utterance prob per frame = -7.764921e+01
 Processing Data: sp087spl.mfcc; Label sp087spl.lab
 Utterance prob per frame = -7.367154e+01
 Processing Data: sp128spk.mfcc; Label sp128spk.lab
 Utterance prob per frame = -7.534494e+01
 Processing Data: sp128spl.mfcc; Label sp128spl.lab
 Utterance prob per frame = -7.555531e+01
 Processing Data: sp172spk.mfcc; Label sp172spk.lab
 Utterance prob per frame = -7.746262e+01
 Processing Data: sp172spl.mfcc; Label sp172spl.lab
 Utterance prob per frame = -7.453999e+01
 Processing Data: sp209spk.mfcc; Label sp209spk.lab
 Utterance prob per frame = -7.543797e+01
 Processing Data: sp209spl.mfcc; Label sp209spl.lab
 Utterance prob per frame = -7.119017e+01
 Processing Data: sp246spk.mfcc; Label sp246spk.lab
 Utterance prob per frame = -7.125306e+01
 Processing Data: sp246spl.mfcc; Label sp246spl.lab
 Utterance prob per frame = -7.865478e+01
 Processing Data: sp289spk.mfcc; Label sp289spk.lab
 Utterance prob per frame = -7.469635e+01
 Processing Data: sp289spl.mfcc; Label sp289spl.lab
 Utterance prob per frame = -7.568109e+01
 Processing Data: sp328spk.mfcc; Label sp328spk.lab
 Utterance prob per frame = -8.217788e+01
 Processing Data: sp328spl.mfcc; Label sp328spl.lab
 Utterance prob per frame = -7.730638e+01
 Processing Data: sp372spk.mfcc; Label sp372spk.lab
 Utterance prob per frame = -7.106252e+01
 Processing Data: sp372spl.mfcc; Label sp372spl.lab
 Utterance prob per frame = -7.187205e+01
 Processing Data: sp413spk.mfcc; Label sp413spk.lab
 Utterance prob per frame = -7.499072e+01
 Processing Data: sp413spl.mfcc; Label sp413spl.lab
 Utterance prob per frame = -6.968661e+01
 Processing Data: sp444spk.mfcc; Label sp444spk.lab
 Utterance prob per frame = -7.218968e+01
 Processing Data: sp444spl.mfcc; Label sp444spl.lab
 Utterance prob per frame = -7.609155e+01
 Processing Data: sp485spk.mfcc; Label sp485spk.lab
 Utterance prob per frame = -7.449862e+01
 Processing Data: sp485spl.mfcc; Label sp485spl.lab
 Utterance prob per frame = -7.426004e+01
 Processing Data: sp531spk.mfcc; Label sp531spk.lab
 Utterance prob per frame = -8.001602e+01
 Processing Data: sp531spl.mfcc; Label sp531spl.lab
 Utterance prob per frame = -7.618873e+01
 Processing Data: sp566spk.mfcc; Label sp566spk.lab
 Utterance prob per frame = -8.043302e+01
 Processing Data: sp566spl.mfcc; Label sp566spl.lab
 Utterance prob per frame = -7.666550e+01
 Processing Data: sp036spk.mfcc; Label sp036spk.lab
 Utterance prob per frame = -6.742713e+01
 Processing Data: sp036spl.mfcc; Label sp036spl.lab
 Utterance prob per frame = -6.941367e+01
 Processing Data: sp073spk.mfcc; Label sp073spk.lab
 Utterance prob per frame = -7.828582e+01
 Processing Data: sp073spl.mfcc; Label sp073spl.lab
 Utterance prob per frame = -7.060722e+01
 Processing Data: sp113spk.mfcc; Label sp113spk.lab
 Utterance prob per frame = -7.678023e+01
 Processing Data: sp113spl.mfcc; Label sp113spl.lab
 Utterance prob per frame = -7.263581e+01
 Processing Data: sp161spk.mfcc; Label sp161spk.lab
 Utterance prob per frame = -7.672505e+01
 Processing Data: sp161spl.mfcc; Label sp161spl.lab
 Utterance prob per frame = -7.278027e+01
 Processing Data: sp199spk.mfcc; Label sp199spk.lab
 Utterance prob per frame = -7.965077e+01
 Processing Data: sp199spl.mfcc; Label sp199spl.lab
 Utterance prob per frame = -7.517186e+01
 Processing Data: sp234spk.mfcc; Label sp234spk.lab
 Utterance prob per frame = -8.459962e+01
 Processing Data: sp234spl.mfcc; Label sp234spl.lab
 Utterance prob per frame = -7.160087e+01
 Processing Data: sp271spk.mfcc; Label sp271spk.lab
 Utterance prob per frame = -7.660761e+01
 Processing Data: sp271spl.mfcc; Label sp271spl.lab
 Utterance prob per frame = -7.492929e+01
 Processing Data: sp310spk.mfcc; Label sp310spk.lab
 Utterance prob per frame = -7.615769e+01
 Processing Data: sp310spl.mfcc; Label sp310spl.lab
 Utterance prob per frame = -7.089585e+01
 Processing Data: sp361spk.mfcc; Label sp361spk.lab
 Utterance prob per frame = -8.156373e+01
 Processing Data: sp361spl.mfcc; Label sp361spl.lab
 Utterance prob per frame = -7.443433e+01
 Processing Data: sp404spk.mfcc; Label sp404spk.lab
 Utterance prob per frame = -7.850901e+01
 Processing Data: sp404spl.mfcc; Label sp404spl.lab
 Utterance prob per frame = -7.293988e+01
 Processing Data: sp434spk.mfcc; Label sp434spk.lab
 Utterance prob per frame = -7.709659e+01
 Processing Data: sp434spl.mfcc; Label sp434spl.lab
 Utterance prob per frame = -7.262281e+01
 Processing Data: sp470spk.mfcc; Label sp470spk.lab
 Utterance prob per frame = -6.995395e+01
 Processing Data: sp470spl.mfcc; Label sp470spl.lab
 Utterance prob per frame = -7.224289e+01
 Processing Data: sp517spk.mfcc; Label sp517spk.lab
 Utterance prob per frame = -6.839811e+01
 Processing Data: sp517spl.mfcc; Label sp517spl.lab
 Utterance prob per frame = -7.143525e+01
 Processing Data: sp551spk.mfcc; Label sp551spk.lab
 Utterance prob per frame = -7.389350e+01
 Processing Data: sp551spl.mfcc; Label sp551spl.lab
 Utterance prob per frame = -6.838579e+01
 Processing Data: sp600spk.mfcc; Label sp600spk.lab
 Utterance prob per frame = -7.469847e+01
 Processing Data: sp600spl.mfcc; Label sp600spl.lab
 Utterance prob per frame = -7.081203e+01
 Processing Data: sp023spk.mfcc; Label sp023spk.lab
 Utterance prob per frame = -7.528919e+01
 Processing Data: sp023spl.mfcc; Label sp023spl.lab
 Utterance prob per frame = -6.754281e+01
 Processing Data: sp056spk.mfcc; Label sp056spk.lab
 Utterance prob per frame = -8.543522e+01
 Processing Data: sp056spl.mfcc; Label sp056spl.lab
 Utterance prob per frame = -7.181788e+01
 Processing Data: sp096spk.mfcc; Label sp096spk.lab
 Utterance prob per frame = -8.415032e+01
 Processing Data: sp096spl.mfcc; Label sp096spl.lab
 Utterance prob per frame = -7.094487e+01
 Processing Data: sp139spk.mfcc; Label sp139spk.lab
 Utterance prob per frame = -7.351913e+01
 Processing Data: sp139spl.mfcc; Label sp139spl.lab
 Utterance prob per frame = -7.119268e+01
 Processing Data: sp181spk.mfcc; Label sp181spk.lab
 Utterance prob per frame = -7.096429e+01
 Processing Data: sp181spl.mfcc; Label sp181spl.lab
 Utterance prob per frame = -7.026176e+01
 Processing Data: sp215spk.mfcc; Label sp215spk.lab
 Utterance prob per frame = -7.978635e+01
 Processing Data: sp215spl.mfcc; Label sp215spl.lab
 Utterance prob per frame = -6.938171e+01
 Processing Data: sp251spk.mfcc; Label sp251spk.lab
 Utterance prob per frame = -7.904180e+01
 Processing Data: sp251spl.mfcc; Label sp251spl.lab
 Utterance prob per frame = -6.843947e+01
 Processing Data: sp294spk.mfcc; Label sp294spk.lab
 Utterance prob per frame = -7.892012e+01
 Processing Data: sp294spl.mfcc; Label sp294spl.lab
 Utterance prob per frame = -7.276491e+01
 Processing Data: sp335spk.mfcc; Label sp335spk.lab
 Utterance prob per frame = -7.870946e+01
 Processing Data: sp335spl.mfcc; Label sp335spl.lab
 Utterance prob per frame = -7.221727e+01
 Processing Data: sp379spk.mfcc; Label sp379spk.lab
 Utterance prob per frame = -8.689233e+01
 Processing Data: sp379spl.mfcc; Label sp379spl.lab
 Utterance prob per frame = -7.075922e+01
 Processing Data: sp421spk.mfcc; Label sp421spk.lab
 Utterance prob per frame = -8.240334e+01
 Processing Data: sp421spl.mfcc; Label sp421spl.lab
 Utterance prob per frame = -7.002490e+01
 Processing Data: sp452spk.mfcc; Label sp452spk.lab
 Utterance prob per frame = -7.803425e+01
 Processing Data: sp452spl.mfcc; Label sp452spl.lab
 Utterance prob per frame = -7.092900e+01
 Processing Data: sp490spk.mfcc; Label sp490spk.lab
 Utterance prob per frame = -7.735398e+01
 Processing Data: sp490spl.mfcc; Label sp490spl.lab
 Utterance prob per frame = -6.946334e+01
 Processing Data: sp536spk.mfcc; Label sp536spk.lab
 Utterance prob per frame = -8.271343e+01
 Processing Data: sp536spl.mfcc; Label sp536spl.lab
 Utterance prob per frame = -7.032132e+01
 Processing Data: sp572spk.mfcc; Label sp572spk.lab
 Utterance prob per frame = -7.882230e+01
 Processing Data: sp572spl.mfcc; Label sp572spl.lab
 Utterance prob per frame = -7.332327e+01
 Processing Data: sp007spk.mfcc; Label sp007spk.lab
 Utterance prob per frame = -7.443453e+01
 Processing Data: sp007spl.mfcc; Label sp007spl.lab
 Utterance prob per frame = -6.887930e+01
 Processing Data: sp044spk.mfcc; Label sp044spk.lab
 Utterance prob per frame = -7.215081e+01
 Processing Data: sp044spl.mfcc; Label sp044spl.lab
 Utterance prob per frame = -6.664422e+01
 Processing Data: sp081spk.mfcc; Label sp081spk.lab
 Utterance prob per frame = -7.502687e+01
 Processing Data: sp081spl.mfcc; Label sp081spl.lab
 Utterance prob per frame = -7.019278e+01
 Processing Data: sp120spk.mfcc; Label sp120spk.lab
 Utterance prob per frame = -7.476825e+01
 Processing Data: sp120spl.mfcc; Label sp120spl.lab
 Utterance prob per frame = -6.858317e+01
 Processing Data: sp165spk.mfcc; Label sp165spk.lab
 Utterance prob per frame = -7.793877e+01
 Processing Data: sp165spl.mfcc; Label sp165spl.lab
 Utterance prob per frame = -6.822512e+01
 Processing Data: sp203spk.mfcc; Label sp203spk.lab
 Utterance prob per frame = -7.094789e+01
 Processing Data: sp203spl.mfcc; Label sp203spl.lab
 Utterance prob per frame = -6.939295e+01
 Processing Data: sp239spk.mfcc; Label sp239spk.lab
 Utterance prob per frame = -6.845526e+01
 Processing Data: sp239spl.mfcc; Label sp239spl.lab
 Utterance prob per frame = -7.202649e+01
 Processing Data: sp278spk.mfcc; Label sp278spk.lab
 Utterance prob per frame = -7.348483e+01
 Processing Data: sp278spl.mfcc; Label sp278spl.lab
 Utterance prob per frame = -6.954492e+01
 Processing Data: sp320spk.mfcc; Label sp320spk.lab
 Utterance prob per frame = -6.773275e+01
 Processing Data: sp320spl.mfcc; Label sp320spl.lab
 Utterance prob per frame = -7.120806e+01
 Processing Data: sp366spk.mfcc; Label sp366spk.lab
 Utterance prob per frame = -6.943950e+01
 Processing Data: sp366spl.mfcc; Label sp366spl.lab
 Utterance prob per frame = -7.377947e+01
 Processing Data: sp407spk.mfcc; Label sp407spk.lab
 Utterance prob per frame = -7.610738e+01
 Processing Data: sp407spl.mfcc; Label sp407spl.lab
 Utterance prob per frame = -7.717703e+01
 Processing Data: sp438spk.mfcc; Label sp438spk.lab
 Utterance prob per frame = -7.854486e+01
 Processing Data: sp438spl.mfcc; Label sp438spl.lab
 Utterance prob per frame = -7.103556e+01
 Processing Data: sp477spk.mfcc; Label sp477spk.lab
 Utterance prob per frame = -6.971049e+01
 Processing Data: sp477spl.mfcc; Label sp477spl.lab
 Utterance prob per frame = -7.133892e+01
 Processing Data: sp523spk.mfcc; Label sp523spk.lab
 Utterance prob per frame = -7.291079e+01
 Processing Data: sp523spl.mfcc; Label sp523spl.lab
 Utterance prob per frame = -7.082297e+01
 Processing Data: sp561spk.mfcc; Label sp561spk.lab
 Utterance prob per frame = -6.911962e+01
 Processing Data: sp561spl.mfcc; Label sp561spl.lab
 Utterance prob per frame = -7.008981e+01
 Processing Data: sp010spk.mfcc; Label sp010spk.lab
 Utterance prob per frame = -8.044576e+01
 Processing Data: sp010spl.mfcc; Label sp010spl.lab
 Utterance prob per frame = -7.517895e+01
 Processing Data: sp045spk.mfcc; Label sp045spk.lab
 Utterance prob per frame = -6.741859e+01
 Processing Data: sp045spl.mfcc; Label sp045spl.lab
 Utterance prob per frame = -6.973528e+01
 Processing Data: sp084spk.mfcc; Label sp084spk.lab
 Utterance prob per frame = -7.310106e+01
 Processing Data: sp084spl.mfcc; Label sp084spl.lab
 Utterance prob per frame = -7.135127e+01
 Processing Data: sp122spk.mfcc; Label sp122spk.lab
 Utterance prob per frame = -8.092253e+01
 Processing Data: sp122spl.mfcc; Label sp122spl.lab
 Utterance prob per frame = -7.369764e+01
 Processing Data: sp167spk.mfcc; Label sp167spk.lab
 Utterance prob per frame = -7.559976e+01
 Processing Data: sp167spl.mfcc; Label sp167spl.lab
 Utterance prob per frame = -7.211884e+01
 Processing Data: sp205spk.mfcc; Label sp205spk.lab
 Utterance prob per frame = -7.225928e+01
 Processing Data: sp205spl.mfcc; Label sp205spl.lab
 Utterance prob per frame = -7.634994e+01
 Processing Data: sp240spk.mfcc; Label sp240spk.lab
 Utterance prob per frame = -7.268534e+01
 Processing Data: sp240spl.mfcc; Label sp240spl.lab
 Utterance prob per frame = -8.008765e+01
 Processing Data: sp279spk.mfcc; Label sp279spk.lab
 Utterance prob per frame = -7.785829e+01
 Processing Data: sp279spl.mfcc; Label sp279spl.lab
 Utterance prob per frame = -7.423156e+01
 Processing Data: sp321spk.mfcc; Label sp321spk.lab
 Utterance prob per frame = -9.059926e+01
 Processing Data: sp321spl.mfcc; Label sp321spl.lab
 Utterance prob per frame = -7.951604e+01
 Processing Data: sp367spk.mfcc; Label sp367spk.lab
 Utterance prob per frame = -8.119897e+01
 Processing Data: sp367spl.mfcc; Label sp367spl.lab
 Utterance prob per frame = -7.432307e+01
 Processing Data: sp410spk.mfcc; Label sp410spk.lab
 Utterance prob per frame = -7.998045e+01
 Processing Data: sp410spl.mfcc; Label sp410spl.lab
 Utterance prob per frame = -7.535883e+01
 Processing Data: sp440spk.mfcc; Label sp440spk.lab
 Utterance prob per frame = -8.285440e+01
 Processing Data: sp440spl.mfcc; Label sp440spl.lab
 Utterance prob per frame = -7.596087e+01
 Processing Data: sp481spk.mfcc; Label sp481spk.lab
 Utterance prob per frame = -7.428510e+01
 Processing Data: sp481spl.mfcc; Label sp481spl.lab
 Utterance prob per frame = -7.688399e+01
 Processing Data: sp525spk.mfcc; Label sp525spk.lab
 Utterance prob per frame = -7.478238e+01
 Processing Data: sp525spl.mfcc; Label sp525spl.lab
 Utterance prob per frame = -7.239482e+01
 Processing Data: sp563spk.mfcc; Label sp563spk.lab
 Utterance prob per frame = -8.184242e+01
 Processing Data: sp563spl.mfcc; Label sp563spl.lab
 Utterance prob per frame = -7.424253e+01
 Processing Data: sp021spk.mfcc; Label sp021spk.lab
 Utterance prob per frame = -7.833075e+01
 Processing Data: sp021spl.mfcc; Label sp021spl.lab
 Utterance prob per frame = -7.198035e+01
 Processing Data: sp054spk.mfcc; Label sp054spk.lab
 Utterance prob per frame = -7.541258e+01
 Processing Data: sp054spl.mfcc; Label sp054spl.lab
 Utterance prob per frame = -7.058508e+01
 Processing Data: sp093spk.mfcc; Label sp093spk.lab
 Utterance prob per frame = -7.729728e+01
 Processing Data: sp093spl.mfcc; Label sp093spl.lab
 Utterance prob per frame = -7.487612e+01
 Processing Data: sp133spk.mfcc; Label sp133spk.lab
 Utterance prob per frame = -7.678939e+01
 Processing Data: sp133spl.mfcc; Label sp133spl.lab
 Utterance prob per frame = -7.246427e+01
 Processing Data: sp178spk.mfcc; Label sp178spk.lab
 Utterance prob per frame = -6.661725e+01
 Processing Data: sp178spl.mfcc; Label sp178spl.lab
 Utterance prob per frame = -7.398638e+01
 Processing Data: sp212spk.mfcc; Label sp212spk.lab
 Utterance prob per frame = -7.896973e+01
 Processing Data: sp212spl.mfcc; Label sp212spl.lab
 Utterance prob per frame = -7.209988e+01
 Processing Data: sp249spk.mfcc; Label sp249spk.lab
 Utterance prob per frame = -7.903757e+01
 Processing Data: sp249spl.mfcc; Label sp249spl.lab
 Utterance prob per frame = -7.118704e+01
 Processing Data: sp292spk.mfcc; Label sp292spk.lab
 Utterance prob per frame = -7.588972e+01
 Processing Data: sp292spl.mfcc; Label sp292spl.lab
 Utterance prob per frame = -7.479178e+01
 Processing Data: sp334spk.mfcc; Label sp334spk.lab
 Utterance prob per frame = -7.371234e+01
 Processing Data: sp334spl.mfcc; Label sp334spl.lab
 Utterance prob per frame = -7.745408e+01
 Processing Data: sp377spk.mfcc; Label sp377spk.lab
 Utterance prob per frame = -7.297942e+01
 Processing Data: sp377spl.mfcc; Label sp377spl.lab
 Utterance prob per frame = -7.643918e+01
 Processing Data: sp419spk.mfcc; Label sp419spk.lab
 Utterance prob per frame = -8.185538e+01
 Processing Data: sp419spl.mfcc; Label sp419spl.lab
 Utterance prob per frame = -7.080877e+01
 Processing Data: sp448spk.mfcc; Label sp448spk.lab
 Utterance prob per frame = -7.183902e+01
 Processing Data: sp448spl.mfcc; Label sp448spl.lab
 Utterance prob per frame = -7.203616e+01
 Processing Data: sp489spk.mfcc; Label sp489spk.lab
 Utterance prob per frame = -7.450958e+01
 Processing Data: sp489spl.mfcc; Label sp489spl.lab
 Utterance prob per frame = -7.133591e+01
 Processing Data: sp535spk.mfcc; Label sp535spk.lab
 Utterance prob per frame = -7.668169e+01
 Processing Data: sp535spl.mfcc; Label sp535spl.lab
 Utterance prob per frame = -7.508158e+01
 Processing Data: sp571spk.mfcc; Label sp571spk.lab
 Utterance prob per frame = -7.484789e+01
 Processing Data: sp571spl.mfcc; Label sp571spl.lab
 Utterance prob per frame = -7.335005e+01
 Processing Data: sp031spk.mfcc; Label sp031spk.lab
 Utterance prob per frame = -6.859551e+01
 Processing Data: sp031spl.mfcc; Label sp031spl.lab
 Utterance prob per frame = -6.866047e+01
 Processing Data: sp066spk.mfcc; Label sp066spk.lab
 Utterance prob per frame = -7.605698e+01
 Processing Data: sp066spl.mfcc; Label sp066spl.lab
 Utterance prob per frame = -7.114555e+01
 Processing Data: sp106spk.mfcc; Label sp106spk.lab
 Utterance prob per frame = -7.399788e+01
 Processing Data: sp106spl.mfcc; Label sp106spl.lab
 Utterance prob per frame = -7.394177e+01
 Processing Data: sp151spk.mfcc; Label sp151spk.lab
 Utterance prob per frame = -7.171413e+01
 Processing Data: sp151spl.mfcc; Label sp151spl.lab
 Utterance prob per frame = -7.346426e+01
 Processing Data: sp190spk.mfcc; Label sp190spk.lab
 Utterance prob per frame = -7.784579e+01
 Processing Data: sp190spl.mfcc; Label sp190spl.lab
 Utterance prob per frame = -7.120794e+01
 Processing Data: sp226spk.mfcc; Label sp226spk.lab
 Utterance prob per frame = -7.276573e+01
 Processing Data: sp226spl.mfcc; Label sp226spl.lab
 Utterance prob per frame = -7.759956e+01
 Processing Data: sp266spk.mfcc; Label sp266spk.lab
 Utterance prob per frame = -6.990800e+01
 Processing Data: sp266spl.mfcc; Label sp266spl.lab
 Utterance prob per frame = -7.208136e+01
 Processing Data: sp306spk.mfcc; Label sp306spk.lab
 Utterance prob per frame = -7.642894e+01
 Processing Data: sp306spl.mfcc; Label sp306spl.lab
 Utterance prob per frame = -6.982789e+01
 Processing Data: sp351spk.mfcc; Label sp351spk.lab
 Utterance prob per frame = -7.253318e+01
 Processing Data: sp351spl.mfcc; Label sp351spl.lab
 Utterance prob per frame = -6.619654e+01
 Processing Data: sp389spk.mfcc; Label sp389spk.lab
 Utterance prob per frame = -7.269125e+01
 Processing Data: sp389spl.mfcc; Label sp389spl.lab
 Utterance prob per frame = -7.220974e+01
 Processing Data: sp428spk.mfcc; Label sp428spk.lab
 Utterance prob per frame = -8.132807e+01
 Processing Data: sp428spl.mfcc; Label sp428spl.lab
 Utterance prob per frame = -7.259409e+01
 Processing Data: sp460spk.mfcc; Label sp460spk.lab
 Utterance prob per frame = -7.457040e+01
 Processing Data: sp460spl.mfcc; Label sp460spl.lab
 Utterance prob per frame = -7.333323e+01
 Processing Data: sp504spk.mfcc; Label sp504spk.lab
 Utterance prob per frame = -7.781413e+01
 Processing Data: sp504spl.mfcc; Label sp504spl.lab
 Utterance prob per frame = -7.748627e+01
 Processing Data: sp546spk.mfcc; Label sp546spk.lab
 Utterance prob per frame = -7.432663e+01
 Processing Data: sp546spl.mfcc; Label sp546spl.lab
 Utterance prob per frame = -7.264931e+01
 Processing Data: sp592spk.mfcc; Label sp592spk.lab
 Utterance prob per frame = -7.449773e+01
 Processing Data: sp592spl.mfcc; Label sp592spl.lab
 Utterance prob per frame = -7.057516e+01
 Processing Data: sp006spk.mfcc; Label sp006spk.lab
 Utterance prob per frame = -7.979437e+01
 Processing Data: sp006spl.mfcc; Label sp006spl.lab
 Utterance prob per frame = -7.301574e+01
 Processing Data: sp039spk.mfcc; Label sp039spk.lab
 Utterance prob per frame = -7.609470e+01
 Processing Data: sp039spl.mfcc; Label sp039spl.lab
 Utterance prob per frame = -7.303993e+01
 Processing Data: sp080spk.mfcc; Label sp080spk.lab
 Utterance prob per frame = -7.429015e+01
 Processing Data: sp080spl.mfcc; Label sp080spl.lab
 Utterance prob per frame = -7.373962e+01
 Processing Data: sp119spk.mfcc; Label sp119spk.lab
 Utterance prob per frame = -7.553534e+01
 Processing Data: sp119spl.mfcc; Label sp119spl.lab
 Utterance prob per frame = -7.148596e+01
 Processing Data: sp163spk.mfcc; Label sp163spk.lab
 Utterance prob per frame = -7.723136e+01
 Processing Data: sp163spl.mfcc; Label sp163spl.lab
 Utterance prob per frame = -7.423094e+01
 Processing Data: sp201spk.mfcc; Label sp201spk.lab
 Utterance prob per frame = -7.788717e+01
 Processing Data: sp201spl.mfcc; Label sp201spl.lab
 Utterance prob per frame = -7.360027e+01
 Processing Data: sp237spk.mfcc; Label sp237spk.lab
 Utterance prob per frame = -7.481957e+01
 Processing Data: sp237spl.mfcc; Label sp237spl.lab
 Utterance prob per frame = -7.628071e+01
 Processing Data: sp275spk.mfcc; Label sp275spk.lab
 Utterance prob per frame = -7.593328e+01
 Processing Data: sp275spl.mfcc; Label sp275spl.lab
 Utterance prob per frame = -7.383631e+01
 Processing Data: sp318spk.mfcc; Label sp318spk.lab
 Utterance prob per frame = -7.488468e+01
 Processing Data: sp318spl.mfcc; Label sp318spl.lab
 Utterance prob per frame = -7.516042e+01
 Processing Data: sp364spk.mfcc; Label sp364spk.lab
 Utterance prob per frame = -7.375259e+01
 Processing Data: sp364spl.mfcc; Label sp364spl.lab
 Utterance prob per frame = -7.624198e+01
 Processing Data: sp406spk.mfcc; Label sp406spk.lab
 Utterance prob per frame = -7.690157e+01
 Processing Data: sp406spl.mfcc; Label sp406spl.lab
 Utterance prob per frame = -7.359029e+01
 Processing Data: sp437spk.mfcc; Label sp437spk.lab
 Utterance prob per frame = -8.069217e+01
 Processing Data: sp437spl.mfcc; Label sp437spl.lab
 Utterance prob per frame = -7.268952e+01
 Processing Data: sp476spk.mfcc; Label sp476spk.lab
 Utterance prob per frame = -7.467017e+01
 Processing Data: sp476spl.mfcc; Label sp476spl.lab
 Utterance prob per frame = -7.730620e+01
 Processing Data: sp521spk.mfcc; Label sp521spk.lab
 Utterance prob per frame = -7.639748e+01
 Processing Data: sp521spl.mfcc; Label sp521spl.lab
 Utterance prob per frame = -7.473497e+01
 Processing Data: sp560spk.mfcc; Label sp560spk.lab
 Utterance prob per frame = -8.047900e+01
 Processing Data: sp560spl.mfcc; Label sp560spl.lab
 Utterance prob per frame = -7.362629e+01
 Processing Data: sp030spk.mfcc; Label sp030spk.lab
 Utterance prob per frame = -7.742634e+01
 Processing Data: sp030spl.mfcc; Label sp030spl.lab
 Utterance prob per frame = -6.864958e+01
 Processing Data: sp063spk.mfcc; Label sp063spk.lab
 Utterance prob per frame = -8.191345e+01
 Processing Data: sp063spl.mfcc; Label sp063spl.lab
 Utterance prob per frame = -7.061421e+01
 Processing Data: sp105spk.mfcc; Label sp105spk.lab
 Utterance prob per frame = -8.104124e+01
 Processing Data: sp105spl.mfcc; Label sp105spl.lab
 Utterance prob per frame = -7.346859e+01
 Processing Data: sp150spk.mfcc; Label sp150spk.lab
 Utterance prob per frame = -8.129074e+01
 Processing Data: sp150spl.mfcc; Label sp150spl.lab
 Utterance prob per frame = -6.941027e+01
 Processing Data: sp189spk.mfcc; Label sp189spk.lab
 Utterance prob per frame = -7.536197e+01
 Processing Data: sp189spl.mfcc; Label sp189spl.lab
 Utterance prob per frame = -7.227147e+01
 Processing Data: sp225spk.mfcc; Label sp225spk.lab
 Utterance prob per frame = -7.744957e+01
 Processing Data: sp225spl.mfcc; Label sp225spl.lab
 Utterance prob per frame = -7.012599e+01
 Processing Data: sp264spk.mfcc; Label sp264spk.lab
 Utterance prob per frame = -7.280956e+01
 Processing Data: sp264spl.mfcc; Label sp264spl.lab
 Utterance prob per frame = -7.899539e+01
 Processing Data: sp305spk.mfcc; Label sp305spk.lab
 Utterance prob per frame = -7.153502e+01
 Processing Data: sp305spl.mfcc; Label sp305spl.lab
 Utterance prob per frame = -7.024274e+01
 Processing Data: sp348spk.mfcc; Label sp348spk.lab
 Utterance prob per frame = -7.585399e+01
 Processing Data: sp348spl.mfcc; Label sp348spl.lab
 Utterance prob per frame = -7.622389e+01
 Processing Data: sp387spk.mfcc; Label sp387spk.lab
 Utterance prob per frame = -8.354152e+01
 Processing Data: sp387spl.mfcc; Label sp387spl.lab
 Utterance prob per frame = -6.924972e+01
 Processing Data: sp426spk.mfcc; Label sp426spk.lab
 Utterance prob per frame = -7.868279e+01
 Processing Data: sp426spl.mfcc; Label sp426spl.lab
 Utterance prob per frame = -6.941010e+01
 Processing Data: sp459spk.mfcc; Label sp459spk.lab
 Utterance prob per frame = -7.078715e+01
 Processing Data: sp459spl.mfcc; Label sp459spl.lab
 Utterance prob per frame = -6.760461e+01
 Processing Data: sp503spk.mfcc; Label sp503spk.lab
 Utterance prob per frame = -7.958286e+01
 Processing Data: sp503spl.mfcc; Label sp503spl.lab
 Utterance prob per frame = -6.974227e+01
 Processing Data: sp545spk.mfcc; Label sp545spk.lab
 Utterance prob per frame = -7.605357e+01
 Processing Data: sp545spl.mfcc; Label sp545spl.lab
 Utterance prob per frame = -6.986584e+01
 Processing Data: sp590spk.mfcc; Label sp590spk.lab
 Utterance prob per frame = -7.407557e+01
 Processing Data: sp590spl.mfcc; Label sp590spl.lab
 Utterance prob per frame = -7.314255e+01
 Processing Data: sp034spk.mfcc; Label sp034spk.lab
 Utterance prob per frame = -7.919739e+01
 Processing Data: sp034spl.mfcc; Label sp034spl.lab
 Utterance prob per frame = -6.706160e+01
 Processing Data: sp069spk.mfcc; Label sp069spk.lab
 Utterance prob per frame = -7.644434e+01
 Processing Data: sp069spl.mfcc; Label sp069spl.lab
 Utterance prob per frame = -6.875811e+01
 Processing Data: sp109spk.mfcc; Label sp109spk.lab
 Utterance prob per frame = -7.611551e+01
 Processing Data: sp109spl.mfcc; Label sp109spl.lab
 Utterance prob per frame = -6.874269e+01
 Processing Data: sp153spk.mfcc; Label sp153spk.lab
 Utterance prob per frame = -8.232860e+01
 Processing Data: sp153spl.mfcc; Label sp153spl.lab
 Utterance prob per frame = -6.913134e+01
 Processing Data: sp194spk.mfcc; Label sp194spk.lab
 Utterance prob per frame = -7.657461e+01
 Processing Data: sp194spl.mfcc; Label sp194spl.lab
 Utterance prob per frame = -7.301371e+01
 Processing Data: sp229spk.mfcc; Label sp229spk.lab
 Utterance prob per frame = -7.322251e+01
 Processing Data: sp229spl.mfcc; Label sp229spl.lab
 Utterance prob per frame = -7.115174e+01
 Processing Data: sp269spk.mfcc; Label sp269spk.lab
 Utterance prob per frame = -8.027071e+01
 Processing Data: sp269spl.mfcc; Label sp269spl.lab
 Utterance prob per frame = -6.971923e+01
 Processing Data: sp308spk.mfcc; Label sp308spk.lab
 Utterance prob per frame = -7.082688e+01
 Processing Data: sp308spl.mfcc; Label sp308spl.lab
 Utterance prob per frame = -7.799038e+01
 Processing Data: sp355spk.mfcc; Label sp355spk.lab
 Utterance prob per frame = -7.881397e+01
 Processing Data: sp355spl.mfcc; Label sp355spl.lab
 Utterance prob per frame = -7.712618e+01
 Processing Data: sp391spk.mfcc; Label sp391spk.lab
 Utterance prob per frame = -7.356504e+01
 Processing Data: sp391spl.mfcc; Label sp391spl.lab
 Utterance prob per frame = -7.266993e+01
 Processing Data: sp431spk.mfcc; Label sp431spk.lab
 Utterance prob per frame = -7.628946e+01
 Processing Data: sp431spl.mfcc; Label sp431spl.lab
 Utterance prob per frame = -6.779785e+01
 Processing Data: sp466spk.mfcc; Label sp466spk.lab
 Utterance prob per frame = -7.806403e+01
 Processing Data: sp466spl.mfcc; Label sp466spl.lab
 Utterance prob per frame = -6.933897e+01
 Processing Data: sp514spk.mfcc; Label sp514spk.lab
 Utterance prob per frame = -7.150548e+01
 Processing Data: sp514spl.mfcc; Label sp514spl.lab
 Utterance prob per frame = -7.136168e+01
 Processing Data: sp548spk.mfcc; Label sp548spk.lab
 Utterance prob per frame = -7.491637e+01
 Processing Data: sp548spl.mfcc; Label sp548spl.lab
 Utterance prob per frame = -7.016073e+01
 Processing Data: sp594spk.mfcc; Label sp594spk.lab
 Utterance prob per frame = -8.177936e+01
 Processing Data: sp594spl.mfcc; Label sp594spl.lab
 Utterance prob per frame = -6.943727e+01
 Processing Data: sp012spk.mfcc; Label sp012spk.lab
 Utterance prob per frame = -7.090165e+01
 Processing Data: sp012spl.mfcc; Label sp012spl.lab
 Utterance prob per frame = -7.020529e+01
 Processing Data: sp047spk.mfcc; Label sp047spk.lab
 Utterance prob per frame = -7.188222e+01
 Processing Data: sp047spl.mfcc; Label sp047spl.lab
 Utterance prob per frame = -7.377662e+01
 Processing Data: sp085spk.mfcc; Label sp085spk.lab
 Utterance prob per frame = -7.615147e+01
 Processing Data: sp085spl.mfcc; Label sp085spl.lab
 Utterance prob per frame = -7.181683e+01
 Processing Data: sp125spk.mfcc; Label sp125spk.lab
 Utterance prob per frame = -7.598285e+01
 Processing Data: sp125spl.mfcc; Label sp125spl.lab
 Utterance prob per frame = -7.053203e+01
 Processing Data: sp168spk.mfcc; Label sp168spk.lab
 Utterance prob per frame = -7.933184e+01
 Processing Data: sp168spl.mfcc; Label sp168spl.lab
 Utterance prob per frame = -7.402704e+01
 Processing Data: sp206spk.mfcc; Label sp206spk.lab
 Utterance prob per frame = -7.722746e+01
 Processing Data: sp206spl.mfcc; Label sp206spl.lab
 Utterance prob per frame = -7.060485e+01
 Processing Data: sp243spk.mfcc; Label sp243spk.lab
 Utterance prob per frame = -7.431855e+01
 Processing Data: sp243spl.mfcc; Label sp243spl.lab
 Utterance prob per frame = -7.275534e+01
 Processing Data: sp281spk.mfcc; Label sp281spk.lab
 Utterance prob per frame = -7.042793e+01
 Processing Data: sp281spl.mfcc; Label sp281spl.lab
 Utterance prob per frame = -7.299512e+01
 Processing Data: sp326spk.mfcc; Label sp326spk.lab
 Utterance prob per frame = -8.271333e+01
 Processing Data: sp326spl.mfcc; Label sp326spl.lab
 Utterance prob per frame = -7.058464e+01
 Processing Data: sp368spk.mfcc; Label sp368spk.lab
 Utterance prob per frame = -7.807441e+01
 Processing Data: sp368spl.mfcc; Label sp368spl.lab
 Utterance prob per frame = -7.366078e+01
 Processing Data: sp411spk.mfcc; Label sp411spk.lab
 Utterance prob per frame = -7.626986e+01
 Processing Data: sp411spl.mfcc; Label sp411spl.lab
 Utterance prob per frame = -7.292073e+01
 Processing Data: sp441spk.mfcc; Label sp441spk.lab
 Utterance prob per frame = -7.319094e+01
 Processing Data: sp441spl.mfcc; Label sp441spl.lab
 Utterance prob per frame = -7.282998e+01
 Processing Data: sp483spk.mfcc; Label sp483spk.lab
 Utterance prob per frame = -7.066705e+01
 Processing Data: sp483spl.mfcc; Label sp483spl.lab
 Utterance prob per frame = -6.900692e+01
 Processing Data: sp527spk.mfcc; Label sp527spk.lab
 Utterance prob per frame = -7.219209e+01
 Processing Data: sp527spl.mfcc; Label sp527spl.lab
 Utterance prob per frame = -7.201676e+01
 Processing Data: sp564spk.mfcc; Label sp564spk.lab
 Utterance prob per frame = -7.797699e+01
 Processing Data: sp564spl.mfcc; Label sp564spl.lab
 Utterance prob per frame = -7.025443e+01
 Processing Data: sp002spk.mfcc; Label sp002spk.lab
 Utterance prob per frame = -8.115727e+01
 Processing Data: sp002spl.mfcc; Label sp002spl.lab
 Utterance prob per frame = -7.068499e+01
 Processing Data: sp038spk.mfcc; Label sp038spk.lab
 Utterance prob per frame = -8.147121e+01
 Processing Data: sp038spl.mfcc; Label sp038spl.lab
 Utterance prob per frame = -6.869511e+01
 Processing Data: sp079spk.mfcc; Label sp079spk.lab
 Utterance prob per frame = -8.379625e+01
 Processing Data: sp079spl.mfcc; Label sp079spl.lab
 Utterance prob per frame = -6.976345e+01
 Processing Data: sp124spk.mfcc; Label sp124spk.lab
 Utterance prob per frame = -7.897486e+01
 Processing Data: sp124spl.mfcc; Label sp124spl.lab
 Utterance prob per frame = -7.114040e+01
 Processing Data: sp173spk.mfcc; Label sp173spk.lab
 Utterance prob per frame = -7.514871e+01
 Processing Data: sp173spl.mfcc; Label sp173spl.lab
 Utterance prob per frame = -6.941361e+01
 Processing Data: sp263spk.mfcc; Label sp263spk.lab
 Utterance prob per frame = -7.264849e+01
 Processing Data: sp263spl.mfcc; Label sp263spl.lab
 Utterance prob per frame = -7.275012e+01
 Processing Data: sp295spk.mfcc; Label sp295spk.lab
 Utterance prob per frame = -7.688336e+01
 Processing Data: sp295spl.mfcc; Label sp295spl.lab
 Utterance prob per frame = -7.158009e+01
 Processing Data: sp329spk.mfcc; Label sp329spk.lab
 Utterance prob per frame = -8.207078e+01
 Processing Data: sp329spl.mfcc; Label sp329spl.lab
 Utterance prob per frame = -7.326123e+01
 Processing Data: sp370spk.mfcc; Label sp370spk.lab
 Utterance prob per frame = -7.439836e+01
 Processing Data: sp370spl.mfcc; Label sp370spl.lab
 Utterance prob per frame = -6.883093e+01
 Processing Data: sp396spk.mfcc; Label sp396spk.lab
 Utterance prob per frame = -7.474526e+01
 Processing Data: sp396spl.mfcc; Label sp396spl.lab
 Utterance prob per frame = -7.135685e+01
 Processing Data: sp461spk.mfcc; Label sp461spk.lab
 Utterance prob per frame = -6.927911e+01
 Processing Data: sp461spl.mfcc; Label sp461spl.lab
 Utterance prob per frame = -7.012021e+01
 Processing Data: sp501spk.mfcc; Label sp501spk.lab
 Utterance prob per frame = -7.625211e+01
 Processing Data: sp501spl.mfcc; Label sp501spl.lab
 Utterance prob per frame = -7.222836e+01
 Processing Data: sp522spk.mfcc; Label sp522spk.lab
 Utterance prob per frame = -7.350615e+01
 Processing Data: sp522spl.mfcc; Label sp522spl.lab
 Utterance prob per frame = -7.232358e+01
 Processing Data: sp556spk.mfcc; Label sp556spk.lab
 Utterance prob per frame = -7.136290e+01
 Processing Data: sp556spl.mfcc; Label sp556spl.lab
 Utterance prob per frame = -7.254767e+01
 Processing Data: sp029spk.mfcc; Label sp029spk.lab
 Utterance prob per frame = -7.843464e+01
 Processing Data: sp029spl.mfcc; Label sp029spl.lab
 Utterance prob per frame = -6.852913e+01
 Processing Data: sp077spk.mfcc; Label sp077spk.lab
 Utterance prob per frame = -7.803964e+01
 Processing Data: sp077spl.mfcc; Label sp077spl.lab
 Utterance prob per frame = -7.057953e+01
 Processing Data: sp123spk.mfcc; Label sp123spk.lab
 Utterance prob per frame = -8.329502e+01
 Processing Data: sp123spl.mfcc; Label sp123spl.lab
 Utterance prob per frame = -7.107684e+01
 Processing Data: sp171spk.mfcc; Label sp171spk.lab
 Utterance prob per frame = -8.282895e+01
 Processing Data: sp171spl.mfcc; Label sp171spl.lab
 Utterance prob per frame = -7.165797e+01
 Processing Data: sp207spk.mfcc; Label sp207spk.lab
 Utterance prob per frame = -7.850082e+01
 Processing Data: sp207spl.mfcc; Label sp207spl.lab
 Utterance prob per frame = -7.190864e+01
 Processing Data: sp261spk.mfcc; Label sp261spk.lab
 Utterance prob per frame = -7.948142e+01
 Processing Data: sp261spl.mfcc; Label sp261spl.lab
 Utterance prob per frame = -7.102866e+01
 Processing Data: sp293spk.mfcc; Label sp293spk.lab
 Utterance prob per frame = -7.842112e+01
 Processing Data: sp293spl.mfcc; Label sp293spl.lab
 Utterance prob per frame = -7.535008e+01
 Processing Data: sp323spk.mfcc; Label sp323spk.lab
 Utterance prob per frame = -7.942530e+01
 Processing Data: sp323spl.mfcc; Label sp323spl.lab
 Utterance prob per frame = -7.418397e+01
 Processing Data: sp365spk.mfcc; Label sp365spk.lab
 Utterance prob per frame = -7.714371e+01
 Processing Data: sp365spl.mfcc; Label sp365spl.lab
 Utterance prob per frame = -7.059152e+01
 Processing Data: sp395spk.mfcc; Label sp395spk.lab
 Utterance prob per frame = -7.533046e+01
 Processing Data: sp395spl.mfcc; Label sp395spl.lab
 Utterance prob per frame = -7.467123e+01
 Processing Data: sp457spk.mfcc; Label sp457spk.lab
 Utterance prob per frame = -7.731678e+01
 Processing Data: sp457spl.mfcc; Label sp457spl.lab
 Utterance prob per frame = -7.255468e+01
 Processing Data: sp496spk.mfcc; Label sp496spk.lab
 Utterance prob per frame = -7.381731e+01
 Processing Data: sp496spl.mfcc; Label sp496spl.lab
 Utterance prob per frame = -7.313882e+01
 Processing Data: sp520spk.mfcc; Label sp520spk.lab
 Utterance prob per frame = -7.300424e+01
 Processing Data: sp520spl.mfcc; Label sp520spl.lab
 Utterance prob per frame = -7.725038e+01
 Processing Data: sp553spk.mfcc; Label sp553spk.lab
 Utterance prob per frame = -7.876440e+01
 Processing Data: sp553spl.mfcc; Label sp553spl.lab
 Utterance prob per frame = -7.326727e+01
 Processing Data: sp597spk.mfcc; Label sp597spk.lab
 Utterance prob per frame = -8.305972e+01
 Processing Data: sp597spl.mfcc; Label sp597spl.lab
 Utterance prob per frame = -7.495089e+01
 Processing Data: sp011spk.mfcc; Label sp011spk.lab
 Utterance prob per frame = -7.703520e+01
 Processing Data: sp011spl.mfcc; Label sp011spl.lab
 Utterance prob per frame = -6.831965e+01
 Processing Data: sp060spk.mfcc; Label sp060spk.lab
 Utterance prob per frame = -7.422584e+01
 Processing Data: sp060spl.mfcc; Label sp060spl.lab
 Utterance prob per frame = -6.732540e+01
 Processing Data: sp097spk.mfcc; Label sp097spk.lab
 Utterance prob per frame = -7.968501e+01
 Processing Data: sp097spl.mfcc; Label sp097spl.lab
 Utterance prob per frame = -6.823890e+01
 Processing Data: sp135spk.mfcc; Label sp135spk.lab
 Utterance prob per frame = -7.440275e+01
 Processing Data: sp135spl.mfcc; Label sp135spl.lab
 Utterance prob per frame = -7.252790e+01
 Processing Data: sp191spk.mfcc; Label sp191spk.lab
 Utterance prob per frame = -7.485918e+01
 Processing Data: sp191spl.mfcc; Label sp191spl.lab
 Utterance prob per frame = -7.012885e+01
 Processing Data: sp227spk.mfcc; Label sp227spk.lab
 Utterance prob per frame = -7.069901e+01
 Processing Data: sp227spl.mfcc; Label sp227spl.lab
 Utterance prob per frame = -7.370658e+01
 Processing Data: sp280spk.mfcc; Label sp280spk.lab
 Utterance prob per frame = -8.065734e+01
 Processing Data: sp280spl.mfcc; Label sp280spl.lab
 Utterance prob per frame = -6.901354e+01
 Processing Data: sp311spk.mfcc; Label sp311spk.lab
 Utterance prob per frame = -7.542608e+01
 Processing Data: sp311spl.mfcc; Label sp311spl.lab
 Utterance prob per frame = -6.936659e+01
 Processing Data: sp347spk.mfcc; Label sp347spk.lab
 Utterance prob per frame = -7.078232e+01
 Processing Data: sp347spl.mfcc; Label sp347spl.lab
 Utterance prob per frame = -6.855535e+01
 Processing Data: sp383spk.mfcc; Label sp383spk.lab
 Utterance prob per frame = -8.185068e+01
 Processing Data: sp383spl.mfcc; Label sp383spl.lab
 Utterance prob per frame = -7.125433e+01
 Processing Data: sp415spk.mfcc; Label sp415spk.lab
 Utterance prob per frame = -7.940844e+01
 Processing Data: sp415spl.mfcc; Label sp415spl.lab
 Utterance prob per frame = -6.852350e+01
 Processing Data: sp480spk.mfcc; Label sp480spk.lab
 Utterance prob per frame = -7.335160e+01
 Processing Data: sp480spl.mfcc; Label sp480spl.lab
 Utterance prob per frame = -7.082580e+01
 Processing Data: sp507spk.mfcc; Label sp507spk.lab
 Utterance prob per frame = -7.447441e+01
 Processing Data: sp507spl.mfcc; Label sp507spl.lab
 Utterance prob per frame = -6.989597e+01
 Processing Data: sp534spk.mfcc; Label sp534spk.lab
 Utterance prob per frame = -7.894655e+01
 Processing Data: sp534spl.mfcc; Label sp534spl.lab
 Utterance prob per frame = -7.058630e+01
 Processing Data: sp578spk.mfcc; Label sp578spk.lab
 Utterance prob per frame = -6.765232e+01
 Processing Data: sp578spl.mfcc; Label sp578spl.lab
 Utterance prob per frame = -7.305894e+01
 Processing Data: sp011spk.mfcc; Label sp011spk.lab
 Utterance prob per frame = -7.599251e+01
 Processing Data: sp011spl.mfcc; Label sp011spl.lab
 Utterance prob per frame = -7.081191e+01
 Processing Data: sp060spk.mfcc; Label sp060spk.lab
 Utterance prob per frame = -7.375835e+01
 Processing Data: sp060spl.mfcc; Label sp060spl.lab
 Utterance prob per frame = -6.551988e+01
 Processing Data: sp097spk.mfcc; Label sp097spk.lab
 Utterance prob per frame = -7.811547e+01
 Processing Data: sp097spl.mfcc; Label sp097spl.lab
 Utterance prob per frame = -6.990594e+01
 Processing Data: sp135spk.mfcc; Label sp135spk.lab
 Utterance prob per frame = -6.879652e+01
 Processing Data: sp135spl.mfcc; Label sp135spl.lab
 Utterance prob per frame = -6.894726e+01
 Processing Data: sp191spk.mfcc; Label sp191spk.lab
 Utterance prob per frame = -7.472634e+01
 Processing Data: sp191spl.mfcc; Label sp191spl.lab
 Utterance prob per frame = -6.970013e+01
 Processing Data: sp227spk.mfcc; Label sp227spk.lab
 Utterance prob per frame = -6.785508e+01
 Processing Data: sp227spl.mfcc; Label sp227spl.lab
 Utterance prob per frame = -7.010643e+01
 Processing Data: sp280spk.mfcc; Label sp280spk.lab
 Utterance prob per frame = -7.595995e+01
 Processing Data: sp280spl.mfcc; Label sp280spl.lab
 Utterance prob per frame = -6.852674e+01
 Processing Data: sp311spk.mfcc; Label sp311spk.lab
 Utterance prob per frame = -7.175530e+01
 Processing Data: sp311spl.mfcc; Label sp311spl.lab
 Utterance prob per frame = -6.995318e+01
 Processing Data: sp347spk.mfcc; Label sp347spk.lab
 Utterance prob per frame = -7.403299e+01
 Processing Data: sp347spl.mfcc; Label sp347spl.lab
 Utterance prob per frame = -6.771930e+01
 Processing Data: sp383spk.mfcc; Label sp383spk.lab
 Utterance prob per frame = -7.298895e+01
 Processing Data: sp383spl.mfcc; Label sp383spl.lab
 Utterance prob per frame = -6.935848e+01
 Processing Data: sp415spk.mfcc; Label sp415spk.lab
 Utterance prob per frame = -7.346433e+01
 Processing Data: sp415spl.mfcc; Label sp415spl.lab
 Utterance prob per frame = -7.151940e+01
 Processing Data: sp480spk.mfcc; Label sp480spk.lab
 Utterance prob per frame = -7.194536e+01
 Processing Data: sp480spl.mfcc; Label sp480spl.lab
 Utterance prob per frame = -6.762711e+01
 Processing Data: sp507spk.mfcc; Label sp507spk.lab
 Utterance prob per frame = -7.535646e+01
 Processing Data: sp507spl.mfcc; Label sp507spl.lab
 Utterance prob per frame = -6.930781e+01
 Processing Data: sp534spk.mfcc; Label sp534spk.lab
 Utterance prob per frame = -7.358019e+01
 Processing Data: sp534spl.mfcc; Label sp534spl.lab
 Utterance prob per frame = -7.157506e+01
 Processing Data: sp578spk.mfcc; Label sp578spk.lab
 Utterance prob per frame = -7.037422e+01
 Processing Data: sp578spl.mfcc; Label sp578spl.lab
 Utterance prob per frame = -7.260954e+01
 Processing Data: sp004spk.mfcc; Label sp004spk.lab
 Utterance prob per frame = -7.986293e+01
 Processing Data: sp004spl.mfcc; Label sp004spl.lab
 Utterance prob per frame = -7.553661e+01
 Processing Data: sp046spk.mfcc; Label sp046spk.lab
 Utterance prob per frame = -7.513296e+01
 Processing Data: sp046spl.mfcc; Label sp046spl.lab
 Utterance prob per frame = -7.775718e+01
 Processing Data: sp089spk.mfcc; Label sp089spk.lab
 Utterance prob per frame = -7.704296e+01
 Processing Data: sp089spl.mfcc; Label sp089spl.lab
 Utterance prob per frame = -7.590419e+01
 Processing Data: sp131spk.mfcc; Label sp131spk.lab
 Utterance prob per frame = -8.002229e+01
 Processing Data: sp131spl.mfcc; Label sp131spl.lab
 Utterance prob per frame = -7.815251e+01
 Processing Data: sp177spk.mfcc; Label sp177spk.lab
 Utterance prob per frame = -8.033851e+01
 Processing Data: sp177spl.mfcc; Label sp177spl.lab
 Utterance prob per frame = -8.050775e+01
 Processing Data: sp218spk.mfcc; Label sp218spk.lab
 Utterance prob per frame = -7.571933e+01
 Processing Data: sp218spl.mfcc; Label sp218spl.lab
 Utterance prob per frame = -7.667872e+01
 Processing Data: sp273spk.mfcc; Label sp273spk.lab
 Utterance prob per frame = -7.294075e+01
 Processing Data: sp273spl.mfcc; Label sp273spl.lab
 Utterance prob per frame = -7.479917e+01
 Processing Data: sp300spk.mfcc; Label sp300spk.lab
 Utterance prob per frame = -7.683930e+01
 Processing Data: sp300spl.mfcc; Label sp300spl.lab
 Utterance prob per frame = -7.459479e+01
 Processing Data: sp337spk.mfcc; Label sp337spk.lab
 Utterance prob per frame = -8.214890e+01
 Processing Data: sp337spl.mfcc; Label sp337spl.lab
 Utterance prob per frame = -7.955059e+01
 Processing Data: sp376spk.mfcc; Label sp376spk.lab
 Utterance prob per frame = -7.717245e+01
 Processing Data: sp376spl.mfcc; Label sp376spl.lab
 Utterance prob per frame = -7.894122e+01
 Processing Data: sp400spk.mfcc; Label sp400spk.lab
 Utterance prob per frame = -7.814727e+01
 Processing Data: sp400spl.mfcc; Label sp400spl.lab
 Utterance prob per frame = -7.597167e+01
 Processing Data: sp464spk.mfcc; Label sp464spk.lab
 Utterance prob per frame = -7.247292e+01
 Processing Data: sp464spl.mfcc; Label sp464spl.lab
 Utterance prob per frame = -7.841116e+01
 Processing Data: sp505spk.mfcc; Label sp505spk.lab
 Utterance prob per frame = -7.624525e+01
 Processing Data: sp505spl.mfcc; Label sp505spl.lab
 Utterance prob per frame = -7.422770e+01
 Processing Data: sp526spk.mfcc; Label sp526spk.lab
 Utterance prob per frame = -7.426354e+01
 Processing Data: sp526spl.mfcc; Label sp526spl.lab
 Utterance prob per frame = -7.195439e+01
 Processing Data: sp574spk.mfcc; Label sp574spk.lab
 Utterance prob per frame = -7.715807e+01
 Processing Data: sp574spl.mfcc; Label sp574spl.lab
 Utterance prob per frame = -7.767518e+01
 Processing Data: sp022spk.mfcc; Label sp022spk.lab
 Utterance prob per frame = -6.545913e+01
 Processing Data: sp022spl.mfcc; Label sp022spl.lab
 Utterance prob per frame = -6.860616e+01
 Processing Data: sp068spk.mfcc; Label sp068spk.lab
 Utterance prob per frame = -7.109811e+01
 Processing Data: sp068spl.mfcc; Label sp068spl.lab
 Utterance prob per frame = -6.803153e+01
 Processing Data: sp116spk.mfcc; Label sp116spk.lab
 Utterance prob per frame = -6.957651e+01
 Processing Data: sp116spl.mfcc; Label sp116spl.lab
 Utterance prob per frame = -6.607263e+01
 Processing Data: sp164spk.mfcc; Label sp164spk.lab
 Utterance prob per frame = -6.911919e+01
 Processing Data: sp164spl.mfcc; Label sp164spl.lab
 Utterance prob per frame = -6.882197e+01
 Processing Data: sp197spk.mfcc; Label sp197spk.lab
 Utterance prob per frame = -8.119724e+01
 Processing Data: sp197spl.mfcc; Label sp197spl.lab
 Utterance prob per frame = -6.941122e+01
 Processing Data: sp250spk.mfcc; Label sp250spk.lab
 Utterance prob per frame = -7.002661e+01
 Processing Data: sp250spl.mfcc; Label sp250spl.lab
 Utterance prob per frame = -7.240379e+01
 Processing Data: sp285spk.mfcc; Label sp285spk.lab
 Utterance prob per frame = -7.479411e+01
 Processing Data: sp285spl.mfcc; Label sp285spl.lab
 Utterance prob per frame = -6.950048e+01
 Processing Data: sp314spk.mfcc; Label sp314spk.lab
 Utterance prob per frame = -7.109345e+01
 Processing Data: sp314spl.mfcc; Label sp314spl.lab
 Utterance prob per frame = -7.041112e+01
 Processing Data: sp359spk.mfcc; Label sp359spk.lab
 Utterance prob per frame = -6.970154e+01
 Processing Data: sp359spl.mfcc; Label sp359spl.lab
 Utterance prob per frame = -7.363613e+01
 Processing Data: sp393spk.mfcc; Label sp393spk.lab
 Utterance prob per frame = -7.211084e+01
 Processing Data: sp393spl.mfcc; Label sp393spl.lab
 Utterance prob per frame = -6.956432e+01
 Processing Data: sp447spk.mfcc; Label sp447spk.lab
 Utterance prob per frame = -6.834390e+01
 Processing Data: sp447spl.mfcc; Label sp447spl.lab
 Utterance prob per frame = -6.806642e+01
 Processing Data: sp488spk.mfcc; Label sp488spk.lab
 Utterance prob per frame = -7.126009e+01
 Processing Data: sp488spl.mfcc; Label sp488spl.lab
 Utterance prob per frame = -6.932539e+01
 Processing Data: sp512spk.mfcc; Label sp512spk.lab
 Utterance prob per frame = -6.841192e+01
 Processing Data: sp512spl.mfcc; Label sp512spl.lab
 Utterance prob per frame = -7.122481e+01
 Processing Data: sp544spk.mfcc; Label sp544spk.lab
 Utterance prob per frame = -7.097969e+01
 Processing Data: sp544spl.mfcc; Label sp544spl.lab
 Utterance prob per frame = -6.953257e+01
 Processing Data: sp585spk.mfcc; Label sp585spk.lab
 Utterance prob per frame = -7.726381e+01
 Processing Data: sp585spl.mfcc; Label sp585spl.lab
 Utterance prob per frame = -7.001442e+01
 Processing Data: sp005spk.mfcc; Label sp005spk.lab
 Utterance prob per frame = -7.409515e+01
 Processing Data: sp005spl.mfcc; Label sp005spl.lab
 Utterance prob per frame = -7.064066e+01
 Processing Data: sp055spk.mfcc; Label sp055spk.lab
 Utterance prob per frame = -7.313648e+01
 Processing Data: sp055spl.mfcc; Label sp055spl.lab
 Utterance prob per frame = -7.789887e+01
 Processing Data: sp094spk.mfcc; Label sp094spk.lab
 Utterance prob per frame = -7.695410e+01
 Processing Data: sp094spl.mfcc; Label sp094spl.lab
 Utterance prob per frame = -6.785074e+01
 Processing Data: sp134spk.mfcc; Label sp134spk.lab
 Utterance prob per frame = -7.153051e+01
 Processing Data: sp134spl.mfcc; Label sp134spl.lab
 Utterance prob per frame = -6.636704e+01
 Processing Data: sp184spk.mfcc; Label sp184spk.lab
 Utterance prob per frame = -7.712102e+01
 Processing Data: sp184spl.mfcc; Label sp184spl.lab
 Utterance prob per frame = -6.942143e+01
 Processing Data: sp219spk.mfcc; Label sp219spk.lab
 Utterance prob per frame = -7.854740e+01
 Processing Data: sp219spl.mfcc; Label sp219spl.lab
 Utterance prob per frame = -6.973842e+01
 Processing Data: sp276spk.mfcc; Label sp276spk.lab
 Utterance prob per frame = -8.120299e+01
 Processing Data: sp276spl.mfcc; Label sp276spl.lab
 Utterance prob per frame = -7.129360e+01
 Processing Data: sp304spk.mfcc; Label sp304spk.lab
 Utterance prob per frame = -7.352813e+01
 Processing Data: sp304spl.mfcc; Label sp304spl.lab
 Utterance prob per frame = -7.128920e+01
 Processing Data: sp340spk.mfcc; Label sp340spk.lab
 Utterance prob per frame = -7.838667e+01
 Processing Data: sp340spl.mfcc; Label sp340spl.lab
 Utterance prob per frame = -7.363628e+01
 Processing Data: sp378spk.mfcc; Label sp378spk.lab
 Utterance prob per frame = -7.678512e+01
 Processing Data: sp378spl.mfcc; Label sp378spl.lab
 Utterance prob per frame = -7.316287e+01
 Processing Data: sp403spk.mfcc; Label sp403spk.lab
 Utterance prob per frame = -7.941850e+01
 Processing Data: sp403spl.mfcc; Label sp403spl.lab
 Utterance prob per frame = -7.019068e+01
 Processing Data: sp475spk.mfcc; Label sp475spk.lab
 Utterance prob per frame = -7.705358e+01
 Processing Data: sp475spl.mfcc; Label sp475spl.lab
 Utterance prob per frame = -7.467876e+01
 Processing Data: sp506spk.mfcc; Label sp506spk.lab
 Utterance prob per frame = -7.566431e+01
 Processing Data: sp506spl.mfcc; Label sp506spl.lab
 Utterance prob per frame = -6.940996e+01
 Processing Data: sp530spk.mfcc; Label sp530spk.lab
 Utterance prob per frame = -7.796492e+01
 Processing Data: sp530spl.mfcc; Label sp530spl.lab
 Utterance prob per frame = -7.262956e+01
 Processing Data: sp576spk.mfcc; Label sp576spk.lab
 Utterance prob per frame = -8.492320e+01
 Processing Data: sp576spl.mfcc; Label sp576spl.lab
 Utterance prob per frame = -7.738108e+01
 Processing Data: sp022spk.mfcc; Label sp022spk.lab
 Utterance prob per frame = -7.360476e+01
 Processing Data: sp022spl.mfcc; Label sp022spl.lab
 Utterance prob per frame = -7.011896e+01
 Processing Data: sp068spk.mfcc; Label sp068spk.lab
 Utterance prob per frame = -7.201884e+01
 Processing Data: sp068spl.mfcc; Label sp068spl.lab
 Utterance prob per frame = -6.867294e+01
 Processing Data: sp116spk.mfcc; Label sp116spk.lab
 Utterance prob per frame = -7.031026e+01
 Processing Data: sp116spl.mfcc; Label sp116spl.lab
 Utterance prob per frame = -6.917381e+01
 Processing Data: sp164spk.mfcc; Label sp164spk.lab
 Utterance prob per frame = -7.609150e+01
 Processing Data: sp164spl.mfcc; Label sp164spl.lab
 Utterance prob per frame = -7.149251e+01
 Processing Data: sp197spk.mfcc; Label sp197spk.lab
 Utterance prob per frame = -7.901222e+01
 Processing Data: sp197spl.mfcc; Label sp197spl.lab
 Utterance prob per frame = -7.350904e+01
 Processing Data: sp250spk.mfcc; Label sp250spk.lab
 Utterance prob per frame = -7.177385e+01
 Processing Data: sp250spl.mfcc; Label sp250spl.lab
 Utterance prob per frame = -7.579588e+01
 Processing Data: sp285spk.mfcc; Label sp285spk.lab
 Utterance prob per frame = -7.649710e+01
 Processing Data: sp285spl.mfcc; Label sp285spl.lab
 Utterance prob per frame = -7.330188e+01
 Processing Data: sp314spk.mfcc; Label sp314spk.lab
 Utterance prob per frame = -7.365791e+01
 Processing Data: sp314spl.mfcc; Label sp314spl.lab
 Utterance prob per frame = -7.121749e+01
 Processing Data: sp359spk.mfcc; Label sp359spk.lab
 Utterance prob per frame = -6.870881e+01
 Processing Data: sp359spl.mfcc; Label sp359spl.lab
 Utterance prob per frame = -6.916781e+01
 Processing Data: sp393spk.mfcc; Label sp393spk.lab
 Utterance prob per frame = -7.860032e+01
 Processing Data: sp393spl.mfcc; Label sp393spl.lab
 Utterance prob per frame = -7.111737e+01
 Processing Data: sp447spk.mfcc; Label sp447spk.lab
 Utterance prob per frame = -6.865085e+01
 Processing Data: sp447spl.mfcc; Label sp447spl.lab
 Utterance prob per frame = -6.953844e+01
 Processing Data: sp488spk.mfcc; Label sp488spk.lab
 Utterance prob per frame = -7.681109e+01
 Processing Data: sp488spl.mfcc; Label sp488spl.lab
 Utterance prob per frame = -7.214575e+01
 Processing Data: sp512spk.mfcc; Label sp512spk.lab
 Utterance prob per frame = -7.029462e+01
 Processing Data: sp512spl.mfcc; Label sp512spl.lab
 Utterance prob per frame = -7.397541e+01
 Processing Data: sp544spk.mfcc; Label sp544spk.lab
 Utterance prob per frame = -7.183590e+01
 Processing Data: sp544spl.mfcc; Label sp544spl.lab
 Utterance prob per frame = -6.885828e+01
 Processing Data: sp585spk.mfcc; Label sp585spk.lab
 Utterance prob per frame = -7.597187e+01
 Processing Data: sp585spl.mfcc; Label sp585spl.lab
 Utterance prob per frame = -7.271897e+01
 Processing Data: sp003spk.mfcc; Label sp003spk.lab
 Utterance prob per frame = -7.092400e+01
 Processing Data: sp003spl.mfcc; Label sp003spl.lab
 Utterance prob per frame = -6.787048e+01
 Processing Data: sp040spk.mfcc; Label sp040spk.lab
 Utterance prob per frame = -7.682531e+01
 Processing Data: sp040spl.mfcc; Label sp040spl.lab
 Utterance prob per frame = -7.051914e+01
 Processing Data: sp083spk.mfcc; Label sp083spk.lab
 Utterance prob per frame = -7.055356e+01
 Processing Data: sp083spl.mfcc; Label sp083spl.lab
 Utterance prob per frame = -7.095228e+01
 Processing Data: sp126spk.mfcc; Label sp126spk.lab
 Utterance prob per frame = -8.026487e+01
 Processing Data: sp126spl.mfcc; Label sp126spl.lab
 Utterance prob per frame = -6.892363e+01
 Processing Data: sp175spk.mfcc; Label sp175spk.lab
 Utterance prob per frame = -8.038541e+01
 Processing Data: sp175spl.mfcc; Label sp175spl.lab
 Utterance prob per frame = -6.701490e+01
 Processing Data: sp216spk.mfcc; Label sp216spk.lab
 Utterance prob per frame = -8.093653e+01
 Processing Data: sp216spl.mfcc; Label sp216spl.lab
 Utterance prob per frame = -6.972490e+01
 Processing Data: sp267spk.mfcc; Label sp267spk.lab
 Utterance prob per frame = -8.157301e+01
 Processing Data: sp267spl.mfcc; Label sp267spl.lab
 Utterance prob per frame = -7.020099e+01
 Processing Data: sp298spk.mfcc; Label sp298spk.lab
 Utterance prob per frame = -7.739538e+01
 Processing Data: sp298spl.mfcc; Label sp298spl.lab
 Utterance prob per frame = -7.050245e+01
 Processing Data: sp336spk.mfcc; Label sp336spk.lab
 Utterance prob per frame = -7.873086e+01
 Processing Data: sp336spl.mfcc; Label sp336spl.lab
 Utterance prob per frame = -7.203411e+01
 Processing Data: sp375spk.mfcc; Label sp375spk.lab
 Utterance prob per frame = -7.674916e+01
 Processing Data: sp375spl.mfcc; Label sp375spl.lab
 Utterance prob per frame = -7.114356e+01
 Processing Data: sp398spk.mfcc; Label sp398spk.lab
 Utterance prob per frame = -7.564117e+01
 Processing Data: sp398spl.mfcc; Label sp398spl.lab
 Utterance prob per frame = -7.067478e+01
 Processing Data: sp463spk.mfcc; Label sp463spk.lab
 Utterance prob per frame = -7.531014e+01
 Processing Data: sp463spl.mfcc; Label sp463spl.lab
 Utterance prob per frame = -7.089926e+01
 Processing Data: sp502spk.mfcc; Label sp502spk.lab
 Utterance prob per frame = -7.294347e+01
 Processing Data: sp502spl.mfcc; Label sp502spl.lab
 Utterance prob per frame = -7.147768e+01
 Processing Data: sp524spk.mfcc; Label sp524spk.lab
 Utterance prob per frame = -8.460487e+01
 Processing Data: sp524spl.mfcc; Label sp524spl.lab
 Utterance prob per frame = -7.240415e+01
 Processing Data: sp569spk.mfcc; Label sp569spk.lab
 Utterance prob per frame = -7.565176e+01
 Processing Data: sp569spl.mfcc; Label sp569spl.lab
 Utterance prob per frame = -7.286625e+01
 Processing Data: sp004spk.mfcc; Label sp004spk.lab
 Utterance prob per frame = -7.268947e+01
 Processing Data: sp004spl.mfcc; Label sp004spl.lab
 Utterance prob per frame = -7.512655e+01
 Processing Data: sp046spk.mfcc; Label sp046spk.lab
 Utterance prob per frame = -7.543469e+01
 Processing Data: sp046spl.mfcc; Label sp046spl.lab
 Utterance prob per frame = -7.876489e+01
 Processing Data: sp089spk.mfcc; Label sp089spk.lab
 Utterance prob per frame = -7.479200e+01
 Processing Data: sp089spl.mfcc; Label sp089spl.lab
 Utterance prob per frame = -7.738415e+01
 Processing Data: sp131spk.mfcc; Label sp131spk.lab
 Utterance prob per frame = -8.456134e+01
 Processing Data: sp131spl.mfcc; Label sp131spl.lab
 Utterance prob per frame = -7.739772e+01
 Processing Data: sp177spk.mfcc; Label sp177spk.lab
 Utterance prob per frame = -7.418159e+01
 Processing Data: sp177spl.mfcc; Label sp177spl.lab
 Utterance prob per frame = -7.403719e+01
 Processing Data: sp218spk.mfcc; Label sp218spk.lab
 Utterance prob per frame = -7.586055e+01
 Processing Data: sp218spl.mfcc; Label sp218spl.lab
 Utterance prob per frame = -7.753364e+01
 Processing Data: sp273spk.mfcc; Label sp273spk.lab
 Utterance prob per frame = -7.672058e+01
 Processing Data: sp273spl.mfcc; Label sp273spl.lab
 Utterance prob per frame = -7.409240e+01
 Processing Data: sp300spk.mfcc; Label sp300spk.lab
 Utterance prob per frame = -7.597898e+01
 Processing Data: sp300spl.mfcc; Label sp300spl.lab
 Utterance prob per frame = -7.433641e+01
 Processing Data: sp337spk.mfcc; Label sp337spk.lab
 Utterance prob per frame = -7.950883e+01
 Processing Data: sp337spl.mfcc; Label sp337spl.lab
 Utterance prob per frame = -7.881563e+01
 Processing Data: sp376spk.mfcc; Label sp376spk.lab
 Utterance prob per frame = -7.437333e+01
 Processing Data: sp376spl.mfcc; Label sp376spl.lab
 Utterance prob per frame = -8.125899e+01
 Processing Data: sp400spk.mfcc; Label sp400spk.lab
 Utterance prob per frame = -7.923778e+01
 Processing Data: sp400spl.mfcc; Label sp400spl.lab
 Utterance prob per frame = -7.828402e+01
 Processing Data: sp464spk.mfcc; Label sp464spk.lab
 Utterance prob per frame = -7.278763e+01
 Processing Data: sp464spl.mfcc; Label sp464spl.lab
 Utterance prob per frame = -8.304523e+01
 Processing Data: sp505spk.mfcc; Label sp505spk.lab
 Utterance prob per frame = -7.333923e+01
 Processing Data: sp505spl.mfcc; Label sp505spl.lab
 Utterance prob per frame = -7.112338e+01
 Processing Data: sp526spk.mfcc; Label sp526spk.lab
 Utterance prob per frame = -7.302660e+01
 Processing Data: sp526spl.mfcc; Label sp526spl.lab
 Utterance prob per frame = -7.234074e+01
 Processing Data: sp574spk.mfcc; Label sp574spk.lab
 Utterance prob per frame = -7.605637e+01
 Processing Data: sp574spl.mfcc; Label sp574spl.lab
 Utterance prob per frame = -7.996021e+01
Total 863 floored variance elements in 146 different mixes
Saving hmm's to dir Current
Reestimation complete - average log prob per frame = -7.274572e+01
     - total frames seen          = 1.554810e+05
