HERest  ML Updating: Transitions Means Variances MixWeights 

 System is PLAIN
45 Logical/45 Physical Models Loaded, VecSize=39
2 MMF input files
Pruning-On[250.0 150.0 1000.0]
 Processing Data: sp015spk.mfcc; Label sp015spk.lab
 Utterance prob per frame = -7.163440e+01
 Processing Data: sp015spl.mfcc; Label sp015spl.lab
 Utterance prob per frame = -7.499717e+01
 Processing Data: sp049spk.mfcc; Label sp049spk.lab
 Utterance prob per frame = -7.451593e+01
 Processing Data: sp049spl.mfcc; Label sp049spl.lab
 Utterance prob per frame = -7.635994e+01
 Processing Data: sp087spk.mfcc; Label sp087spk.lab
 Utterance prob per frame = -7.971190e+01
 Processing Data: sp087spl.mfcc; Label sp087spl.lab
 Utterance prob per frame = -7.630732e+01
 Processing Data: sp128spk.mfcc; Label sp128spk.lab
 Utterance prob per frame = -7.842429e+01
 Processing Data: sp128spl.mfcc; Label sp128spl.lab
 Utterance prob per frame = -7.711717e+01
 Processing Data: sp172spk.mfcc; Label sp172spk.lab
 Utterance prob per frame = -7.956599e+01
 Processing Data: sp172spl.mfcc; Label sp172spl.lab
 Utterance prob per frame = -7.868623e+01
 Processing Data: sp209spk.mfcc; Label sp209spk.lab
 Utterance prob per frame = -7.990626e+01
 Processing Data: sp209spl.mfcc; Label sp209spl.lab
 Utterance prob per frame = -7.388502e+01
 Processing Data: sp246spk.mfcc; Label sp246spk.lab
 Utterance prob per frame = -6.668114e+01
 Processing Data: sp246spl.mfcc; Label sp246spl.lab
 Utterance prob per frame = -7.925634e+01
 Processing Data: sp289spk.mfcc; Label sp289spk.lab
 Utterance prob per frame = -7.798116e+01
 Processing Data: sp289spl.mfcc; Label sp289spl.lab
 Utterance prob per frame = -7.567087e+01
 Processing Data: sp328spk.mfcc; Label sp328spk.lab
 Utterance prob per frame = -8.246343e+01
 Processing Data: sp328spl.mfcc; Label sp328spl.lab
 Utterance prob per frame = -7.647097e+01
 Processing Data: sp372spk.mfcc; Label sp372spk.lab
 Utterance prob per frame = -7.259290e+01
 Processing Data: sp372spl.mfcc; Label sp372spl.lab
 Utterance prob per frame = -7.763185e+01
 Processing Data: sp413spk.mfcc; Label sp413spk.lab
 Utterance prob per frame = -7.760068e+01
 Processing Data: sp413spl.mfcc; Label sp413spl.lab
 Utterance prob per frame = -7.344213e+01
 Processing Data: sp444spk.mfcc; Label sp444spk.lab
 Utterance prob per frame = -7.525615e+01
 Processing Data: sp444spl.mfcc; Label sp444spl.lab
 Utterance prob per frame = -7.512807e+01
 Processing Data: sp485spk.mfcc; Label sp485spk.lab
 Utterance prob per frame = -7.688888e+01
 Processing Data: sp485spl.mfcc; Label sp485spl.lab
 Utterance prob per frame = -7.612614e+01
 Processing Data: sp531spk.mfcc; Label sp531spk.lab
 Utterance prob per frame = -7.601006e+01
 Processing Data: sp531spl.mfcc; Label sp531spl.lab
 Utterance prob per frame = -7.955243e+01
 Processing Data: sp566spk.mfcc; Label sp566spk.lab
 Utterance prob per frame = -7.754586e+01
 Processing Data: sp566spl.mfcc; Label sp566spl.lab
 Utterance prob per frame = -8.090204e+01
 Processing Data: sp028spk.mfcc; Label sp028spk.lab
 Utterance prob per frame = -7.133996e+01
 Processing Data: sp028spl.mfcc; Label sp028spl.lab
 Utterance prob per frame = -7.263607e+01
 Processing Data: sp061spk.mfcc; Label sp061spk.lab
 Utterance prob per frame = -7.287941e+01
 Processing Data: sp061spl.mfcc; Label sp061spl.lab
 Utterance prob per frame = -7.126592e+01
 Processing Data: sp104spk.mfcc; Label sp104spk.lab
 Utterance prob per frame = -7.369061e+01
 Processing Data: sp104spl.mfcc; Label sp104spl.lab
 Utterance prob per frame = -7.078114e+01
 Processing Data: sp149spk.mfcc; Label sp149spk.lab
 Utterance prob per frame = -7.267425e+01
 Processing Data: sp149spl.mfcc; Label sp149spl.lab
 Utterance prob per frame = -6.713303e+01
 Processing Data: sp188spk.mfcc; Label sp188spk.lab
 Utterance prob per frame = -7.305366e+01
 Processing Data: sp188spl.mfcc; Label sp188spl.lab
 Utterance prob per frame = -7.403707e+01
 Processing Data: sp223spk.mfcc; Label sp223spk.lab
 Utterance prob per frame = -7.307881e+01
 Processing Data: sp223spl.mfcc; Label sp223spl.lab
 Utterance prob per frame = -6.795670e+01
 Processing Data: sp262spk.mfcc; Label sp262spk.lab
 Utterance prob per frame = -7.734506e+01
 Processing Data: sp262spl.mfcc; Label sp262spl.lab
 Utterance prob per frame = -7.163862e+01
 Processing Data: sp303spk.mfcc; Label sp303spk.lab
 Utterance prob per frame = -7.733634e+01
 Processing Data: sp303spl.mfcc; Label sp303spl.lab
 Utterance prob per frame = -7.142604e+01
 Processing Data: sp346spk.mfcc; Label sp346spk.lab
 Utterance prob per frame = -7.592428e+01
 Processing Data: sp346spl.mfcc; Label sp346spl.lab
 Utterance prob per frame = -7.190486e+01
 Processing Data: sp385spk.mfcc; Label sp385spk.lab
 Utterance prob per frame = -8.058228e+01
 Processing Data: sp385spl.mfcc; Label sp385spl.lab
 Utterance prob per frame = -7.179091e+01
 Processing Data: sp425spk.mfcc; Label sp425spk.lab
 Utterance prob per frame = -7.967899e+01
 Processing Data: sp425spl.mfcc; Label sp425spl.lab
 Utterance prob per frame = -7.284223e+01
 Processing Data: sp456spk.mfcc; Label sp456spk.lab
 Utterance prob per frame = -7.547919e+01
 Processing Data: sp456spl.mfcc; Label sp456spl.lab
 Utterance prob per frame = -7.226423e+01
 Processing Data: sp500spk.mfcc; Label sp500spk.lab
 Utterance prob per frame = -7.646936e+01
 Processing Data: sp500spl.mfcc; Label sp500spl.lab
 Utterance prob per frame = -7.268912e+01
 Processing Data: sp543spk.mfcc; Label sp543spk.lab
 Utterance prob per frame = -7.061363e+01
 Processing Data: sp543spl.mfcc; Label sp543spl.lab
 Utterance prob per frame = -7.065584e+01
 Processing Data: sp586spk.mfcc; Label sp586spk.lab
 Utterance prob per frame = -7.556773e+01
 Processing Data: sp586spl.mfcc; Label sp586spl.lab
 Utterance prob per frame = -7.347736e+01
 Processing Data: sp036spk.mfcc; Label sp036spk.lab
 Utterance prob per frame = -7.184239e+01
 Processing Data: sp036spl.mfcc; Label sp036spl.lab
 Utterance prob per frame = -6.706969e+01
 Processing Data: sp073spk.mfcc; Label sp073spk.lab
 Utterance prob per frame = -6.994214e+01
 Processing Data: sp073spl.mfcc; Label sp073spl.lab
 Utterance prob per frame = -7.076466e+01
 Processing Data: sp113spk.mfcc; Label sp113spk.lab
 Utterance prob per frame = -7.916306e+01
 Processing Data: sp113spl.mfcc; Label sp113spl.lab
 Utterance prob per frame = -6.940322e+01
 Processing Data: sp161spk.mfcc; Label sp161spk.lab
 Utterance prob per frame = -7.523529e+01
 Processing Data: sp161spl.mfcc; Label sp161spl.lab
 Utterance prob per frame = -7.108724e+01
 Processing Data: sp199spk.mfcc; Label sp199spk.lab
 Utterance prob per frame = -7.579265e+01
 Processing Data: sp199spl.mfcc; Label sp199spl.lab
 Utterance prob per frame = -7.278062e+01
 Processing Data: sp234spk.mfcc; Label sp234spk.lab
 Utterance prob per frame = -7.865019e+01
 Processing Data: sp234spl.mfcc; Label sp234spl.lab
 Utterance prob per frame = -6.848240e+01
 Processing Data: sp271spk.mfcc; Label sp271spk.lab
 Utterance prob per frame = -7.258765e+01
 Processing Data: sp271spl.mfcc; Label sp271spl.lab
 Utterance prob per frame = -7.256534e+01
 Processing Data: sp310spk.mfcc; Label sp310spk.lab
 Utterance prob per frame = -7.112871e+01
 Processing Data: sp310spl.mfcc; Label sp310spl.lab
 Utterance prob per frame = -6.932631e+01
 Processing Data: sp361spk.mfcc; Label sp361spk.lab
 Utterance prob per frame = -7.371393e+01
 Processing Data: sp361spl.mfcc; Label sp361spl.lab
 Utterance prob per frame = -7.365921e+01
 Processing Data: sp404spk.mfcc; Label sp404spk.lab
 Utterance prob per frame = -7.964540e+01
 Processing Data: sp404spl.mfcc; Label sp404spl.lab
 Utterance prob per frame = -7.111332e+01
 Processing Data: sp434spk.mfcc; Label sp434spk.lab
 Utterance prob per frame = -7.742927e+01
 Processing Data: sp434spl.mfcc; Label sp434spl.lab
 Utterance prob per frame = -7.006720e+01
 Processing Data: sp470spk.mfcc; Label sp470spk.lab
 Utterance prob per frame = -6.771451e+01
 Processing Data: sp470spl.mfcc; Label sp470spl.lab
 Utterance prob per frame = -6.834464e+01
 Processing Data: sp517spk.mfcc; Label sp517spk.lab
 Utterance prob per frame = -6.791795e+01
 Processing Data: sp517spl.mfcc; Label sp517spl.lab
 Utterance prob per frame = -7.071147e+01
 Processing Data: sp551spk.mfcc; Label sp551spk.lab
 Utterance prob per frame = -7.221611e+01
 Processing Data: sp551spl.mfcc; Label sp551spl.lab
 Utterance prob per frame = -6.834101e+01
 Processing Data: sp600spk.mfcc; Label sp600spk.lab
 Utterance prob per frame = -7.401458e+01
 Processing Data: sp600spl.mfcc; Label sp600spl.lab
 Utterance prob per frame = -6.821969e+01
 Processing Data: sp035spk.mfcc; Label sp035spk.lab
 Utterance prob per frame = -7.535113e+01
 Processing Data: sp035spl.mfcc; Label sp035spl.lab
 Utterance prob per frame = -7.359784e+01
 Processing Data: sp072spk.mfcc; Label sp072spk.lab
 Utterance prob per frame = -7.009104e+01
 Processing Data: sp072spl.mfcc; Label sp072spl.lab
 Utterance prob per frame = -7.188353e+01
 Processing Data: sp112spk.mfcc; Label sp112spk.lab
 Utterance prob per frame = -7.933886e+01
 Processing Data: sp112spl.mfcc; Label sp112spl.lab
 Utterance prob per frame = -7.094813e+01
 Processing Data: sp156spk.mfcc; Label sp156spk.lab
 Utterance prob per frame = -7.739811e+01
 Processing Data: sp156spl.mfcc; Label sp156spl.lab
 Utterance prob per frame = -6.799065e+01
 Processing Data: sp195spk.mfcc; Label sp195spk.lab
 Utterance prob per frame = -7.170987e+01
 Processing Data: sp195spl.mfcc; Label sp195spl.lab
 Utterance prob per frame = -7.348182e+01
 Processing Data: sp232spk.mfcc; Label sp232spk.lab
 Utterance prob per frame = -7.921677e+01
 Processing Data: sp232spl.mfcc; Label sp232spl.lab
 Utterance prob per frame = -7.568936e+01
 Processing Data: sp270spk.mfcc; Label sp270spk.lab
 Utterance prob per frame = -7.226332e+01
 Processing Data: sp270spl.mfcc; Label sp270spl.lab
 Utterance prob per frame = -7.075706e+01
 Processing Data: sp309spk.mfcc; Label sp309spk.lab
 Utterance prob per frame = -7.503789e+01
 Processing Data: sp309spl.mfcc; Label sp309spl.lab
 Utterance prob per frame = -7.234367e+01
 Processing Data: sp358spk.mfcc; Label sp358spk.lab
 Utterance prob per frame = -7.324128e+01
 Processing Data: sp358spl.mfcc; Label sp358spl.lab
 Utterance prob per frame = -7.246932e+01
 Processing Data: sp392spk.mfcc; Label sp392spk.lab
 Utterance prob per frame = -7.679411e+01
 Processing Data: sp392spl.mfcc; Label sp392spl.lab
 Utterance prob per frame = -7.388800e+01
 Processing Data: sp432spk.mfcc; Label sp432spk.lab
 Utterance prob per frame = -7.865143e+01
 Processing Data: sp432spl.mfcc; Label sp432spl.lab
 Utterance prob per frame = -7.243265e+01
 Processing Data: sp467spk.mfcc; Label sp467spk.lab
 Utterance prob per frame = -7.416355e+01
 Processing Data: sp467spl.mfcc; Label sp467spl.lab
 Utterance prob per frame = -7.377803e+01
 Processing Data: sp516spk.mfcc; Label sp516spk.lab
 Utterance prob per frame = -6.705808e+01
 Processing Data: sp516spl.mfcc; Label sp516spl.lab
 Utterance prob per frame = -7.019889e+01
 Processing Data: sp549spk.mfcc; Label sp549spk.lab
 Utterance prob per frame = -6.852087e+01
 Processing Data: sp549spl.mfcc; Label sp549spl.lab
 Utterance prob per frame = -7.077941e+01
 Processing Data: sp598spk.mfcc; Label sp598spk.lab
 Utterance prob per frame = -7.825365e+01
 Processing Data: sp598spl.mfcc; Label sp598spl.lab
 Utterance prob per frame = -7.259521e+01
 Processing Data: sp018spk.mfcc; Label sp018spk.lab
 Utterance prob per frame = -7.920714e+01
 Processing Data: sp018spl.mfcc; Label sp018spl.lab
 Utterance prob per frame = -7.215640e+01
 Processing Data: sp052spk.mfcc; Label sp052spk.lab
 Utterance prob per frame = -7.824757e+01
 Processing Data: sp052spl.mfcc; Label sp052spl.lab
 Utterance prob per frame = -7.238922e+01
 Processing Data: sp090spk.mfcc; Label sp090spk.lab
 Utterance prob per frame = -7.179426e+01
 Processing Data: sp090spl.mfcc; Label sp090spl.lab
 Utterance prob per frame = -7.130101e+01
 Processing Data: sp130spk.mfcc; Label sp130spk.lab
 Utterance prob per frame = -7.896372e+01
 Processing Data: sp130spl.mfcc; Label sp130spl.lab
 Utterance prob per frame = -7.209036e+01
 Processing Data: sp176spk.mfcc; Label sp176spk.lab
 Utterance prob per frame = -8.058628e+01
 Processing Data: sp176spl.mfcc; Label sp176spl.lab
 Utterance prob per frame = -7.319148e+01
 Processing Data: sp211spk.mfcc; Label sp211spk.lab
 Utterance prob per frame = -7.569981e+01
 Processing Data: sp211spl.mfcc; Label sp211spl.lab
 Utterance prob per frame = -7.268029e+01
 Processing Data: sp248spk.mfcc; Label sp248spk.lab
 Utterance prob per frame = -7.064056e+01
 Processing Data: sp248spl.mfcc; Label sp248spl.lab
 Utterance prob per frame = -7.089070e+01
 Processing Data: sp291spk.mfcc; Label sp291spk.lab
 Utterance prob per frame = -7.455228e+01
 Processing Data: sp291spl.mfcc; Label sp291spl.lab
 Utterance prob per frame = -7.305194e+01
 Processing Data: sp331spk.mfcc; Label sp331spk.lab
 Utterance prob per frame = -7.987744e+01
 Processing Data: sp331spl.mfcc; Label sp331spl.lab
 Utterance prob per frame = -7.357845e+01
 Processing Data: sp374spk.mfcc; Label sp374spk.lab
 Utterance prob per frame = -7.811649e+01
 Processing Data: sp374spl.mfcc; Label sp374spl.lab
 Utterance prob per frame = -7.443793e+01
 Processing Data: sp418spk.mfcc; Label sp418spk.lab
 Utterance prob per frame = -7.842370e+01
 Processing Data: sp418spl.mfcc; Label sp418spl.lab
 Utterance prob per frame = -7.585771e+01
 Processing Data: sp446spk.mfcc; Label sp446spk.lab
 Utterance prob per frame = -7.593876e+01
 Processing Data: sp446spl.mfcc; Label sp446spl.lab
 Utterance prob per frame = -7.513380e+01
 Processing Data: sp487spk.mfcc; Label sp487spk.lab
 Utterance prob per frame = -7.492703e+01
 Processing Data: sp487spl.mfcc; Label sp487spl.lab
 Utterance prob per frame = -7.292272e+01
 Processing Data: sp532spk.mfcc; Label sp532spk.lab
 Utterance prob per frame = -6.865217e+01
 Processing Data: sp532spl.mfcc; Label sp532spl.lab
 Utterance prob per frame = -7.285781e+01
 Processing Data: sp567spk.mfcc; Label sp567spk.lab
 Utterance prob per frame = -8.088688e+01
 Processing Data: sp567spl.mfcc; Label sp567spl.lab
 Utterance prob per frame = -7.351449e+01
 Processing Data: sp001spk.mfcc; Label sp001spk.lab
 Utterance prob per frame = -8.054696e+01
 Processing Data: sp001spl.mfcc; Label sp001spl.lab
 Utterance prob per frame = -7.161590e+01
 Processing Data: sp037spk.mfcc; Label sp037spk.lab
 Utterance prob per frame = -8.214687e+01
 Processing Data: sp037spl.mfcc; Label sp037spl.lab
 Utterance prob per frame = -6.939163e+01
 Processing Data: sp076spk.mfcc; Label sp076spk.lab
 Utterance prob per frame = -7.157312e+01
 Processing Data: sp076spl.mfcc; Label sp076spl.lab
 Utterance prob per frame = -7.008601e+01
 Processing Data: sp117spk.mfcc; Label sp117spk.lab
 Utterance prob per frame = -7.590850e+01
 Processing Data: sp117spl.mfcc; Label sp117spl.lab
 Utterance prob per frame = -6.794342e+01
 Processing Data: sp162spk.mfcc; Label sp162spk.lab
 Utterance prob per frame = -7.620533e+01
 Processing Data: sp162spl.mfcc; Label sp162spl.lab
 Utterance prob per frame = -6.931926e+01
 Processing Data: sp200spk.mfcc; Label sp200spk.lab
 Utterance prob per frame = -7.463123e+01
 Processing Data: sp200spl.mfcc; Label sp200spl.lab
 Utterance prob per frame = -6.970962e+01
 Processing Data: sp235spk.mfcc; Label sp235spk.lab
 Utterance prob per frame = -8.276922e+01
 Processing Data: sp235spl.mfcc; Label sp235spl.lab
 Utterance prob per frame = -7.243808e+01
 Processing Data: sp274spk.mfcc; Label sp274spk.lab
 Utterance prob per frame = -7.651378e+01
 Processing Data: sp274spl.mfcc; Label sp274spl.lab
 Utterance prob per frame = -7.203600e+01
 Processing Data: sp315spk.mfcc; Label sp315spk.lab
 Utterance prob per frame = -7.500345e+01
 Processing Data: sp315spl.mfcc; Label sp315spl.lab
 Utterance prob per frame = -7.230787e+01
 Processing Data: sp363spk.mfcc; Label sp363spk.lab
 Utterance prob per frame = -7.572024e+01
 Processing Data: sp363spl.mfcc; Label sp363spl.lab
 Utterance prob per frame = -7.249216e+01
 Processing Data: sp405spk.mfcc; Label sp405spk.lab
 Utterance prob per frame = -7.434460e+01
 Processing Data: sp405spl.mfcc; Label sp405spl.lab
 Utterance prob per frame = -7.047189e+01
 Processing Data: sp435spk.mfcc; Label sp435spk.lab
 Utterance prob per frame = -7.764643e+01
 Processing Data: sp435spl.mfcc; Label sp435spl.lab
 Utterance prob per frame = -6.964600e+01
 Processing Data: sp472spk.mfcc; Label sp472spk.lab
 Utterance prob per frame = -7.553239e+01
 Processing Data: sp472spl.mfcc; Label sp472spl.lab
 Utterance prob per frame = -7.337116e+01
 Processing Data: sp518spk.mfcc; Label sp518spk.lab
 Utterance prob per frame = -7.186080e+01
 Processing Data: sp518spl.mfcc; Label sp518spl.lab
 Utterance prob per frame = -7.314542e+01
 Processing Data: sp555spk.mfcc; Label sp555spk.lab
 Utterance prob per frame = -8.065322e+01
 Processing Data: sp555spl.mfcc; Label sp555spl.lab
 Utterance prob per frame = -6.982824e+01
 Processing Data: sp025spk.mfcc; Label sp025spk.lab
 Utterance prob per frame = -8.305127e+01
 Processing Data: sp025spl.mfcc; Label sp025spl.lab
 Utterance prob per frame = -7.738339e+01
 Processing Data: sp058spk.mfcc; Label sp058spk.lab
 Utterance prob per frame = -8.360726e+01
 Processing Data: sp058spl.mfcc; Label sp058spl.lab
 Utterance prob per frame = -8.068053e+01
 Processing Data: sp100spk.mfcc; Label sp100spk.lab
 Utterance prob per frame = -8.095909e+01
 Processing Data: sp100spl.mfcc; Label sp100spl.lab
 Utterance prob per frame = -7.810651e+01
 Processing Data: sp142spk.mfcc; Label sp142spk.lab
 Utterance prob per frame = -7.376978e+01
 Processing Data: sp142spl.mfcc; Label sp142spl.lab
 Utterance prob per frame = -7.636335e+01
 Processing Data: sp185spk.mfcc; Label sp185spk.lab
 Utterance prob per frame = -7.411273e+01
 Processing Data: sp185spl.mfcc; Label sp185spl.lab
 Utterance prob per frame = -7.422059e+01
 Processing Data: sp220spk.mfcc; Label sp220spk.lab
 Utterance prob per frame = -8.013801e+01
 Processing Data: sp220spl.mfcc; Label sp220spl.lab
 Utterance prob per frame = -7.402799e+01
 Processing Data: sp256spk.mfcc; Label sp256spk.lab
 Utterance prob per frame = -7.927527e+01
 Processing Data: sp256spl.mfcc; Label sp256spl.lab
 Utterance prob per frame = -7.566890e+01
 Processing Data: sp299spk.mfcc; Label sp299spk.lab
 Utterance prob per frame = -7.920427e+01
 Processing Data: sp299spl.mfcc; Label sp299spl.lab
 Utterance prob per frame = -7.945296e+01
 Processing Data: sp342spk.mfcc; Label sp342spk.lab
 Utterance prob per frame = -7.339377e+01
 Processing Data: sp342spl.mfcc; Label sp342spl.lab
 Utterance prob per frame = -7.379812e+01
 Processing Data: sp381spk.mfcc; Label sp381spk.lab
 Utterance prob per frame = -7.846273e+01
 Processing Data: sp381spl.mfcc; Label sp381spl.lab
 Utterance prob per frame = -7.566515e+01
 Processing Data: sp423spk.mfcc; Label sp423spk.lab
 Utterance prob per frame = -7.878024e+01
 Processing Data: sp423spl.mfcc; Label sp423spl.lab
 Utterance prob per frame = -7.583809e+01
 Processing Data: sp454spk.mfcc; Label sp454spk.lab
 Utterance prob per frame = -7.575688e+01
 Processing Data: sp454spl.mfcc; Label sp454spl.lab
 Utterance prob per frame = -7.605512e+01
 Processing Data: sp495spk.mfcc; Label sp495spk.lab
 Utterance prob per frame = -7.384363e+01
 Processing Data: sp495spl.mfcc; Label sp495spl.lab
 Utterance prob per frame = -7.627677e+01
 Processing Data: sp539spk.mfcc; Label sp539spk.lab
 Utterance prob per frame = -7.850747e+01
 Processing Data: sp539spl.mfcc; Label sp539spl.lab
 Utterance prob per frame = -7.388239e+01
 Processing Data: sp579spk.mfcc; Label sp579spk.lab
 Utterance prob per frame = -7.481350e+01
 Processing Data: sp579spl.mfcc; Label sp579spl.lab
 Utterance prob per frame = -8.280384e+01
 Processing Data: sp034spk.mfcc; Label sp034spk.lab
 Utterance prob per frame = -7.639787e+01
 Processing Data: sp034spl.mfcc; Label sp034spl.lab
 Utterance prob per frame = -7.113609e+01
 Processing Data: sp069spk.mfcc; Label sp069spk.lab
 Utterance prob per frame = -7.816245e+01
 Processing Data: sp069spl.mfcc; Label sp069spl.lab
 Utterance prob per frame = -7.045379e+01
 Processing Data: sp109spk.mfcc; Label sp109spk.lab
 Utterance prob per frame = -7.427660e+01
 Processing Data: sp109spl.mfcc; Label sp109spl.lab
 Utterance prob per frame = -7.009058e+01
 Processing Data: sp153spk.mfcc; Label sp153spk.lab
 Utterance prob per frame = -7.647914e+01
 Processing Data: sp153spl.mfcc; Label sp153spl.lab
 Utterance prob per frame = -7.085221e+01
 Processing Data: sp194spk.mfcc; Label sp194spk.lab
 Utterance prob per frame = -7.707082e+01
 Processing Data: sp194spl.mfcc; Label sp194spl.lab
 Utterance prob per frame = -7.241522e+01
 Processing Data: sp229spk.mfcc; Label sp229spk.lab
 Utterance prob per frame = -7.554584e+01
 Processing Data: sp229spl.mfcc; Label sp229spl.lab
 Utterance prob per frame = -7.167749e+01
 Processing Data: sp269spk.mfcc; Label sp269spk.lab
 Utterance prob per frame = -6.824065e+01
 Processing Data: sp269spl.mfcc; Label sp269spl.lab
 Utterance prob per frame = -7.166960e+01
 Processing Data: sp308spk.mfcc; Label sp308spk.lab
 Utterance prob per frame = -7.253911e+01
 Processing Data: sp308spl.mfcc; Label sp308spl.lab
 Utterance prob per frame = -7.334327e+01
 Processing Data: sp355spk.mfcc; Label sp355spk.lab
 Utterance prob per frame = -7.611224e+01
 Processing Data: sp355spl.mfcc; Label sp355spl.lab
 Utterance prob per frame = -7.713963e+01
 Processing Data: sp391spk.mfcc; Label sp391spk.lab
 Utterance prob per frame = -7.421051e+01
 Processing Data: sp391spl.mfcc; Label sp391spl.lab
 Utterance prob per frame = -7.170360e+01
 Processing Data: sp431spk.mfcc; Label sp431spk.lab
 Utterance prob per frame = -7.544550e+01
 Processing Data: sp431spl.mfcc; Label sp431spl.lab
 Utterance prob per frame = -7.524387e+01
 Processing Data: sp466spk.mfcc; Label sp466spk.lab
 Utterance prob per frame = -7.649598e+01
 Processing Data: sp466spl.mfcc; Label sp466spl.lab
 Utterance prob per frame = -7.459182e+01
 Processing Data: sp514spk.mfcc; Label sp514spk.lab
 Utterance prob per frame = -7.098460e+01
 Processing Data: sp514spl.mfcc; Label sp514spl.lab
 Utterance prob per frame = -7.547425e+01
 Processing Data: sp548spk.mfcc; Label sp548spk.lab
 Utterance prob per frame = -7.382921e+01
 Processing Data: sp548spl.mfcc; Label sp548spl.lab
 Utterance prob per frame = -7.368074e+01
 Processing Data: sp594spk.mfcc; Label sp594spk.lab
 Utterance prob per frame = -7.813517e+01
 Processing Data: sp594spl.mfcc; Label sp594spl.lab
 Utterance prob per frame = -7.159582e+01
 Processing Data: sp034spk.mfcc; Label sp034spk.lab
 Utterance prob per frame = -7.950210e+01
 Processing Data: sp034spl.mfcc; Label sp034spl.lab
 Utterance prob per frame = -7.645403e+01
 Processing Data: sp069spk.mfcc; Label sp069spk.lab
 Utterance prob per frame = -8.110216e+01
 Processing Data: sp069spl.mfcc; Label sp069spl.lab
 Utterance prob per frame = -7.993088e+01
 Processing Data: sp109spk.mfcc; Label sp109spk.lab
 Utterance prob per frame = -7.733907e+01
 Processing Data: sp109spl.mfcc; Label sp109spl.lab
 Utterance prob per frame = -7.143475e+01
 Processing Data: sp153spk.mfcc; Label sp153spk.lab
 Utterance prob per frame = -7.802006e+01
 Processing Data: sp153spl.mfcc; Label sp153spl.lab
 Utterance prob per frame = -7.273861e+01
 Processing Data: sp194spk.mfcc; Label sp194spk.lab
 Utterance prob per frame = -7.675124e+01
 Processing Data: sp194spl.mfcc; Label sp194spl.lab
 Utterance prob per frame = -7.411226e+01
 Processing Data: sp229spk.mfcc; Label sp229spk.lab
 Utterance prob per frame = -7.687210e+01
 Processing Data: sp229spl.mfcc; Label sp229spl.lab
 Utterance prob per frame = -7.339713e+01
 Processing Data: sp269spk.mfcc; Label sp269spk.lab
 Utterance prob per frame = -7.797610e+01
 Processing Data: sp269spl.mfcc; Label sp269spl.lab
 Utterance prob per frame = -7.604417e+01
 Processing Data: sp308spk.mfcc; Label sp308spk.lab
 Utterance prob per frame = -7.469394e+01
 Processing Data: sp308spl.mfcc; Label sp308spl.lab
 Utterance prob per frame = -7.570486e+01
 Processing Data: sp355spk.mfcc; Label sp355spk.lab
 Utterance prob per frame = -7.533875e+01
 Processing Data: sp355spl.mfcc; Label sp355spl.lab
 Utterance prob per frame = -7.510029e+01
 Processing Data: sp391spk.mfcc; Label sp391spk.lab
 Utterance prob per frame = -7.392106e+01
 Processing Data: sp391spl.mfcc; Label sp391spl.lab
 Utterance prob per frame = -7.340504e+01
 Processing Data: sp431spk.mfcc; Label sp431spk.lab
 Utterance prob per frame = -7.447984e+01
 Processing Data: sp431spl.mfcc; Label sp431spl.lab
 Utterance prob per frame = -7.087149e+01
 Processing Data: sp466spk.mfcc; Label sp466spk.lab
 Utterance prob per frame = -7.865324e+01
 Processing Data: sp466spl.mfcc; Label sp466spl.lab
 Utterance prob per frame = -7.219405e+01
 Processing Data: sp514spk.mfcc; Label sp514spk.lab
 Utterance prob per frame = -7.823409e+01
 Processing Data: sp514spl.mfcc; Label sp514spl.lab
 Utterance prob per frame = -7.220930e+01
 Processing Data: sp548spk.mfcc; Label sp548spk.lab
 Utterance prob per frame = -7.804666e+01
 Processing Data: sp548spl.mfcc; Label sp548spl.lab
 Utterance prob per frame = -7.231117e+01
 Processing Data: sp594spk.mfcc; Label sp594spk.lab
 Utterance prob per frame = -7.608552e+01
 Processing Data: sp594spl.mfcc; Label sp594spl.lab
 Utterance prob per frame = -7.375286e+01
 Processing Data: sp007spk.mfcc; Label sp007spk.lab
 Utterance prob per frame = -7.390939e+01
 Processing Data: sp007spl.mfcc; Label sp007spl.lab
 Utterance prob per frame = -6.848276e+01
 Processing Data: sp044spk.mfcc; Label sp044spk.lab
 Utterance prob per frame = -7.105627e+01
 Processing Data: sp044spl.mfcc; Label sp044spl.lab
 Utterance prob per frame = -6.996962e+01
 Processing Data: sp081spk.mfcc; Label sp081spk.lab
 Utterance prob per frame = -7.115250e+01
 Processing Data: sp081spl.mfcc; Label sp081spl.lab
 Utterance prob per frame = -7.267640e+01
 Processing Data: sp120spk.mfcc; Label sp120spk.lab
 Utterance prob per frame = -7.371952e+01
 Processing Data: sp120spl.mfcc; Label sp120spl.lab
 Utterance prob per frame = -6.858471e+01
 Processing Data: sp165spk.mfcc; Label sp165spk.lab
 Utterance prob per frame = -7.758615e+01
 Processing Data: sp165spl.mfcc; Label sp165spl.lab
 Utterance prob per frame = -6.938907e+01
 Processing Data: sp203spk.mfcc; Label sp203spk.lab
 Utterance prob per frame = -7.300102e+01
 Processing Data: sp203spl.mfcc; Label sp203spl.lab
 Utterance prob per frame = -7.448329e+01
 Processing Data: sp239spk.mfcc; Label sp239spk.lab
 Utterance prob per frame = -6.969666e+01
 Processing Data: sp239spl.mfcc; Label sp239spl.lab
 Utterance prob per frame = -7.141390e+01
 Processing Data: sp278spk.mfcc; Label sp278spk.lab
 Utterance prob per frame = -7.480111e+01
 Processing Data: sp278spl.mfcc; Label sp278spl.lab
 Utterance prob per frame = -6.987250e+01
 Processing Data: sp320spk.mfcc; Label sp320spk.lab
 Utterance prob per frame = -7.030915e+01
 Processing Data: sp320spl.mfcc; Label sp320spl.lab
 Utterance prob per frame = -7.317126e+01
 Processing Data: sp366spk.mfcc; Label sp366spk.lab
 Utterance prob per frame = -7.004012e+01
 Processing Data: sp366spl.mfcc; Label sp366spl.lab
 Utterance prob per frame = -7.563836e+01
 Processing Data: sp407spk.mfcc; Label sp407spk.lab
 Utterance prob per frame = -7.477443e+01
 Processing Data: sp407spl.mfcc; Label sp407spl.lab
 Utterance prob per frame = -7.012127e+01
 Processing Data: sp438spk.mfcc; Label sp438spk.lab
 Utterance prob per frame = -7.744989e+01
 Processing Data: sp438spl.mfcc; Label sp438spl.lab
 Utterance prob per frame = -7.207150e+01
 Processing Data: sp477spk.mfcc; Label sp477spk.lab
 Utterance prob per frame = -7.096239e+01
 Processing Data: sp477spl.mfcc; Label sp477spl.lab
 Utterance prob per frame = -7.101546e+01
 Processing Data: sp523spk.mfcc; Label sp523spk.lab
 Utterance prob per frame = -6.987464e+01
 Processing Data: sp523spl.mfcc; Label sp523spl.lab
 Utterance prob per frame = -7.119504e+01
 Processing Data: sp561spk.mfcc; Label sp561spk.lab
 Utterance prob per frame = -7.030249e+01
 Processing Data: sp561spl.mfcc; Label sp561spl.lab
 Utterance prob per frame = -7.243591e+01
 Processing Data: sp026spk.mfcc; Label sp026spk.lab
 Utterance prob per frame = -7.827806e+01
 Processing Data: sp026spl.mfcc; Label sp026spl.lab
 Utterance prob per frame = -7.063710e+01
 Processing Data: sp059spk.mfcc; Label sp059spk.lab
 Utterance prob per frame = -8.073864e+01
 Processing Data: sp059spl.mfcc; Label sp059spl.lab
 Utterance prob per frame = -7.251021e+01
 Processing Data: sp103spk.mfcc; Label sp103spk.lab
 Utterance prob per frame = -7.791744e+01
 Processing Data: sp103spl.mfcc; Label sp103spl.lab
 Utterance prob per frame = -6.909025e+01
 Processing Data: sp147spk.mfcc; Label sp147spk.lab
 Utterance prob per frame = -7.260404e+01
 Processing Data: sp147spl.mfcc; Label sp147spl.lab
 Utterance prob per frame = -7.120911e+01
 Processing Data: sp187spk.mfcc; Label sp187spk.lab
 Utterance prob per frame = -7.404613e+01
 Processing Data: sp187spl.mfcc; Label sp187spl.lab
 Utterance prob per frame = -7.181088e+01
 Processing Data: sp222spk.mfcc; Label sp222spk.lab
 Utterance prob per frame = -7.669020e+01
 Processing Data: sp222spl.mfcc; Label sp222spl.lab
 Utterance prob per frame = -7.135542e+01
 Processing Data: sp259spk.mfcc; Label sp259spk.lab
 Utterance prob per frame = -7.560191e+01
 Processing Data: sp259spl.mfcc; Label sp259spl.lab
 Utterance prob per frame = -7.032199e+01
 Processing Data: sp302spk.mfcc; Label sp302spk.lab
 Utterance prob per frame = -7.656984e+01
 Processing Data: sp302spl.mfcc; Label sp302spl.lab
 Utterance prob per frame = -7.231437e+01
 Processing Data: sp344spk.mfcc; Label sp344spk.lab
 Utterance prob per frame = -7.778613e+01
 Processing Data: sp344spl.mfcc; Label sp344spl.lab
 Utterance prob per frame = -7.059414e+01
 Processing Data: sp382spk.mfcc; Label sp382spk.lab
 Utterance prob per frame = -7.152349e+01
 Processing Data: sp382spl.mfcc; Label sp382spl.lab
 Utterance prob per frame = -6.942801e+01
 Processing Data: sp424spk.mfcc; Label sp424spk.lab
 Utterance prob per frame = -7.760370e+01
 Processing Data: sp424spl.mfcc; Label sp424spl.lab
 Utterance prob per frame = -7.136611e+01
 Processing Data: sp455spk.mfcc; Label sp455spk.lab
 Utterance prob per frame = -7.668087e+01
 Processing Data: sp455spl.mfcc; Label sp455spl.lab
 Utterance prob per frame = -7.209459e+01
 Processing Data: sp497spk.mfcc; Label sp497spk.lab
 Utterance prob per frame = -7.687373e+01
 Processing Data: sp497spl.mfcc; Label sp497spl.lab
 Utterance prob per frame = -7.467892e+01
 Processing Data: sp540spk.mfcc; Label sp540spk.lab
 Utterance prob per frame = -7.413714e+01
 Processing Data: sp540spl.mfcc; Label sp540spl.lab
 Utterance prob per frame = -7.095821e+01
 Processing Data: sp581spk.mfcc; Label sp581spk.lab
 Utterance prob per frame = -7.509411e+01
 Processing Data: sp581spl.mfcc; Label sp581spl.lab
 Utterance prob per frame = -7.193617e+01
 Processing Data: sp012spk.mfcc; Label sp012spk.lab
 Utterance prob per frame = -7.238636e+01
 Processing Data: sp012spl.mfcc; Label sp012spl.lab
 Utterance prob per frame = -7.093629e+01
 Processing Data: sp047spk.mfcc; Label sp047spk.lab
 Utterance prob per frame = -6.937110e+01
 Processing Data: sp047spl.mfcc; Label sp047spl.lab
 Utterance prob per frame = -6.937999e+01
 Processing Data: sp085spk.mfcc; Label sp085spk.lab
 Utterance prob per frame = -7.209333e+01
 Processing Data: sp085spl.mfcc; Label sp085spl.lab
 Utterance prob per frame = -6.995611e+01
 Processing Data: sp125spk.mfcc; Label sp125spk.lab
 Utterance prob per frame = -7.406454e+01
 Processing Data: sp125spl.mfcc; Label sp125spl.lab
 Utterance prob per frame = -6.637892e+01
 Processing Data: sp168spk.mfcc; Label sp168spk.lab
 Utterance prob per frame = -7.885640e+01
 Processing Data: sp168spl.mfcc; Label sp168spl.lab
 Utterance prob per frame = -6.998958e+01
 Processing Data: sp206spk.mfcc; Label sp206spk.lab
 Utterance prob per frame = -7.571415e+01
 Processing Data: sp206spl.mfcc; Label sp206spl.lab
 Utterance prob per frame = -6.681866e+01
 Processing Data: sp243spk.mfcc; Label sp243spk.lab
 Utterance prob per frame = -7.624885e+01
 Processing Data: sp243spl.mfcc; Label sp243spl.lab
 Utterance prob per frame = -6.880542e+01
 Processing Data: sp281spk.mfcc; Label sp281spk.lab
 Utterance prob per frame = -7.111281e+01
 Processing Data: sp281spl.mfcc; Label sp281spl.lab
 Utterance prob per frame = -6.929202e+01
 Processing Data: sp326spk.mfcc; Label sp326spk.lab
 Utterance prob per frame = -7.213111e+01
 Processing Data: sp326spl.mfcc; Label sp326spl.lab
 Utterance prob per frame = -7.058429e+01
 Processing Data: sp368spk.mfcc; Label sp368spk.lab
 Utterance prob per frame = -7.510034e+01
 Processing Data: sp368spl.mfcc; Label sp368spl.lab
 Utterance prob per frame = -7.267406e+01
 Processing Data: sp411spk.mfcc; Label sp411spk.lab
 Utterance prob per frame = -7.660143e+01
 Processing Data: sp411spl.mfcc; Label sp411spl.lab
 Utterance prob per frame = -7.062355e+01
 Processing Data: sp441spk.mfcc; Label sp441spk.lab
 Utterance prob per frame = -6.943846e+01
 Processing Data: sp441spl.mfcc; Label sp441spl.lab
 Utterance prob per frame = -6.938112e+01
 Processing Data: sp483spk.mfcc; Label sp483spk.lab
 Utterance prob per frame = -7.224454e+01
 Processing Data: sp483spl.mfcc; Label sp483spl.lab
 Utterance prob per frame = -7.053138e+01
 Processing Data: sp527spk.mfcc; Label sp527spk.lab
 Utterance prob per frame = -6.642061e+01
 Processing Data: sp527spl.mfcc; Label sp527spl.lab
 Utterance prob per frame = -6.785573e+01
 Processing Data: sp564spk.mfcc; Label sp564spk.lab
 Utterance prob per frame = -7.488625e+01
 Processing Data: sp564spl.mfcc; Label sp564spl.lab
 Utterance prob per frame = -6.978339e+01
 Processing Data: sp010spk.mfcc; Label sp010spk.lab
 Utterance prob per frame = -7.328240e+01
 Processing Data: sp010spl.mfcc; Label sp010spl.lab
 Utterance prob per frame = -7.124230e+01
 Processing Data: sp045spk.mfcc; Label sp045spk.lab
 Utterance prob per frame = -7.100339e+01
 Processing Data: sp045spl.mfcc; Label sp045spl.lab
 Utterance prob per frame = -7.062953e+01
 Processing Data: sp084spk.mfcc; Label sp084spk.lab
 Utterance prob per frame = -7.236007e+01
 Processing Data: sp084spl.mfcc; Label sp084spl.lab
 Utterance prob per frame = -7.335507e+01
 Processing Data: sp122spk.mfcc; Label sp122spk.lab
 Utterance prob per frame = -7.353910e+01
 Processing Data: sp122spl.mfcc; Label sp122spl.lab
 Utterance prob per frame = -7.095837e+01
 Processing Data: sp167spk.mfcc; Label sp167spk.lab
 Utterance prob per frame = -7.154754e+01
 Processing Data: sp167spl.mfcc; Label sp167spl.lab
 Utterance prob per frame = -7.151954e+01
 Processing Data: sp205spk.mfcc; Label sp205spk.lab
 Utterance prob per frame = -7.328081e+01
 Processing Data: sp205spl.mfcc; Label sp205spl.lab
 Utterance prob per frame = -7.166618e+01
 Processing Data: sp240spk.mfcc; Label sp240spk.lab
 Utterance prob per frame = -7.119742e+01
 Processing Data: sp240spl.mfcc; Label sp240spl.lab
 Utterance prob per frame = -7.249869e+01
 Processing Data: sp279spk.mfcc; Label sp279spk.lab
 Utterance prob per frame = -7.213783e+01
 Processing Data: sp279spl.mfcc; Label sp279spl.lab
 Utterance prob per frame = -7.298879e+01
 Processing Data: sp321spk.mfcc; Label sp321spk.lab
 Utterance prob per frame = -7.937757e+01
 Processing Data: sp321spl.mfcc; Label sp321spl.lab
 Utterance prob per frame = -7.281608e+01
 Processing Data: sp367spk.mfcc; Label sp367spk.lab
 Utterance prob per frame = -8.019689e+01
 Processing Data: sp367spl.mfcc; Label sp367spl.lab
 Utterance prob per frame = -7.181950e+01
 Processing Data: sp410spk.mfcc; Label sp410spk.lab
 Utterance prob per frame = -7.527305e+01
 Processing Data: sp410spl.mfcc; Label sp410spl.lab
 Utterance prob per frame = -7.519319e+01
 Processing Data: sp440spk.mfcc; Label sp440spk.lab
 Utterance prob per frame = -7.746588e+01
 Processing Data: sp440spl.mfcc; Label sp440spl.lab
 Utterance prob per frame = -7.535729e+01
 Processing Data: sp481spk.mfcc; Label sp481spk.lab
 Utterance prob per frame = -7.204163e+01
 Processing Data: sp481spl.mfcc; Label sp481spl.lab
 Utterance prob per frame = -7.247041e+01
 Processing Data: sp525spk.mfcc; Label sp525spk.lab
 Utterance prob per frame = -7.407931e+01
 Processing Data: sp525spl.mfcc; Label sp525spl.lab
 Utterance prob per frame = -7.372921e+01
 Processing Data: sp563spk.mfcc; Label sp563spk.lab
 Utterance prob per frame = -7.366784e+01
 Processing Data: sp563spl.mfcc; Label sp563spl.lab
 Utterance prob per frame = -7.873925e+01
 Processing Data: sp007spk.mfcc; Label sp007spk.lab
 Utterance prob per frame = -7.464428e+01
 Processing Data: sp007spl.mfcc; Label sp007spl.lab
 Utterance prob per frame = -7.219757e+01
 Processing Data: sp044spk.mfcc; Label sp044spk.lab
 Utterance prob per frame = -7.421966e+01
 Processing Data: sp044spl.mfcc; Label sp044spl.lab
 Utterance prob per frame = -7.052043e+01
 Processing Data: sp081spk.mfcc; Label sp081spk.lab
 Utterance prob per frame = -7.361023e+01
 Processing Data: sp081spl.mfcc; Label sp081spl.lab
 Utterance prob per frame = -7.625888e+01
 Processing Data: sp120spk.mfcc; Label sp120spk.lab
 Utterance prob per frame = -7.927151e+01
 Processing Data: sp120spl.mfcc; Label sp120spl.lab
 Utterance prob per frame = -7.244813e+01
 Processing Data: sp165spk.mfcc; Label sp165spk.lab
 Utterance prob per frame = -8.222945e+01
 Processing Data: sp165spl.mfcc; Label sp165spl.lab
 Utterance prob per frame = -7.239682e+01
 Processing Data: sp203spk.mfcc; Label sp203spk.lab
 Utterance prob per frame = -7.608873e+01
 Processing Data: sp203spl.mfcc; Label sp203spl.lab
 Utterance prob per frame = -7.798225e+01
 Processing Data: sp239spk.mfcc; Label sp239spk.lab
 Utterance prob per frame = -7.160156e+01
 Processing Data: sp239spl.mfcc; Label sp239spl.lab
 Utterance prob per frame = -7.237016e+01
 Processing Data: sp278spk.mfcc; Label sp278spk.lab
 Utterance prob per frame = -7.940748e+01
 Processing Data: sp278spl.mfcc; Label sp278spl.lab
 Utterance prob per frame = -7.300406e+01
 Processing Data: sp320spk.mfcc; Label sp320spk.lab
 Utterance prob per frame = -7.514525e+01
 Processing Data: sp320spl.mfcc; Label sp320spl.lab
 Utterance prob per frame = -7.551827e+01
 Processing Data: sp366spk.mfcc; Label sp366spk.lab
 Utterance prob per frame = -7.145172e+01
 Processing Data: sp366spl.mfcc; Label sp366spl.lab
 Utterance prob per frame = -7.618379e+01
 Processing Data: sp407spk.mfcc; Label sp407spk.lab
 Utterance prob per frame = -7.579057e+01
 Processing Data: sp407spl.mfcc; Label sp407spl.lab
 Utterance prob per frame = -7.452476e+01
 Processing Data: sp438spk.mfcc; Label sp438spk.lab
 Utterance prob per frame = -7.694119e+01
 Processing Data: sp438spl.mfcc; Label sp438spl.lab
 Utterance prob per frame = -7.454682e+01
 Processing Data: sp477spk.mfcc; Label sp477spk.lab
 Utterance prob per frame = -7.071838e+01
 Processing Data: sp477spl.mfcc; Label sp477spl.lab
 Utterance prob per frame = -7.146819e+01
 Processing Data: sp523spk.mfcc; Label sp523spk.lab
 Utterance prob per frame = -7.632012e+01
 Processing Data: sp523spl.mfcc; Label sp523spl.lab
 Utterance prob per frame = -7.366174e+01
 Processing Data: sp561spk.mfcc; Label sp561spk.lab
 Utterance prob per frame = -7.839146e+01
 Processing Data: sp561spl.mfcc; Label sp561spl.lab
 Utterance prob per frame = -7.426865e+01
 Processing Data: sp015spk.mfcc; Label sp015spk.lab
 Utterance prob per frame = -7.644869e+01
 Processing Data: sp015spl.mfcc; Label sp015spl.lab
 Utterance prob per frame = -7.178280e+01
 Processing Data: sp049spk.mfcc; Label sp049spk.lab
 Utterance prob per frame = -7.415467e+01
 Processing Data: sp049spl.mfcc; Label sp049spl.lab
 Utterance prob per frame = -7.589058e+01
 Processing Data: sp087spk.mfcc; Label sp087spk.lab
 Utterance prob per frame = -7.842949e+01
 Processing Data: sp087spl.mfcc; Label sp087spl.lab
 Utterance prob per frame = -7.453345e+01
 Processing Data: sp128spk.mfcc; Label sp128spk.lab
 Utterance prob per frame = -7.586700e+01
 Processing Data: sp128spl.mfcc; Label sp128spl.lab
 Utterance prob per frame = -7.633371e+01
 Processing Data: sp172spk.mfcc; Label sp172spk.lab
 Utterance prob per frame = -7.822746e+01
 Processing Data: sp172spl.mfcc; Label sp172spl.lab
 Utterance prob per frame = -7.528698e+01
 Processing Data: sp209spk.mfcc; Label sp209spk.lab
 Utterance prob per frame = -7.610245e+01
 Processing Data: sp209spl.mfcc; Label sp209spl.lab
 Utterance prob per frame = -7.186227e+01
 Processing Data: sp246spk.mfcc; Label sp246spk.lab
 Utterance prob per frame = -7.164580e+01
 Processing Data: sp246spl.mfcc; Label sp246spl.lab
 Utterance prob per frame = -7.939753e+01
 Processing Data: sp289spk.mfcc; Label sp289spk.lab
 Utterance prob per frame = -7.518585e+01
 Processing Data: sp289spl.mfcc; Label sp289spl.lab
 Utterance prob per frame = -7.608245e+01
 Processing Data: sp328spk.mfcc; Label sp328spk.lab
 Utterance prob per frame = -8.323416e+01
 Processing Data: sp328spl.mfcc; Label sp328spl.lab
 Utterance prob per frame = -7.807714e+01
 Processing Data: sp372spk.mfcc; Label sp372spk.lab
 Utterance prob per frame = -7.118491e+01
 Processing Data: sp372spl.mfcc; Label sp372spl.lab
 Utterance prob per frame = -7.257780e+01
 Processing Data: sp413spk.mfcc; Label sp413spk.lab
 Utterance prob per frame = -7.542024e+01
 Processing Data: sp413spl.mfcc; Label sp413spl.lab
 Utterance prob per frame = -7.033067e+01
 Processing Data: sp444spk.mfcc; Label sp444spk.lab
 Utterance prob per frame = -7.260354e+01
 Processing Data: sp444spl.mfcc; Label sp444spl.lab
 Utterance prob per frame = -7.701596e+01
 Processing Data: sp485spk.mfcc; Label sp485spk.lab
 Utterance prob per frame = -7.491958e+01
 Processing Data: sp485spl.mfcc; Label sp485spl.lab
 Utterance prob per frame = -7.514674e+01
 Processing Data: sp531spk.mfcc; Label sp531spk.lab
 Utterance prob per frame = -8.027849e+01
 Processing Data: sp531spl.mfcc; Label sp531spl.lab
 Utterance prob per frame = -7.695111e+01
 Processing Data: sp566spk.mfcc; Label sp566spk.lab
 Utterance prob per frame = -8.076421e+01
 Processing Data: sp566spl.mfcc; Label sp566spl.lab
 Utterance prob per frame = -7.736186e+01
 Processing Data: sp036spk.mfcc; Label sp036spk.lab
 Utterance prob per frame = -6.798366e+01
 Processing Data: sp036spl.mfcc; Label sp036spl.lab
 Utterance prob per frame = -7.015453e+01
 Processing Data: sp073spk.mfcc; Label sp073spk.lab
 Utterance prob per frame = -7.987938e+01
 Processing Data: sp073spl.mfcc; Label sp073spl.lab
 Utterance prob per frame = -7.160707e+01
 Processing Data: sp113spk.mfcc; Label sp113spk.lab
 Utterance prob per frame = -7.717601e+01
 Processing Data: sp113spl.mfcc; Label sp113spl.lab
 Utterance prob per frame = -7.339112e+01
 Processing Data: sp161spk.mfcc; Label sp161spk.lab
 Utterance prob per frame = -7.724475e+01
 Processing Data: sp161spl.mfcc; Label sp161spl.lab
 Utterance prob per frame = -7.359473e+01
 Processing Data: sp199spk.mfcc; Label sp199spk.lab
 Utterance prob per frame = -8.042584e+01
 Processing Data: sp199spl.mfcc; Label sp199spl.lab
 Utterance prob per frame = -7.614694e+01
 Processing Data: sp234spk.mfcc; Label sp234spk.lab
 Utterance prob per frame = -8.491739e+01
 Processing Data: sp234spl.mfcc; Label sp234spl.lab
 Utterance prob per frame = -7.250515e+01
 Processing Data: sp271spk.mfcc; Label sp271spk.lab
 Utterance prob per frame = -7.740236e+01
 Processing Data: sp271spl.mfcc; Label sp271spl.lab
 Utterance prob per frame = -7.605609e+01
 Processing Data: sp310spk.mfcc; Label sp310spk.lab
 Utterance prob per frame = -7.732498e+01
 Processing Data: sp310spl.mfcc; Label sp310spl.lab
 Utterance prob per frame = -7.136330e+01
 Processing Data: sp361spk.mfcc; Label sp361spk.lab
 Utterance prob per frame = -8.157903e+01
 Processing Data: sp361spl.mfcc; Label sp361spl.lab
 Utterance prob per frame = -7.536043e+01
 Processing Data: sp404spk.mfcc; Label sp404spk.lab
 Utterance prob per frame = -7.867113e+01
 Processing Data: sp404spl.mfcc; Label sp404spl.lab
 Utterance prob per frame = -7.385485e+01
 Processing Data: sp434spk.mfcc; Label sp434spk.lab
 Utterance prob per frame = -7.757325e+01
 Processing Data: sp434spl.mfcc; Label sp434spl.lab
 Utterance prob per frame = -7.351545e+01
 Processing Data: sp470spk.mfcc; Label sp470spk.lab
 Utterance prob per frame = -7.106512e+01
 Processing Data: sp470spl.mfcc; Label sp470spl.lab
 Utterance prob per frame = -7.316946e+01
 Processing Data: sp517spk.mfcc; Label sp517spk.lab
 Utterance prob per frame = -6.904134e+01
 Processing Data: sp517spl.mfcc; Label sp517spl.lab
 Utterance prob per frame = -7.226435e+01
 Processing Data: sp551spk.mfcc; Label sp551spk.lab
 Utterance prob per frame = -7.442149e+01
 Processing Data: sp551spl.mfcc; Label sp551spl.lab
 Utterance prob per frame = -6.912093e+01
 Processing Data: sp600spk.mfcc; Label sp600spk.lab
 Utterance prob per frame = -7.505605e+01
 Processing Data: sp600spl.mfcc; Label sp600spl.lab
 Utterance prob per frame = -7.146956e+01
 Processing Data: sp023spk.mfcc; Label sp023spk.lab
 Utterance prob per frame = -7.648627e+01
 Processing Data: sp023spl.mfcc; Label sp023spl.lab
 Utterance prob per frame = -6.825084e+01
 Processing Data: sp056spk.mfcc; Label sp056spk.lab
 Utterance prob per frame = -8.668795e+01
 Processing Data: sp056spl.mfcc; Label sp056spl.lab
 Utterance prob per frame = -7.243027e+01
 Processing Data: sp096spk.mfcc; Label sp096spk.lab
 Utterance prob per frame = -8.491729e+01
 Processing Data: sp096spl.mfcc; Label sp096spl.lab
 Utterance prob per frame = -7.163966e+01
 Processing Data: sp139spk.mfcc; Label sp139spk.lab
 Utterance prob per frame = -7.441283e+01
 Processing Data: sp139spl.mfcc; Label sp139spl.lab
 Utterance prob per frame = -7.183697e+01
 Processing Data: sp181spk.mfcc; Label sp181spk.lab
 Utterance prob per frame = -7.165154e+01
 Processing Data: sp181spl.mfcc; Label sp181spl.lab
 Utterance prob per frame = -7.085057e+01
 Processing Data: sp215spk.mfcc; Label sp215spk.lab
 Utterance prob per frame = -8.009306e+01
 Processing Data: sp215spl.mfcc; Label sp215spl.lab
 Utterance prob per frame = -7.020282e+01
 Processing Data: sp251spk.mfcc; Label sp251spk.lab
 Utterance prob per frame = -7.961077e+01
 Processing Data: sp251spl.mfcc; Label sp251spl.lab
 Utterance prob per frame = -6.943844e+01
 Processing Data: sp294spk.mfcc; Label sp294spk.lab
 Utterance prob per frame = -7.935663e+01
 Processing Data: sp294spl.mfcc; Label sp294spl.lab
 Utterance prob per frame = -7.342348e+01
 Processing Data: sp335spk.mfcc; Label sp335spk.lab
 Utterance prob per frame = -7.922707e+01
 Processing Data: sp335spl.mfcc; Label sp335spl.lab
 Utterance prob per frame = -7.305968e+01
 Processing Data: sp379spk.mfcc; Label sp379spk.lab
 Utterance prob per frame = -8.720152e+01
 Processing Data: sp379spl.mfcc; Label sp379spl.lab
 Utterance prob per frame = -7.147977e+01
 Processing Data: sp421spk.mfcc; Label sp421spk.lab
 Utterance prob per frame = -8.307335e+01
 Processing Data: sp421spl.mfcc; Label sp421spl.lab
 Utterance prob per frame = -7.077529e+01
 Processing Data: sp452spk.mfcc; Label sp452spk.lab
 Utterance prob per frame = -7.889330e+01
 Processing Data: sp452spl.mfcc; Label sp452spl.lab
 Utterance prob per frame = -7.163395e+01
 Processing Data: sp490spk.mfcc; Label sp490spk.lab
 Utterance prob per frame = -7.790796e+01
 Processing Data: sp490spl.mfcc; Label sp490spl.lab
 Utterance prob per frame = -7.003947e+01
 Processing Data: sp536spk.mfcc; Label sp536spk.lab
 Utterance prob per frame = -8.289861e+01
 Processing Data: sp536spl.mfcc; Label sp536spl.lab
 Utterance prob per frame = -7.083462e+01
 Processing Data: sp572spk.mfcc; Label sp572spk.lab
 Utterance prob per frame = -7.877054e+01
 Processing Data: sp572spl.mfcc; Label sp572spl.lab
 Utterance prob per frame = -7.417140e+01
 Processing Data: sp007spk.mfcc; Label sp007spk.lab
 Utterance prob per frame = -7.512627e+01
 Processing Data: sp007spl.mfcc; Label sp007spl.lab
 Utterance prob per frame = -6.939422e+01
 Processing Data: sp044spk.mfcc; Label sp044spk.lab
 Utterance prob per frame = -7.261290e+01
 Processing Data: sp044spl.mfcc; Label sp044spl.lab
 Utterance prob per frame = -6.800731e+01
 Processing Data: sp081spk.mfcc; Label sp081spk.lab
 Utterance prob per frame = -7.571235e+01
 Processing Data: sp081spl.mfcc; Label sp081spl.lab
 Utterance prob per frame = -7.100287e+01
 Processing Data: sp120spk.mfcc; Label sp120spk.lab
 Utterance prob per frame = -7.525792e+01
 Processing Data: sp120spl.mfcc; Label sp120spl.lab
 Utterance prob per frame = -6.979717e+01
 Processing Data: sp165spk.mfcc; Label sp165spk.lab
 Utterance prob per frame = -7.789569e+01
 Processing Data: sp165spl.mfcc; Label sp165spl.lab
 Utterance prob per frame = -6.912828e+01
 Processing Data: sp203spk.mfcc; Label sp203spk.lab
 Utterance prob per frame = -7.152456e+01
 Processing Data: sp203spl.mfcc; Label sp203spl.lab
 Utterance prob per frame = -7.049576e+01
 Processing Data: sp239spk.mfcc; Label sp239spk.lab
 Utterance prob per frame = -6.878449e+01
 Processing Data: sp239spl.mfcc; Label sp239spl.lab
 Utterance prob per frame = -7.279892e+01
 Processing Data: sp278spk.mfcc; Label sp278spk.lab
 Utterance prob per frame = -7.420189e+01
 Processing Data: sp278spl.mfcc; Label sp278spl.lab
 Utterance prob per frame = -7.013345e+01
 Processing Data: sp320spk.mfcc; Label sp320spk.lab
 Utterance prob per frame = -6.813377e+01
 Processing Data: sp320spl.mfcc; Label sp320spl.lab
 Utterance prob per frame = -7.146571e+01
 Processing Data: sp366spk.mfcc; Label sp366spk.lab
 Utterance prob per frame = -6.997371e+01
 Processing Data: sp366spl.mfcc; Label sp366spl.lab
 Utterance prob per frame = -7.444474e+01
 Processing Data: sp407spk.mfcc; Label sp407spk.lab
 Utterance prob per frame = -7.688099e+01
 Processing Data: sp407spl.mfcc; Label sp407spl.lab
 Utterance prob per frame = -7.777691e+01
 Processing Data: sp438spk.mfcc; Label sp438spk.lab
 Utterance prob per frame = -7.867532e+01
 Processing Data: sp438spl.mfcc; Label sp438spl.lab
 Utterance prob per frame = -7.195831e+01
 Processing Data: sp477spk.mfcc; Label sp477spk.lab
 Utterance prob per frame = -6.989760e+01
 Processing Data: sp477spl.mfcc; Label sp477spl.lab
 Utterance prob per frame = -7.234938e+01
 Processing Data: sp523spk.mfcc; Label sp523spk.lab
 Utterance prob per frame = -7.323580e+01
 Processing Data: sp523spl.mfcc; Label sp523spl.lab
 Utterance prob per frame = -7.150876e+01
 Processing Data: sp561spk.mfcc; Label sp561spk.lab
 Utterance prob per frame = -6.949452e+01
 Processing Data: sp561spl.mfcc; Label sp561spl.lab
 Utterance prob per frame = -7.092890e+01
 Processing Data: sp010spk.mfcc; Label sp010spk.lab
 Utterance prob per frame = -8.089316e+01
 Processing Data: sp010spl.mfcc; Label sp010spl.lab
 Utterance prob per frame = -7.590593e+01
 Processing Data: sp045spk.mfcc; Label sp045spk.lab
 Utterance prob per frame = -6.792833e+01
 Processing Data: sp045spl.mfcc; Label sp045spl.lab
 Utterance prob per frame = -7.039473e+01
 Processing Data: sp084spk.mfcc; Label sp084spk.lab
 Utterance prob per frame = -7.402337e+01
 Processing Data: sp084spl.mfcc; Label sp084spl.lab
 Utterance prob per frame = -7.192629e+01
 Processing Data: sp122spk.mfcc; Label sp122spk.lab
 Utterance prob per frame = -8.154911e+01
 Processing Data: sp122spl.mfcc; Label sp122spl.lab
 Utterance prob per frame = -7.452606e+01
 Processing Data: sp167spk.mfcc; Label sp167spk.lab
 Utterance prob per frame = -7.602546e+01
 Processing Data: sp167spl.mfcc; Label sp167spl.lab
 Utterance prob per frame = -7.354714e+01
 Processing Data: sp205spk.mfcc; Label sp205spk.lab
 Utterance prob per frame = -7.284181e+01
 Processing Data: sp205spl.mfcc; Label sp205spl.lab
 Utterance prob per frame = -7.657702e+01
 Processing Data: sp240spk.mfcc; Label sp240spk.lab
 Utterance prob per frame = -7.271616e+01
 Processing Data: sp240spl.mfcc; Label sp240spl.lab
 Utterance prob per frame = -8.098676e+01
 Processing Data: sp279spk.mfcc; Label sp279spk.lab
 Utterance prob per frame = -7.852470e+01
 Processing Data: sp279spl.mfcc; Label sp279spl.lab
 Utterance prob per frame = -7.536897e+01
 Processing Data: sp321spk.mfcc; Label sp321spk.lab
 Utterance prob per frame = -9.141591e+01
 Processing Data: sp321spl.mfcc; Label sp321spl.lab
 Utterance prob per frame = -7.985968e+01
 Processing Data: sp367spk.mfcc; Label sp367spk.lab
 Utterance prob per frame = -8.161994e+01
 Processing Data: sp367spl.mfcc; Label sp367spl.lab
 Utterance prob per frame = -7.506568e+01
 Processing Data: sp410spk.mfcc; Label sp410spk.lab
 Utterance prob per frame = -8.095649e+01
 Processing Data: sp410spl.mfcc; Label sp410spl.lab
 Utterance prob per frame = -7.593688e+01
 Processing Data: sp440spk.mfcc; Label sp440spk.lab
 Utterance prob per frame = -8.356578e+01
 Processing Data: sp440spl.mfcc; Label sp440spl.lab
 Utterance prob per frame = -7.691887e+01
 Processing Data: sp481spk.mfcc; Label sp481spk.lab
 Utterance prob per frame = -7.458565e+01
 Processing Data: sp481spl.mfcc; Label sp481spl.lab
 Utterance prob per frame = -7.796466e+01
 Processing Data: sp525spk.mfcc; Label sp525spk.lab
 Utterance prob per frame = -7.555296e+01
 Processing Data: sp525spl.mfcc; Label sp525spl.lab
 Utterance prob per frame = -7.303847e+01
 Processing Data: sp563spk.mfcc; Label sp563spk.lab
 Utterance prob per frame = -8.248601e+01
 Processing Data: sp563spl.mfcc; Label sp563spl.lab
 Utterance prob per frame = -7.489972e+01
 Processing Data: sp021spk.mfcc; Label sp021spk.lab
 Utterance prob per frame = -7.834031e+01
 Processing Data: sp021spl.mfcc; Label sp021spl.lab
 Utterance prob per frame = -7.251100e+01
 Processing Data: sp054spk.mfcc; Label sp054spk.lab
 Utterance prob per frame = -7.570822e+01
 Processing Data: sp054spl.mfcc; Label sp054spl.lab
 Utterance prob per frame = -7.143040e+01
 Processing Data: sp093spk.mfcc; Label sp093spk.lab
 Utterance prob per frame = -7.733590e+01
 Processing Data: sp093spl.mfcc; Label sp093spl.lab
 Utterance prob per frame = -7.543728e+01
 Processing Data: sp133spk.mfcc; Label sp133spk.lab
 Utterance prob per frame = -7.768732e+01
 Processing Data: sp133spl.mfcc; Label sp133spl.lab
 Utterance prob per frame = -7.341109e+01
 Processing Data: sp178spk.mfcc; Label sp178spk.lab
 Utterance prob per frame = -6.759463e+01
 Processing Data: sp178spl.mfcc; Label sp178spl.lab
 Utterance prob per frame = -7.497022e+01
 Processing Data: sp212spk.mfcc; Label sp212spk.lab
 Utterance prob per frame = -7.951768e+01
 Processing Data: sp212spl.mfcc; Label sp212spl.lab
 Utterance prob per frame = -7.292031e+01
 Processing Data: sp249spk.mfcc; Label sp249spk.lab
 Utterance prob per frame = -8.007596e+01
 Processing Data: sp249spl.mfcc; Label sp249spl.lab
 Utterance prob per frame = -7.195286e+01
 Processing Data: sp292spk.mfcc; Label sp292spk.lab
 Utterance prob per frame = -7.640986e+01
 Processing Data: sp292spl.mfcc; Label sp292spl.lab
 Utterance prob per frame = -7.567183e+01
 Processing Data: sp334spk.mfcc; Label sp334spk.lab
 Utterance prob per frame = -7.426494e+01
 Processing Data: sp334spl.mfcc; Label sp334spl.lab
 Utterance prob per frame = -7.818101e+01
 Processing Data: sp377spk.mfcc; Label sp377spk.lab
 Utterance prob per frame = -7.350575e+01
 Processing Data: sp377spl.mfcc; Label sp377spl.lab
 Utterance prob per frame = -7.714555e+01
 Processing Data: sp419spk.mfcc; Label sp419spk.lab
 Utterance prob per frame = -8.246581e+01
 Processing Data: sp419spl.mfcc; Label sp419spl.lab
 Utterance prob per frame = -7.127656e+01
 Processing Data: sp448spk.mfcc; Label sp448spk.lab
 Utterance prob per frame = -7.219112e+01
 Processing Data: sp448spl.mfcc; Label sp448spl.lab
 Utterance prob per frame = -7.270036e+01
 Processing Data: sp489spk.mfcc; Label sp489spk.lab
 Utterance prob per frame = -7.501647e+01
 Processing Data: sp489spl.mfcc; Label sp489spl.lab
 Utterance prob per frame = -7.190008e+01
 Processing Data: sp535spk.mfcc; Label sp535spk.lab
 Utterance prob per frame = -7.720159e+01
 Processing Data: sp535spl.mfcc; Label sp535spl.lab
 Utterance prob per frame = -7.581141e+01
 Processing Data: sp571spk.mfcc; Label sp571spk.lab
 Utterance prob per frame = -7.524186e+01
 Processing Data: sp571spl.mfcc; Label sp571spl.lab
 Utterance prob per frame = -7.418141e+01
 Processing Data: sp031spk.mfcc; Label sp031spk.lab
 Utterance prob per frame = -6.931980e+01
 Processing Data: sp031spl.mfcc; Label sp031spl.lab
 Utterance prob per frame = -6.891424e+01
 Processing Data: sp066spk.mfcc; Label sp066spk.lab
 Utterance prob per frame = -7.696984e+01
 Processing Data: sp066spl.mfcc; Label sp066spl.lab
 Utterance prob per frame = -7.168471e+01
 Processing Data: sp106spk.mfcc; Label sp106spk.lab
 Utterance prob per frame = -7.507720e+01
 Processing Data: sp106spl.mfcc; Label sp106spl.lab
 Utterance prob per frame = -7.444995e+01
 Processing Data: sp151spk.mfcc; Label sp151spk.lab
 Utterance prob per frame = -7.224748e+01
 Processing Data: sp151spl.mfcc; Label sp151spl.lab
 Utterance prob per frame = -7.382569e+01
 Processing Data: sp190spk.mfcc; Label sp190spk.lab
 Utterance prob per frame = -7.829208e+01
 Processing Data: sp190spl.mfcc; Label sp190spl.lab
 Utterance prob per frame = -7.183355e+01
 Processing Data: sp226spk.mfcc; Label sp226spk.lab
 Utterance prob per frame = -7.367092e+01
 Processing Data: sp226spl.mfcc; Label sp226spl.lab
 Utterance prob per frame = -7.822324e+01
 Processing Data: sp266spk.mfcc; Label sp266spk.lab
 Utterance prob per frame = -7.034436e+01
 Processing Data: sp266spl.mfcc; Label sp266spl.lab
 Utterance prob per frame = -7.290590e+01
 Processing Data: sp306spk.mfcc; Label sp306spk.lab
 Utterance prob per frame = -7.651365e+01
 Processing Data: sp306spl.mfcc; Label sp306spl.lab
 Utterance prob per frame = -7.028655e+01
 Processing Data: sp351spk.mfcc; Label sp351spk.lab
 Utterance prob per frame = -7.346992e+01
 Processing Data: sp351spl.mfcc; Label sp351spl.lab
 Utterance prob per frame = -6.679710e+01
 Processing Data: sp389spk.mfcc; Label sp389spk.lab
 Utterance prob per frame = -7.399171e+01
 Processing Data: sp389spl.mfcc; Label sp389spl.lab
 Utterance prob per frame = -7.312245e+01
 Processing Data: sp428spk.mfcc; Label sp428spk.lab
 Utterance prob per frame = -8.176375e+01
 Processing Data: sp428spl.mfcc; Label sp428spl.lab
 Utterance prob per frame = -7.328606e+01
 Processing Data: sp460spk.mfcc; Label sp460spk.lab
 Utterance prob per frame = -7.520898e+01
 Processing Data: sp460spl.mfcc; Label sp460spl.lab
 Utterance prob per frame = -7.375558e+01
 Processing Data: sp504spk.mfcc; Label sp504spk.lab
 Utterance prob per frame = -7.769929e+01
 Processing Data: sp504spl.mfcc; Label sp504spl.lab
 Utterance prob per frame = -7.817604e+01
 Processing Data: sp546spk.mfcc; Label sp546spk.lab
 Utterance prob per frame = -7.463366e+01
 Processing Data: sp546spl.mfcc; Label sp546spl.lab
 Utterance prob per frame = -7.322077e+01
 Processing Data: sp592spk.mfcc; Label sp592spk.lab
 Utterance prob per frame = -7.561592e+01
 Processing Data: sp592spl.mfcc; Label sp592spl.lab
 Utterance prob per frame = -7.149918e+01
 Processing Data: sp006spk.mfcc; Label sp006spk.lab
 Utterance prob per frame = -7.994923e+01
 Processing Data: sp006spl.mfcc; Label sp006spl.lab
 Utterance prob per frame = -7.374942e+01
 Processing Data: sp039spk.mfcc; Label sp039spk.lab
 Utterance prob per frame = -7.694134e+01
 Processing Data: sp039spl.mfcc; Label sp039spl.lab
 Utterance prob per frame = -7.350070e+01
 Processing Data: sp080spk.mfcc; Label sp080spk.lab
 Utterance prob per frame = -7.504247e+01
 Processing Data: sp080spl.mfcc; Label sp080spl.lab
 Utterance prob per frame = -7.436918e+01
 Processing Data: sp119spk.mfcc; Label sp119spk.lab
 Utterance prob per frame = -7.650901e+01
 Processing Data: sp119spl.mfcc; Label sp119spl.lab
 Utterance prob per frame = -7.194618e+01
 Processing Data: sp163spk.mfcc; Label sp163spk.lab
 Utterance prob per frame = -7.751934e+01
 Processing Data: sp163spl.mfcc; Label sp163spl.lab
 Utterance prob per frame = -7.455899e+01
 Processing Data: sp201spk.mfcc; Label sp201spk.lab
 Utterance prob per frame = -7.840472e+01
 Processing Data: sp201spl.mfcc; Label sp201spl.lab
 Utterance prob per frame = -7.402897e+01
 Processing Data: sp237spk.mfcc; Label sp237spk.lab
 Utterance prob per frame = -7.495082e+01
 Processing Data: sp237spl.mfcc; Label sp237spl.lab
 Utterance prob per frame = -7.674874e+01
 Processing Data: sp275spk.mfcc; Label sp275spk.lab
 Utterance prob per frame = -7.665290e+01
 Processing Data: sp275spl.mfcc; Label sp275spl.lab
 Utterance prob per frame = -7.445259e+01
 Processing Data: sp318spk.mfcc; Label sp318spk.lab
 Utterance prob per frame = -7.522152e+01
 Processing Data: sp318spl.mfcc; Label sp318spl.lab
 Utterance prob per frame = -7.552924e+01
 Processing Data: sp364spk.mfcc; Label sp364spk.lab
 Utterance prob per frame = -7.430294e+01
 Processing Data: sp364spl.mfcc; Label sp364spl.lab
 Utterance prob per frame = -7.704509e+01
 Processing Data: sp406spk.mfcc; Label sp406spk.lab
 Utterance prob per frame = -7.746888e+01
 Processing Data: sp406spl.mfcc; Label sp406spl.lab
 Utterance prob per frame = -7.413866e+01
 Processing Data: sp437spk.mfcc; Label sp437spk.lab
 Utterance prob per frame = -8.098834e+01
 Processing Data: sp437spl.mfcc; Label sp437spl.lab
 Utterance prob per frame = -7.332213e+01
 Processing Data: sp476spk.mfcc; Label sp476spk.lab
 Utterance prob per frame = -7.505976e+01
 Processing Data: sp476spl.mfcc; Label sp476spl.lab
 Utterance prob per frame = -7.880508e+01
 Processing Data: sp521spk.mfcc; Label sp521spk.lab
 Utterance prob per frame = -7.645379e+01
 Processing Data: sp521spl.mfcc; Label sp521spl.lab
 Utterance prob per frame = -7.532389e+01
 Processing Data: sp560spk.mfcc; Label sp560spk.lab
 Utterance prob per frame = -8.059632e+01
 Processing Data: sp560spl.mfcc; Label sp560spl.lab
 Utterance prob per frame = -7.434594e+01
 Processing Data: sp030spk.mfcc; Label sp030spk.lab
 Utterance prob per frame = -7.860719e+01
 Processing Data: sp030spl.mfcc; Label sp030spl.lab
 Utterance prob per frame = -6.951220e+01
 Processing Data: sp063spk.mfcc; Label sp063spk.lab
 Utterance prob per frame = -8.233222e+01
 Processing Data: sp063spl.mfcc; Label sp063spl.lab
 Utterance prob per frame = -7.153052e+01
 Processing Data: sp105spk.mfcc; Label sp105spk.lab
 Utterance prob per frame = -8.179037e+01
 Processing Data: sp105spl.mfcc; Label sp105spl.lab
 Utterance prob per frame = -7.424863e+01
 Processing Data: sp150spk.mfcc; Label sp150spk.lab
 Utterance prob per frame = -8.254781e+01
 Processing Data: sp150spl.mfcc; Label sp150spl.lab
 Utterance prob per frame = -7.047559e+01
 Processing Data: sp189spk.mfcc; Label sp189spk.lab
 Utterance prob per frame = -7.552190e+01
 Processing Data: sp189spl.mfcc; Label sp189spl.lab
 Utterance prob per frame = -7.327568e+01
 Processing Data: sp225spk.mfcc; Label sp225spk.lab
 Utterance prob per frame = -7.755085e+01
 Processing Data: sp225spl.mfcc; Label sp225spl.lab
 Utterance prob per frame = -7.077219e+01
 Processing Data: sp264spk.mfcc; Label sp264spk.lab
 Utterance prob per frame = -7.314282e+01
 Processing Data: sp264spl.mfcc; Label sp264spl.lab
 Utterance prob per frame = -7.930174e+01
 Processing Data: sp305spk.mfcc; Label sp305spk.lab
 Utterance prob per frame = -7.213808e+01
 Processing Data: sp305spl.mfcc; Label sp305spl.lab
 Utterance prob per frame = -7.094559e+01
 Processing Data: sp348spk.mfcc; Label sp348spk.lab
 Utterance prob per frame = -7.661180e+01
 Processing Data: sp348spl.mfcc; Label sp348spl.lab
 Utterance prob per frame = -7.689404e+01
 Processing Data: sp387spk.mfcc; Label sp387spk.lab
 Utterance prob per frame = -8.357608e+01
 Processing Data: sp387spl.mfcc; Label sp387spl.lab
 Utterance prob per frame = -7.078862e+01
 Processing Data: sp426spk.mfcc; Label sp426spk.lab
 Utterance prob per frame = -7.873360e+01
 Processing Data: sp426spl.mfcc; Label sp426spl.lab
 Utterance prob per frame = -7.022650e+01
 Processing Data: sp459spk.mfcc; Label sp459spk.lab
 Utterance prob per frame = -7.122542e+01
 Processing Data: sp459spl.mfcc; Label sp459spl.lab
 Utterance prob per frame = -6.835232e+01
 Processing Data: sp503spk.mfcc; Label sp503spk.lab
 Utterance prob per frame = -8.006462e+01
 Processing Data: sp503spl.mfcc; Label sp503spl.lab
 Utterance prob per frame = -7.084735e+01
 Processing Data: sp545spk.mfcc; Label sp545spk.lab
 Utterance prob per frame = -7.625922e+01
 Processing Data: sp545spl.mfcc; Label sp545spl.lab
 Utterance prob per frame = -7.042239e+01
 Processing Data: sp590spk.mfcc; Label sp590spk.lab
 Utterance prob per frame = -7.424901e+01
 Processing Data: sp590spl.mfcc; Label sp590spl.lab
 Utterance prob per frame = -7.357881e+01
 Processing Data: sp034spk.mfcc; Label sp034spk.lab
 Utterance prob per frame = -7.942740e+01
 Processing Data: sp034spl.mfcc; Label sp034spl.lab
 Utterance prob per frame = -6.798432e+01
 Processing Data: sp069spk.mfcc; Label sp069spk.lab
 Utterance prob per frame = -7.697674e+01
 Processing Data: sp069spl.mfcc; Label sp069spl.lab
 Utterance prob per frame = -6.999013e+01
 Processing Data: sp109spk.mfcc; Label sp109spk.lab
 Utterance prob per frame = -7.652135e+01
 Processing Data: sp109spl.mfcc; Label sp109spl.lab
 Utterance prob per frame = -6.947858e+01
 Processing Data: sp153spk.mfcc; Label sp153spk.lab
 Utterance prob per frame = -8.246138e+01
 Processing Data: sp153spl.mfcc; Label sp153spl.lab
 Utterance prob per frame = -7.036768e+01
 Processing Data: sp194spk.mfcc; Label sp194spk.lab
 Utterance prob per frame = -7.680609e+01
 Processing Data: sp194spl.mfcc; Label sp194spl.lab
 Utterance prob per frame = -7.400603e+01
 Processing Data: sp229spk.mfcc; Label sp229spk.lab
 Utterance prob per frame = -7.397589e+01
 Processing Data: sp229spl.mfcc; Label sp229spl.lab
 Utterance prob per frame = -7.206650e+01
 Processing Data: sp269spk.mfcc; Label sp269spk.lab
 Utterance prob per frame = -8.061792e+01
 Processing Data: sp269spl.mfcc; Label sp269spl.lab
 Utterance prob per frame = -7.052613e+01
 Processing Data: sp308spk.mfcc; Label sp308spk.lab
 Utterance prob per frame = -7.150358e+01
 Processing Data: sp308spl.mfcc; Label sp308spl.lab
 Utterance prob per frame = -7.832753e+01
 Processing Data: sp355spk.mfcc; Label sp355spk.lab
 Utterance prob per frame = -7.924135e+01
 Processing Data: sp355spl.mfcc; Label sp355spl.lab
 Utterance prob per frame = -7.808712e+01
 Processing Data: sp391spk.mfcc; Label sp391spk.lab
 Utterance prob per frame = -7.369899e+01
 Processing Data: sp391spl.mfcc; Label sp391spl.lab
 Utterance prob per frame = -7.348793e+01
 Processing Data: sp431spk.mfcc; Label sp431spk.lab
 Utterance prob per frame = -7.659642e+01
 Processing Data: sp431spl.mfcc; Label sp431spl.lab
 Utterance prob per frame = -6.858624e+01
 Processing Data: sp466spk.mfcc; Label sp466spk.lab
 Utterance prob per frame = -7.849348e+01
 Processing Data: sp466spl.mfcc; Label sp466spl.lab
 Utterance prob per frame = -7.016493e+01
 Processing Data: sp514spk.mfcc; Label sp514spk.lab
 Utterance prob per frame = -7.184867e+01
 Processing Data: sp514spl.mfcc; Label sp514spl.lab
 Utterance prob per frame = -7.235026e+01
 Processing Data: sp548spk.mfcc; Label sp548spk.lab
 Utterance prob per frame = -7.539436e+01
 Processing Data: sp548spl.mfcc; Label sp548spl.lab
 Utterance prob per frame = -7.078380e+01
 Processing Data: sp594spk.mfcc; Label sp594spk.lab
 Utterance prob per frame = -8.210461e+01
 Processing Data: sp594spl.mfcc; Label sp594spl.lab
 Utterance prob per frame = -7.047377e+01
 Processing Data: sp012spk.mfcc; Label sp012spk.lab
 Utterance prob per frame = -7.171860e+01
 Processing Data: sp012spl.mfcc; Label sp012spl.lab
 Utterance prob per frame = -7.200768e+01
 Processing Data: sp047spk.mfcc; Label sp047spk.lab
 Utterance prob per frame = -7.254759e+01
 Processing Data: sp047spl.mfcc; Label sp047spl.lab
 Utterance prob per frame = -7.433896e+01
 Processing Data: sp085spk.mfcc; Label sp085spk.lab
 Utterance prob per frame = -7.749087e+01
 Processing Data: sp085spl.mfcc; Label sp085spl.lab
 Utterance prob per frame = -7.266669e+01
 Processing Data: sp125spk.mfcc; Label sp125spk.lab
 Utterance prob per frame = -7.674615e+01
 Processing Data: sp125spl.mfcc; Label sp125spl.lab
 Utterance prob per frame = -7.161610e+01
 Processing Data: sp168spk.mfcc; Label sp168spk.lab
 Utterance prob per frame = -7.947567e+01
 Processing Data: sp168spl.mfcc; Label sp168spl.lab
 Utterance prob per frame = -7.475659e+01
 Processing Data: sp206spk.mfcc; Label sp206spk.lab
 Utterance prob per frame = -7.793888e+01
 Processing Data: sp206spl.mfcc; Label sp206spl.lab
 Utterance prob per frame = -7.139900e+01
 Processing Data: sp243spk.mfcc; Label sp243spk.lab
 Utterance prob per frame = -7.447882e+01
 Processing Data: sp243spl.mfcc; Label sp243spl.lab
 Utterance prob per frame = -7.320722e+01
 Processing Data: sp281spk.mfcc; Label sp281spk.lab
 Utterance prob per frame = -7.117678e+01
 Processing Data: sp281spl.mfcc; Label sp281spl.lab
 Utterance prob per frame = -7.405412e+01
 Processing Data: sp326spk.mfcc; Label sp326spk.lab
 Utterance prob per frame = -8.361330e+01
 Processing Data: sp326spl.mfcc; Label sp326spl.lab
 Utterance prob per frame = -7.170691e+01
 Processing Data: sp368spk.mfcc; Label sp368spk.lab
 Utterance prob per frame = -7.821549e+01
 Processing Data: sp368spl.mfcc; Label sp368spl.lab
 Utterance prob per frame = -7.451129e+01
 Processing Data: sp411spk.mfcc; Label sp411spk.lab
 Utterance prob per frame = -7.676518e+01
 Processing Data: sp411spl.mfcc; Label sp411spl.lab
 Utterance prob per frame = -7.401963e+01
 Processing Data: sp441spk.mfcc; Label sp441spk.lab
 Utterance prob per frame = -7.366389e+01
 Processing Data: sp441spl.mfcc; Label sp441spl.lab
 Utterance prob per frame = -7.398689e+01
 Processing Data: sp483spk.mfcc; Label sp483spk.lab
 Utterance prob per frame = -7.166065e+01
 Processing Data: sp483spl.mfcc; Label sp483spl.lab
 Utterance prob per frame = -7.010592e+01
 Processing Data: sp527spk.mfcc; Label sp527spk.lab
 Utterance prob per frame = -7.295180e+01
 Processing Data: sp527spl.mfcc; Label sp527spl.lab
 Utterance prob per frame = -7.293508e+01
 Processing Data: sp564spk.mfcc; Label sp564spk.lab
 Utterance prob per frame = -7.864010e+01
 Processing Data: sp564spl.mfcc; Label sp564spl.lab
 Utterance prob per frame = -7.111578e+01
 Processing Data: sp002spk.mfcc; Label sp002spk.lab
 Utterance prob per frame = -8.110667e+01
 Processing Data: sp002spl.mfcc; Label sp002spl.lab
 Utterance prob per frame = -7.172361e+01
 Processing Data: sp038spk.mfcc; Label sp038spk.lab
 Utterance prob per frame = -8.181288e+01
 Processing Data: sp038spl.mfcc; Label sp038spl.lab
 Utterance prob per frame = -6.943968e+01
 Processing Data: sp079spk.mfcc; Label sp079spk.lab
 Utterance prob per frame = -8.407630e+01
 Processing Data: sp079spl.mfcc; Label sp079spl.lab
 Utterance prob per frame = -7.028212e+01
 Processing Data: sp124spk.mfcc; Label sp124spk.lab
 Utterance prob per frame = -7.906185e+01
 Processing Data: sp124spl.mfcc; Label sp124spl.lab
 Utterance prob per frame = -7.220321e+01
 Processing Data: sp173spk.mfcc; Label sp173spk.lab
 Utterance prob per frame = -7.557123e+01
 Processing Data: sp173spl.mfcc; Label sp173spl.lab
 Utterance prob per frame = -7.017179e+01
 Processing Data: sp263spk.mfcc; Label sp263spk.lab
 Utterance prob per frame = -7.361425e+01
 Processing Data: sp263spl.mfcc; Label sp263spl.lab
 Utterance prob per frame = -7.385566e+01
 Processing Data: sp295spk.mfcc; Label sp295spk.lab
 Utterance prob per frame = -7.725147e+01
 Processing Data: sp295spl.mfcc; Label sp295spl.lab
 Utterance prob per frame = -7.241355e+01
 Processing Data: sp329spk.mfcc; Label sp329spk.lab
 Utterance prob per frame = -8.271808e+01
 Processing Data: sp329spl.mfcc; Label sp329spl.lab
 Utterance prob per frame = -7.417070e+01
 Processing Data: sp370spk.mfcc; Label sp370spk.lab
 Utterance prob per frame = -7.464962e+01
 Processing Data: sp370spl.mfcc; Label sp370spl.lab
 Utterance prob per frame = -6.937587e+01
 Processing Data: sp396spk.mfcc; Label sp396spk.lab
 Utterance prob per frame = -7.495460e+01
 Processing Data: sp396spl.mfcc; Label sp396spl.lab
 Utterance prob per frame = -7.202549e+01
 Processing Data: sp461spk.mfcc; Label sp461spk.lab
 Utterance prob per frame = -6.950515e+01
 Processing Data: sp461spl.mfcc; Label sp461spl.lab
 Utterance prob per frame = -7.056759e+01
 Processing Data: sp501spk.mfcc; Label sp501spk.lab
 Utterance prob per frame = -7.658875e+01
 Processing Data: sp501spl.mfcc; Label sp501spl.lab
 Utterance prob per frame = -7.317372e+01
 Processing Data: sp522spk.mfcc; Label sp522spk.lab
 Utterance prob per frame = -7.387998e+01
 Processing Data: sp522spl.mfcc; Label sp522spl.lab
 Utterance prob per frame = -7.340530e+01
 Processing Data: sp556spk.mfcc; Label sp556spk.lab
 Utterance prob per frame = -7.163569e+01
 Processing Data: sp556spl.mfcc; Label sp556spl.lab
 Utterance prob per frame = -7.339077e+01
 Processing Data: sp029spk.mfcc; Label sp029spk.lab
 Utterance prob per frame = -7.865905e+01
 Processing Data: sp029spl.mfcc; Label sp029spl.lab
 Utterance prob per frame = -6.941610e+01
 Processing Data: sp077spk.mfcc; Label sp077spk.lab
 Utterance prob per frame = -7.854659e+01
 Processing Data: sp077spl.mfcc; Label sp077spl.lab
 Utterance prob per frame = -7.146076e+01
 Processing Data: sp123spk.mfcc; Label sp123spk.lab
 Utterance prob per frame = -8.425981e+01
 Processing Data: sp123spl.mfcc; Label sp123spl.lab
 Utterance prob per frame = -7.179501e+01
 Processing Data: sp171spk.mfcc; Label sp171spk.lab
 Utterance prob per frame = -8.278315e+01
 Processing Data: sp171spl.mfcc; Label sp171spl.lab
 Utterance prob per frame = -7.232591e+01
 Processing Data: sp207spk.mfcc; Label sp207spk.lab
 Utterance prob per frame = -7.873138e+01
 Processing Data: sp207spl.mfcc; Label sp207spl.lab
 Utterance prob per frame = -7.273859e+01
 Processing Data: sp261spk.mfcc; Label sp261spk.lab
 Utterance prob per frame = -7.990638e+01
 Processing Data: sp261spl.mfcc; Label sp261spl.lab
 Utterance prob per frame = -7.173263e+01
 Processing Data: sp293spk.mfcc; Label sp293spk.lab
 Utterance prob per frame = -7.854240e+01
 Processing Data: sp293spl.mfcc; Label sp293spl.lab
 Utterance prob per frame = -7.600853e+01
 Processing Data: sp323spk.mfcc; Label sp323spk.lab
 Utterance prob per frame = -7.984603e+01
 Processing Data: sp323spl.mfcc; Label sp323spl.lab
 Utterance prob per frame = -7.471595e+01
 Processing Data: sp365spk.mfcc; Label sp365spk.lab
 Utterance prob per frame = -7.783787e+01
 Processing Data: sp365spl.mfcc; Label sp365spl.lab
 Utterance prob per frame = -7.148238e+01
 Processing Data: sp395spk.mfcc; Label sp395spk.lab
 Utterance prob per frame = -7.580133e+01
 Processing Data: sp395spl.mfcc; Label sp395spl.lab
 Utterance prob per frame = -7.534434e+01
 Processing Data: sp457spk.mfcc; Label sp457spk.lab
 Utterance prob per frame = -7.765239e+01
 Processing Data: sp457spl.mfcc; Label sp457spl.lab
 Utterance prob per frame = -7.326191e+01
 Processing Data: sp496spk.mfcc; Label sp496spk.lab
 Utterance prob per frame = -7.467135e+01
 Processing Data: sp496spl.mfcc; Label sp496spl.lab
 Utterance prob per frame = -7.378839e+01
 Processing Data: sp520spk.mfcc; Label sp520spk.lab
 Utterance prob per frame = -7.482326e+01
 Processing Data: sp520spl.mfcc; Label sp520spl.lab
 Utterance prob per frame = -7.833854e+01
 Processing Data: sp553spk.mfcc; Label sp553spk.lab
 Utterance prob per frame = -7.981264e+01
 Processing Data: sp553spl.mfcc; Label sp553spl.lab
 Utterance prob per frame = -7.391839e+01
 Processing Data: sp597spk.mfcc; Label sp597spk.lab
 Utterance prob per frame = -8.340108e+01
 Processing Data: sp597spl.mfcc; Label sp597spl.lab
 Utterance prob per frame = -7.612131e+01
 Processing Data: sp011spk.mfcc; Label sp011spk.lab
 Utterance prob per frame = -7.778771e+01
 Processing Data: sp011spl.mfcc; Label sp011spl.lab
 Utterance prob per frame = -6.908043e+01
 Processing Data: sp060spk.mfcc; Label sp060spk.lab
 Utterance prob per frame = -7.449636e+01
 Processing Data: sp060spl.mfcc; Label sp060spl.lab
 Utterance prob per frame = -6.835194e+01
 Processing Data: sp097spk.mfcc; Label sp097spk.lab
 Utterance prob per frame = -8.015352e+01
 Processing Data: sp097spl.mfcc; Label sp097spl.lab
 Utterance prob per frame = -6.889598e+01
 Processing Data: sp135spk.mfcc; Label sp135spk.lab
 Utterance prob per frame = -7.548704e+01
 Processing Data: sp135spl.mfcc; Label sp135spl.lab
 Utterance prob per frame = -7.344188e+01
 Processing Data: sp191spk.mfcc; Label sp191spk.lab
 Utterance prob per frame = -7.490642e+01
 Processing Data: sp191spl.mfcc; Label sp191spl.lab
 Utterance prob per frame = -7.116086e+01
 Processing Data: sp227spk.mfcc; Label sp227spk.lab
 Utterance prob per frame = -7.065645e+01
 Processing Data: sp227spl.mfcc; Label sp227spl.lab
 Utterance prob per frame = -7.453670e+01
 Processing Data: sp280spk.mfcc; Label sp280spk.lab
 Utterance prob per frame = -8.075607e+01
 Processing Data: sp280spl.mfcc; Label sp280spl.lab
 Utterance prob per frame = -6.976090e+01
 Processing Data: sp311spk.mfcc; Label sp311spk.lab
 Utterance prob per frame = -7.565924e+01
 Processing Data: sp311spl.mfcc; Label sp311spl.lab
 Utterance prob per frame = -6.964018e+01
 Processing Data: sp347spk.mfcc; Label sp347spk.lab
 Utterance prob per frame = -7.230191e+01
 Processing Data: sp347spl.mfcc; Label sp347spl.lab
 Utterance prob per frame = -6.931021e+01
 Processing Data: sp383spk.mfcc; Label sp383spk.lab
 Utterance prob per frame = -8.215782e+01
 Processing Data: sp383spl.mfcc; Label sp383spl.lab
 Utterance prob per frame = -7.233375e+01
 Processing Data: sp415spk.mfcc; Label sp415spk.lab
 Utterance prob per frame = -7.966975e+01
 Processing Data: sp415spl.mfcc; Label sp415spl.lab
 Utterance prob per frame = -6.944466e+01
 Processing Data: sp480spk.mfcc; Label sp480spk.lab
 Utterance prob per frame = -7.404176e+01
 Processing Data: sp480spl.mfcc; Label sp480spl.lab
 Utterance prob per frame = -7.130353e+01
 Processing Data: sp507spk.mfcc; Label sp507spk.lab
 Utterance prob per frame = -7.495787e+01
 Processing Data: sp507spl.mfcc; Label sp507spl.lab
 Utterance prob per frame = -7.039370e+01
 Processing Data: sp534spk.mfcc; Label sp534spk.lab
 Utterance prob per frame = -7.945136e+01
 Processing Data: sp534spl.mfcc; Label sp534spl.lab
 Utterance prob per frame = -7.134056e+01
 Processing Data: sp578spk.mfcc; Label sp578spk.lab
 Utterance prob per frame = -6.793571e+01
 Processing Data: sp578spl.mfcc; Label sp578spl.lab
 Utterance prob per frame = -7.381186e+01
 Processing Data: sp011spk.mfcc; Label sp011spk.lab
 Utterance prob per frame = -7.661281e+01
 Processing Data: sp011spl.mfcc; Label sp011spl.lab
 Utterance prob per frame = -7.157451e+01
 Processing Data: sp060spk.mfcc; Label sp060spk.lab
 Utterance prob per frame = -7.425566e+01
 Processing Data: sp060spl.mfcc; Label sp060spl.lab
 Utterance prob per frame = -6.638775e+01
 Processing Data: sp097spk.mfcc; Label sp097spk.lab
 Utterance prob per frame = -7.827237e+01
 Processing Data: sp097spl.mfcc; Label sp097spl.lab
 Utterance prob per frame = -7.046822e+01
 Processing Data: sp135spk.mfcc; Label sp135spk.lab
 Utterance prob per frame = -6.936897e+01
 Processing Data: sp135spl.mfcc; Label sp135spl.lab
 Utterance prob per frame = -6.952421e+01
 Processing Data: sp191spk.mfcc; Label sp191spk.lab
 Utterance prob per frame = -7.490710e+01
 Processing Data: sp191spl.mfcc; Label sp191spl.lab
 Utterance prob per frame = -7.038311e+01
 Processing Data: sp227spk.mfcc; Label sp227spk.lab
 Utterance prob per frame = -6.816315e+01
 Processing Data: sp227spl.mfcc; Label sp227spl.lab
 Utterance prob per frame = -7.067942e+01
 Processing Data: sp280spk.mfcc; Label sp280spk.lab
 Utterance prob per frame = -7.629359e+01
 Processing Data: sp280spl.mfcc; Label sp280spl.lab
 Utterance prob per frame = -6.936275e+01
 Processing Data: sp311spk.mfcc; Label sp311spk.lab
 Utterance prob per frame = -7.253676e+01
 Processing Data: sp311spl.mfcc; Label sp311spl.lab
 Utterance prob per frame = -7.053293e+01
 Processing Data: sp347spk.mfcc; Label sp347spk.lab
 Utterance prob per frame = -7.470901e+01
 Processing Data: sp347spl.mfcc; Label sp347spl.lab
 Utterance prob per frame = -6.828104e+01
 Processing Data: sp383spk.mfcc; Label sp383spk.lab
 Utterance prob per frame = -7.377128e+01
 Processing Data: sp383spl.mfcc; Label sp383spl.lab
 Utterance prob per frame = -6.983597e+01
 Processing Data: sp415spk.mfcc; Label sp415spk.lab
 Utterance prob per frame = -7.379732e+01
 Processing Data: sp415spl.mfcc; Label sp415spl.lab
 Utterance prob per frame = -7.227911e+01
 Processing Data: sp480spk.mfcc; Label sp480spk.lab
 Utterance prob per frame = -7.261831e+01
 Processing Data: sp480spl.mfcc; Label sp480spl.lab
 Utterance prob per frame = -6.867023e+01
 Processing Data: sp507spk.mfcc; Label sp507spk.lab
 Utterance prob per frame = -7.568523e+01
 Processing Data: sp507spl.mfcc; Label sp507spl.lab
 Utterance prob per frame = -7.024043e+01
 Processing Data: sp534spk.mfcc; Label sp534spk.lab
 Utterance prob per frame = -7.400638e+01
 Processing Data: sp534spl.mfcc; Label sp534spl.lab
 Utterance prob per frame = -7.242311e+01
 Processing Data: sp578spk.mfcc; Label sp578spk.lab
 Utterance prob per frame = -7.159307e+01
 Processing Data: sp578spl.mfcc; Label sp578spl.lab
 Utterance prob per frame = -7.293581e+01
 Processing Data: sp004spk.mfcc; Label sp004spk.lab
 Utterance prob per frame = -8.038955e+01
 Processing Data: sp004spl.mfcc; Label sp004spl.lab
 Utterance prob per frame = -7.596361e+01
 Processing Data: sp046spk.mfcc; Label sp046spk.lab
 Utterance prob per frame = -7.573256e+01
 Processing Data: sp046spl.mfcc; Label sp046spl.lab
 Utterance prob per frame = -7.837149e+01
 Processing Data: sp089spk.mfcc; Label sp089spk.lab
 Utterance prob per frame = -7.729121e+01
 Processing Data: sp089spl.mfcc; Label sp089spl.lab
 Utterance prob per frame = -7.647370e+01
 Processing Data: sp131spk.mfcc; Label sp131spk.lab
 Utterance prob per frame = -8.049064e+01
 Processing Data: sp131spl.mfcc; Label sp131spl.lab
 Utterance prob per frame = -7.878404e+01
 Processing Data: sp177spk.mfcc; Label sp177spk.lab
 Utterance prob per frame = -8.066095e+01
 Processing Data: sp177spl.mfcc; Label sp177spl.lab
 Utterance prob per frame = -8.130932e+01
 Processing Data: sp218spk.mfcc; Label sp218spk.lab
 Utterance prob per frame = -7.627660e+01
 Processing Data: sp218spl.mfcc; Label sp218spl.lab
 Utterance prob per frame = -7.703288e+01
 Processing Data: sp273spk.mfcc; Label sp273spk.lab
 Utterance prob per frame = -7.362539e+01
 Processing Data: sp273spl.mfcc; Label sp273spl.lab
 Utterance prob per frame = -7.569901e+01
 Processing Data: sp300spk.mfcc; Label sp300spk.lab
 Utterance prob per frame = -7.694249e+01
 Processing Data: sp300spl.mfcc; Label sp300spl.lab
 Utterance prob per frame = -7.540500e+01
 Processing Data: sp337spk.mfcc; Label sp337spk.lab
 Utterance prob per frame = -8.289880e+01
 Processing Data: sp337spl.mfcc; Label sp337spl.lab
 Utterance prob per frame = -8.030748e+01
 Processing Data: sp376spk.mfcc; Label sp376spk.lab
 Utterance prob per frame = -7.706116e+01
 Processing Data: sp376spl.mfcc; Label sp376spl.lab
 Utterance prob per frame = -7.938677e+01
 Processing Data: sp400spk.mfcc; Label sp400spk.lab
 Utterance prob per frame = -7.829602e+01
 Processing Data: sp400spl.mfcc; Label sp400spl.lab
 Utterance prob per frame = -7.707175e+01
 Processing Data: sp464spk.mfcc; Label sp464spk.lab
 Utterance prob per frame = -7.290484e+01
 Processing Data: sp464spl.mfcc; Label sp464spl.lab
 Utterance prob per frame = -7.893649e+01
 Processing Data: sp505spk.mfcc; Label sp505spk.lab
 Utterance prob per frame = -7.683530e+01
 Processing Data: sp505spl.mfcc; Label sp505spl.lab
 Utterance prob per frame = -7.485319e+01
 Processing Data: sp526spk.mfcc; Label sp526spk.lab
 Utterance prob per frame = -7.487783e+01
 Processing Data: sp526spl.mfcc; Label sp526spl.lab
 Utterance prob per frame = -7.298611e+01
 Processing Data: sp574spk.mfcc; Label sp574spk.lab
 Utterance prob per frame = -7.763222e+01
 Processing Data: sp574spl.mfcc; Label sp574spl.lab
 Utterance prob per frame = -7.840008e+01
 Processing Data: sp022spk.mfcc; Label sp022spk.lab
 Utterance prob per frame = -6.613349e+01
 Processing Data: sp022spl.mfcc; Label sp022spl.lab
 Utterance prob per frame = -6.887398e+01
 Processing Data: sp068spk.mfcc; Label sp068spk.lab
 Utterance prob per frame = -7.210826e+01
 Processing Data: sp068spl.mfcc; Label sp068spl.lab
 Utterance prob per frame = -6.907558e+01
 Processing Data: sp116spk.mfcc; Label sp116spk.lab
 Utterance prob per frame = -7.029052e+01
 Processing Data: sp116spl.mfcc; Label sp116spl.lab
 Utterance prob per frame = -6.657358e+01
 Processing Data: sp164spk.mfcc; Label sp164spk.lab
 Utterance prob per frame = -6.978592e+01
 Processing Data: sp164spl.mfcc; Label sp164spl.lab
 Utterance prob per frame = -6.944694e+01
 Processing Data: sp197spk.mfcc; Label sp197spk.lab
 Utterance prob per frame = -8.146112e+01
 Processing Data: sp197spl.mfcc; Label sp197spl.lab
 Utterance prob per frame = -7.000061e+01
 Processing Data: sp250spk.mfcc; Label sp250spk.lab
 Utterance prob per frame = -7.031897e+01
 Processing Data: sp250spl.mfcc; Label sp250spl.lab
 Utterance prob per frame = -7.263041e+01
 Processing Data: sp285spk.mfcc; Label sp285spk.lab
 Utterance prob per frame = -7.530082e+01
 Processing Data: sp285spl.mfcc; Label sp285spl.lab
 Utterance prob per frame = -7.035815e+01
 Processing Data: sp314spk.mfcc; Label sp314spk.lab
 Utterance prob per frame = -7.163688e+01
 Processing Data: sp314spl.mfcc; Label sp314spl.lab
 Utterance prob per frame = -7.114122e+01
 Processing Data: sp359spk.mfcc; Label sp359spk.lab
 Utterance prob per frame = -7.168146e+01
 Processing Data: sp359spl.mfcc; Label sp359spl.lab
 Utterance prob per frame = -7.476099e+01
 Processing Data: sp393spk.mfcc; Label sp393spk.lab
 Utterance prob per frame = -7.209328e+01
 Processing Data: sp393spl.mfcc; Label sp393spl.lab
 Utterance prob per frame = -7.084788e+01
 Processing Data: sp447spk.mfcc; Label sp447spk.lab
 Utterance prob per frame = -6.871869e+01
 Processing Data: sp447spl.mfcc; Label sp447spl.lab
 Utterance prob per frame = -6.906033e+01
 Processing Data: sp488spk.mfcc; Label sp488spk.lab
 Utterance prob per frame = -7.216659e+01
 Processing Data: sp488spl.mfcc; Label sp488spl.lab
 Utterance prob per frame = -6.993430e+01
 Processing Data: sp512spk.mfcc; Label sp512spk.lab
 Utterance prob per frame = -6.868661e+01
 Processing Data: sp512spl.mfcc; Label sp512spl.lab
 Utterance prob per frame = -7.200886e+01
 Processing Data: sp544spk.mfcc; Label sp544spk.lab
 Utterance prob per frame = -7.150817e+01
 Processing Data: sp544spl.mfcc; Label sp544spl.lab
 Utterance prob per frame = -7.038933e+01
 Processing Data: sp585spk.mfcc; Label sp585spk.lab
 Utterance prob per frame = -7.778858e+01
 Processing Data: sp585spl.mfcc; Label sp585spl.lab
 Utterance prob per frame = -7.088731e+01
 Processing Data: sp005spk.mfcc; Label sp005spk.lab
 Utterance prob per frame = -7.438518e+01
 Processing Data: sp005spl.mfcc; Label sp005spl.lab
 Utterance prob per frame = -7.104300e+01
 Processing Data: sp055spk.mfcc; Label sp055spk.lab
 Utterance prob per frame = -7.347163e+01
 Processing Data: sp055spl.mfcc; Label sp055spl.lab
 Utterance prob per frame = -7.833084e+01
 Processing Data: sp094spk.mfcc; Label sp094spk.lab
 Utterance prob per frame = -7.697553e+01
 Processing Data: sp094spl.mfcc; Label sp094spl.lab
 Utterance prob per frame = -6.851481e+01
 Processing Data: sp134spk.mfcc; Label sp134spk.lab
 Utterance prob per frame = -7.153355e+01
 Processing Data: sp134spl.mfcc; Label sp134spl.lab
 Utterance prob per frame = -6.725522e+01
 Processing Data: sp184spk.mfcc; Label sp184spk.lab
 Utterance prob per frame = -7.705699e+01
 Processing Data: sp184spl.mfcc; Label sp184spl.lab
 Utterance prob per frame = -7.017141e+01
 Processing Data: sp219spk.mfcc; Label sp219spk.lab
 Utterance prob per frame = -7.905734e+01
 Processing Data: sp219spl.mfcc; Label sp219spl.lab
 Utterance prob per frame = -7.083183e+01
 Processing Data: sp276spk.mfcc; Label sp276spk.lab
 Utterance prob per frame = -8.164759e+01
 Processing Data: sp276spl.mfcc; Label sp276spl.lab
 Utterance prob per frame = -7.182977e+01
 Processing Data: sp304spk.mfcc; Label sp304spk.lab
 Utterance prob per frame = -7.409982e+01
 Processing Data: sp304spl.mfcc; Label sp304spl.lab
 Utterance prob per frame = -7.188127e+01
 Processing Data: sp340spk.mfcc; Label sp340spk.lab
 Utterance prob per frame = -7.848477e+01
 Processing Data: sp340spl.mfcc; Label sp340spl.lab
 Utterance prob per frame = -7.430148e+01
 Processing Data: sp378spk.mfcc; Label sp378spk.lab
 Utterance prob per frame = -7.705189e+01
 Processing Data: sp378spl.mfcc; Label sp378spl.lab
 Utterance prob per frame = -7.388772e+01
 Processing Data: sp403spk.mfcc; Label sp403spk.lab
 Utterance prob per frame = -7.971307e+01
 Processing Data: sp403spl.mfcc; Label sp403spl.lab
 Utterance prob per frame = -7.115848e+01
 Processing Data: sp475spk.mfcc; Label sp475spk.lab
 Utterance prob per frame = -7.678802e+01
 Processing Data: sp475spl.mfcc; Label sp475spl.lab
 Utterance prob per frame = -7.542253e+01
 Processing Data: sp506spk.mfcc; Label sp506spk.lab
 Utterance prob per frame = -7.604664e+01
 Processing Data: sp506spl.mfcc; Label sp506spl.lab
 Utterance prob per frame = -7.006208e+01
 Processing Data: sp530spk.mfcc; Label sp530spk.lab
 Utterance prob per frame = -7.840283e+01
 Processing Data: sp530spl.mfcc; Label sp530spl.lab
 Utterance prob per frame = -7.353657e+01
 Processing Data: sp576spk.mfcc; Label sp576spk.lab
 Utterance prob per frame = -8.530895e+01
 Processing Data: sp576spl.mfcc; Label sp576spl.lab
 Utterance prob per frame = -7.824290e+01
 Processing Data: sp022spk.mfcc; Label sp022spk.lab
 Utterance prob per frame = -7.472988e+01
 Processing Data: sp022spl.mfcc; Label sp022spl.lab
 Utterance prob per frame = -7.110023e+01
 Processing Data: sp068spk.mfcc; Label sp068spk.lab
 Utterance prob per frame = -7.255245e+01
 Processing Data: sp068spl.mfcc; Label sp068spl.lab
 Utterance prob per frame = -6.959181e+01
 Processing Data: sp116spk.mfcc; Label sp116spk.lab
 Utterance prob per frame = -7.173795e+01
 Processing Data: sp116spl.mfcc; Label sp116spl.lab
 Utterance prob per frame = -7.026036e+01
 Processing Data: sp164spk.mfcc; Label sp164spk.lab
 Utterance prob per frame = -7.696507e+01
 Processing Data: sp164spl.mfcc; Label sp164spl.lab
 Utterance prob per frame = -7.238147e+01
 Processing Data: sp197spk.mfcc; Label sp197spk.lab
 Utterance prob per frame = -7.977128e+01
 Processing Data: sp197spl.mfcc; Label sp197spl.lab
 Utterance prob per frame = -7.442124e+01
 Processing Data: sp250spk.mfcc; Label sp250spk.lab
 Utterance prob per frame = -7.248757e+01
 Processing Data: sp250spl.mfcc; Label sp250spl.lab
 Utterance prob per frame = -7.681468e+01
 Processing Data: sp285spk.mfcc; Label sp285spk.lab
 Utterance prob per frame = -7.673977e+01
 Processing Data: sp285spl.mfcc; Label sp285spl.lab
 Utterance prob per frame = -7.418505e+01
 Processing Data: sp314spk.mfcc; Label sp314spk.lab
 Utterance prob per frame = -7.464851e+01
 Processing Data: sp314spl.mfcc; Label sp314spl.lab
 Utterance prob per frame = -7.249886e+01
 Processing Data: sp359spk.mfcc; Label sp359spk.lab
 Utterance prob per frame = -7.015200e+01
 Processing Data: sp359spl.mfcc; Label sp359spl.lab
 Utterance prob per frame = -6.985486e+01
 Processing Data: sp393spk.mfcc; Label sp393spk.lab
 Utterance prob per frame = -7.909663e+01
 Processing Data: sp393spl.mfcc; Label sp393spl.lab
 Utterance prob per frame = -7.201201e+01
 Processing Data: sp447spk.mfcc; Label sp447spk.lab
 Utterance prob per frame = -6.953651e+01
 Processing Data: sp447spl.mfcc; Label sp447spl.lab
 Utterance prob per frame = -7.044058e+01
 Processing Data: sp488spk.mfcc; Label sp488spk.lab
 Utterance prob per frame = -7.798820e+01
 Processing Data: sp488spl.mfcc; Label sp488spl.lab
 Utterance prob per frame = -7.336280e+01
 Processing Data: sp512spk.mfcc; Label sp512spk.lab
 Utterance prob per frame = -7.056340e+01
 Processing Data: sp512spl.mfcc; Label sp512spl.lab
 Utterance prob per frame = -7.496473e+01
 Processing Data: sp544spk.mfcc; Label sp544spk.lab
 Utterance prob per frame = -7.239193e+01
 Processing Data: sp544spl.mfcc; Label sp544spl.lab
 Utterance prob per frame = -7.018535e+01
 Processing Data: sp585spk.mfcc; Label sp585spk.lab
 Utterance prob per frame = -7.656240e+01
 Processing Data: sp585spl.mfcc; Label sp585spl.lab
 Utterance prob per frame = -7.359477e+01
 Processing Data: sp003spk.mfcc; Label sp003spk.lab
 Utterance prob per frame = -7.154077e+01
 Processing Data: sp003spl.mfcc; Label sp003spl.lab
 Utterance prob per frame = -6.850933e+01
 Processing Data: sp040spk.mfcc; Label sp040spk.lab
 Utterance prob per frame = -7.783958e+01
 Processing Data: sp040spl.mfcc; Label sp040spl.lab
 Utterance prob per frame = -7.122882e+01
 Processing Data: sp083spk.mfcc; Label sp083spk.lab
 Utterance prob per frame = -7.053507e+01
 Processing Data: sp083spl.mfcc; Label sp083spl.lab
 Utterance prob per frame = -7.169755e+01
 Processing Data: sp126spk.mfcc; Label sp126spk.lab
 Utterance prob per frame = -8.115579e+01
 Processing Data: sp126spl.mfcc; Label sp126spl.lab
 Utterance prob per frame = -6.960109e+01
 Processing Data: sp175spk.mfcc; Label sp175spk.lab
 Utterance prob per frame = -8.110305e+01
 Processing Data: sp175spl.mfcc; Label sp175spl.lab
 Utterance prob per frame = -6.813549e+01
 Processing Data: sp216spk.mfcc; Label sp216spk.lab
 Utterance prob per frame = -8.213641e+01
 Processing Data: sp216spl.mfcc; Label sp216spl.lab
 Utterance prob per frame = -7.041040e+01
 Processing Data: sp267spk.mfcc; Label sp267spk.lab
 Utterance prob per frame = -8.229112e+01
 Processing Data: sp267spl.mfcc; Label sp267spl.lab
 Utterance prob per frame = -7.068422e+01
 Processing Data: sp298spk.mfcc; Label sp298spk.lab
 Utterance prob per frame = -7.812860e+01
 Processing Data: sp298spl.mfcc; Label sp298spl.lab
 Utterance prob per frame = -7.188487e+01
 Processing Data: sp336spk.mfcc; Label sp336spk.lab
 Utterance prob per frame = -7.917854e+01
 Processing Data: sp336spl.mfcc; Label sp336spl.lab
 Utterance prob per frame = -7.284812e+01
 Processing Data: sp375spk.mfcc; Label sp375spk.lab
 Utterance prob per frame = -7.761669e+01
 Processing Data: sp375spl.mfcc; Label sp375spl.lab
 Utterance prob per frame = -7.202619e+01
 Processing Data: sp398spk.mfcc; Label sp398spk.lab
 Utterance prob per frame = -7.623687e+01
 Processing Data: sp398spl.mfcc; Label sp398spl.lab
 Utterance prob per frame = -7.165463e+01
 Processing Data: sp463spk.mfcc; Label sp463spk.lab
 Utterance prob per frame = -7.597063e+01
 Processing Data: sp463spl.mfcc; Label sp463spl.lab
 Utterance prob per frame = -7.222451e+01
 Processing Data: sp502spk.mfcc; Label sp502spk.lab
 Utterance prob per frame = -7.362749e+01
 Processing Data: sp502spl.mfcc; Label sp502spl.lab
 Utterance prob per frame = -7.216982e+01
 Processing Data: sp524spk.mfcc; Label sp524spk.lab
 Utterance prob per frame = -8.513437e+01
 Processing Data: sp524spl.mfcc; Label sp524spl.lab
 Utterance prob per frame = -7.349041e+01
 Processing Data: sp569spk.mfcc; Label sp569spk.lab
 Utterance prob per frame = -7.616421e+01
 Processing Data: sp569spl.mfcc; Label sp569spl.lab
 Utterance prob per frame = -7.356647e+01
 Processing Data: sp004spk.mfcc; Label sp004spk.lab
 Utterance prob per frame = -7.357653e+01
 Processing Data: sp004spl.mfcc; Label sp004spl.lab
 Utterance prob per frame = -7.593793e+01
 Processing Data: sp046spk.mfcc; Label sp046spk.lab
 Utterance prob per frame = -7.586664e+01
 Processing Data: sp046spl.mfcc; Label sp046spl.lab
 Utterance prob per frame = -7.976282e+01
 Processing Data: sp089spk.mfcc; Label sp089spk.lab
 Utterance prob per frame = -7.538434e+01
 Processing Data: sp089spl.mfcc; Label sp089spl.lab
 Utterance prob per frame = -7.800741e+01
 Processing Data: sp131spk.mfcc; Label sp131spk.lab
 Utterance prob per frame = -8.463777e+01
 Processing Data: sp131spl.mfcc; Label sp131spl.lab
 Utterance prob per frame = -7.839762e+01
 Processing Data: sp177spk.mfcc; Label sp177spk.lab
 Utterance prob per frame = -7.473546e+01
 Processing Data: sp177spl.mfcc; Label sp177spl.lab
 Utterance prob per frame = -7.501741e+01
 Processing Data: sp218spk.mfcc; Label sp218spk.lab
 Utterance prob per frame = -7.625535e+01
 Processing Data: sp218spl.mfcc; Label sp218spl.lab
 Utterance prob per frame = -7.796421e+01
 Processing Data: sp273spk.mfcc; Label sp273spk.lab
 Utterance prob per frame = -7.708496e+01
 Processing Data: sp273spl.mfcc; Label sp273spl.lab
 Utterance prob per frame = -7.472730e+01
 Processing Data: sp300spk.mfcc; Label sp300spk.lab
 Utterance prob per frame = -7.638238e+01
 Processing Data: sp300spl.mfcc; Label sp300spl.lab
 Utterance prob per frame = -7.574002e+01
 Processing Data: sp337spk.mfcc; Label sp337spk.lab
 Utterance prob per frame = -8.051606e+01
 Processing Data: sp337spl.mfcc; Label sp337spl.lab
 Utterance prob per frame = -7.973132e+01
 Processing Data: sp376spk.mfcc; Label sp376spk.lab
 Utterance prob per frame = -7.553094e+01
 Processing Data: sp376spl.mfcc; Label sp376spl.lab
 Utterance prob per frame = -8.182310e+01
 Processing Data: sp400spk.mfcc; Label sp400spk.lab
 Utterance prob per frame = -8.011412e+01
 Processing Data: sp400spl.mfcc; Label sp400spl.lab
 Utterance prob per frame = -7.910259e+01
 Processing Data: sp464spk.mfcc; Label sp464spk.lab
 Utterance prob per frame = -7.290059e+01
 Processing Data: sp464spl.mfcc; Label sp464spl.lab
 Utterance prob per frame = -8.410561e+01
 Processing Data: sp505spk.mfcc; Label sp505spk.lab
 Utterance prob per frame = -7.361022e+01
 Processing Data: sp505spl.mfcc; Label sp505spl.lab
 Utterance prob per frame = -7.163798e+01
 Processing Data: sp526spk.mfcc; Label sp526spk.lab
 Utterance prob per frame = -7.381587e+01
 Processing Data: sp526spl.mfcc; Label sp526spl.lab
 Utterance prob per frame = -7.361049e+01
 Processing Data: sp574spk.mfcc; Label sp574spk.lab
 Utterance prob per frame = -7.642101e+01
 Processing Data: sp574spl.mfcc; Label sp574spl.lab
 Utterance prob per frame = -8.099223e+01
Total 687 floored variance elements in 127 different mixes
Saving hmm's to dir Current
Reestimation complete - average log prob per frame = -7.349715e+01
     - total frames seen          = 1.554810e+05
